<?xml version="1.0" encoding="UTF-8"?>
<robot generator="Robot 3.1.2 (Python 3.7.2 on win32)" generated="20211020 15:35:49.617" rpa="false">
<suite id="s1" name="Test" source="D:\Users\nusahin\Documents\GitHub\ModaNisa_Interview\TestCases\Test.robot">
<test id="s1-t1" name="deneme">
<kw name="create session firefox" library="Base" type="setup">
<kw name="Open Browser" library="SeleniumLibrary">
<doc>Opens a new browser instance to the given ``url``.</doc>
<arguments>
<arg>${todom_url}</arg>
<arg>firefox</arg>
<arg>options=add_argument("--ignore-certificate-errors");</arg>
</arguments>
<msg timestamp="20211020 15:35:51.126" level="INFO">Opening browser 'firefox' to base url 'https://todomvc.com/examples/vue/#'.</msg>
<status status="PASS" starttime="20211020 15:35:51.126" endtime="20211020 15:35:56.297"></status>
</kw>
<kw name="Maximize Browser Window" library="SeleniumLibrary">
<doc>Maximizes current browser window.</doc>
<status status="PASS" starttime="20211020 15:35:56.297" endtime="20211020 15:35:56.835"></status>
</kw>
<status status="PASS" starttime="20211020 15:35:51.126" endtime="20211020 15:35:56.835"></status>
</kw>
<kw name="Generate Random String" library="String">
<doc>Generates a string with a desired ``length`` from the given ``chars``.</doc>
<arguments>
<arg>5</arg>
<arg>[LOWER]</arg>
</arguments>
<assign>
<var>${variable}</var>
</assign>
<msg timestamp="20211020 15:35:56.836" level="INFO">${variable} = qyvjj</msg>
<status status="PASS" starttime="20211020 15:35:56.836" endtime="20211020 15:35:56.836"></status>
</kw>
<kw name="And MySteps.I write and press Key" library="MySteps">
<arguments>
<arg>${what needs to be done inputText}</arg>
<arg>${variable}</arg>
<arg>ENTER</arg>
</arguments>
<kw name="Wait Until Page Contains Element" library="SeleniumLibrary">
<doc>Waits until element ``locator`` appears on current page.</doc>
<arguments>
<arg>${elementKey}</arg>
<arg>timeout=15</arg>
<arg>error=DO NOT DISPLAYED inputText=${elementKey}</arg>
</arguments>
<status status="PASS" starttime="20211020 15:35:56.838" endtime="20211020 15:35:56.858"></status>
</kw>
<kw name="Input Text" library="SeleniumLibrary">
<doc>Types the given ``text`` into text field identified by ``locator``.</doc>
<arguments>
<arg>${what needs to be done inputText}</arg>
<arg>${variable}</arg>
</arguments>
<msg timestamp="20211020 15:35:56.859" level="INFO">Typing text 'qyvjj' into text field '//input[contains(@placeholder,'What needs to be done')]'.</msg>
<status status="PASS" starttime="20211020 15:35:56.858" endtime="20211020 15:35:56.927"></status>
</kw>
<kw name="Press Keys" library="SeleniumLibrary">
<doc>Simulates user pressing key(s) to an element or on the active browser.</doc>
<arguments>
<arg>${what needs to be done inputText}</arg>
<arg>${key}</arg>
</arguments>
<msg timestamp="20211020 15:35:56.927" level="INFO">Sending key(s) ('ENTER',) to //input[contains(@placeholder,'What needs to be done')] element.</msg>
<msg timestamp="20211020 15:35:56.940" level="INFO">Pressing special key ENTER to element.</msg>
<status status="PASS" starttime="20211020 15:35:56.927" endtime="20211020 15:35:57.224"></status>
</kw>
<kw name="Sleep" library="BuiltIn">
<doc>Pauses the test executed for the given time.</doc>
<arguments>
<arg>3s</arg>
</arguments>
<msg timestamp="20211020 15:36:00.226" level="INFO">Slept 3 seconds</msg>
<status status="PASS" starttime="20211020 15:35:57.224" endtime="20211020 15:36:00.226"></status>
</kw>
<status status="PASS" starttime="20211020 15:35:56.837" endtime="20211020 15:36:00.226"></status>
</kw>
<kw name="And MySteps.I should see variable in table" library="MySteps">
<arguments>
<arg>${variable}</arg>
</arguments>
<kw name="Get Text" library="SeleniumLibrary">
<doc>Returns the text value of element identified by ``locator``.</doc>
<arguments>
<arg>${last item}</arg>
</arguments>
<assign>
<var>${value}</var>
</assign>
<msg timestamp="20211020 15:36:00.250" level="INFO">${value} = qyvjj</msg>
<status status="PASS" starttime="20211020 15:36:00.227" endtime="20211020 15:36:00.250"></status>
</kw>
<kw name="Should Be Equal As Strings" library="BuiltIn">
<doc>Fails if objects are unequal after converting them to strings.</doc>
<arguments>
<arg>${variable}</arg>
<arg>${value}</arg>
<arg>msg=${variable} == ${value} does not Match</arg>
</arguments>
<status status="PASS" starttime="20211020 15:36:00.250" endtime="20211020 15:36:00.251"></status>
</kw>
<kw name="Wait Until Page Contains Element" library="SeleniumLibrary">
<doc>Waits until element ``locator`` appears on current page.</doc>
<arguments>
<arg>${issue count}</arg>
<arg>timeout=15</arg>
<arg>error=DO NOT DISPLAYED ${issue count}</arg>
</arguments>
<status status="PASS" starttime="20211020 15:36:00.251" endtime="20211020 15:36:00.257"></status>
</kw>
<kw name="Wait Until Page Contains Element" library="SeleniumLibrary">
<doc>Waits until element ``locator`` appears on current page.</doc>
<arguments>
<arg>${item left}</arg>
<arg>timeout=15</arg>
<arg>error=DO NOT DISPLAYED ${item left}</arg>
</arguments>
<status status="PASS" starttime="20211020 15:36:00.257" endtime="20211020 15:36:00.265"></status>
</kw>
<kw name="Wait Until Page Contains Element" library="SeleniumLibrary">
<doc>Waits until element ``locator`` appears on current page.</doc>
<arguments>
<arg>${all button}</arg>
<arg>timeout=15</arg>
<arg>error=DO NOT DISPLAYED ${all button}</arg>
</arguments>
<status status="PASS" starttime="20211020 15:36:00.265" endtime="20211020 15:36:00.271"></status>
</kw>
<status status="PASS" starttime="20211020 15:36:00.227" endtime="20211020 15:36:00.272"></status>
</kw>
<kw name="Then I click on any checkbox and see as a DONE" library="MySteps">
<arguments>
<arg>${last item checkbox}</arg>
<arg>${variable}</arg>
</arguments>
<kw name="Get Text" library="SeleniumLibrary">
<doc>Returns the text value of element identified by ``locator``.</doc>
<arguments>
<arg>${issue count}</arg>
</arguments>
<assign>
<var>${firstIssueCountBefore}</var>
</assign>
<msg timestamp="20211020 15:36:00.287" level="INFO">${firstIssueCountBefore} = 1</msg>
<status status="PASS" starttime="20211020 15:36:00.273" endtime="20211020 15:36:00.287"></status>
</kw>
<kw name="Evaluate" library="BuiltIn">
<doc>Evaluates the given expression in Python and returns the results.</doc>
<arguments>
<arg>${firstIssueCountBefore}-1</arg>
</arguments>
<assign>
<var>${firstIssueCountResponse}</var>
</assign>
<msg timestamp="20211020 15:36:00.288" level="INFO">${firstIssueCountResponse} = 0</msg>
<status status="PASS" starttime="20211020 15:36:00.287" endtime="20211020 15:36:00.288"></status>
</kw>
<kw name="Click Element" library="SeleniumLibrary">
<doc>Click element identified by ``locator``.</doc>
<arguments>
<arg>${elementKey}</arg>
</arguments>
<msg timestamp="20211020 15:36:00.288" level="INFO">Clicking element '(//*[@class='todo-list']//input[@type='checkbox'])[last()]'.</msg>
<status status="PASS" starttime="20211020 15:36:00.288" endtime="20211020 15:36:00.510"></status>
</kw>
<kw name="Get Text" library="SeleniumLibrary">
<doc>Returns the text value of element identified by ``locator``.</doc>
<arguments>
<arg>${issue count}</arg>
</arguments>
<assign>
<var>${firstIssueCountAfter}</var>
</assign>
<msg timestamp="20211020 15:36:00.526" level="INFO">${firstIssueCountAfter} = 0</msg>
<status status="PASS" starttime="20211020 15:36:00.510" endtime="20211020 15:36:00.526"></status>
</kw>
<kw name="Then BuiltIn.Should be Equal As Strings" library="BuiltIn">
<doc>Fails if objects are unequal after converting them to strings.</doc>
<arguments>
<arg>${firstIssueCountResponse}</arg>
<arg>${firstIssueCountAfter}</arg>
<arg>msg=${firstIssueCountResponse} == ${firstIssueCountAfter} does not Match</arg>
</arguments>
<msg timestamp="20211020 15:36:00.526" level="INFO">Argument types are:
&lt;class 'int'&gt;
&lt;type 'unicode'&gt;</msg>
<status status="PASS" starttime="20211020 15:36:00.526" endtime="20211020 15:36:00.526"></status>
</kw>
<kw name="Sleep" library="BuiltIn">
<doc>Pauses the test executed for the given time.</doc>
<arguments>
<arg>5s</arg>
</arguments>
<msg timestamp="20211020 15:36:05.529" level="INFO">Slept 5 seconds</msg>
<status status="PASS" starttime="20211020 15:36:00.526" endtime="20211020 15:36:05.529"></status>
</kw>
<status status="PASS" starttime="20211020 15:36:00.272" endtime="20211020 15:36:05.529"></status>
</kw>
<kw name="Generate Random String" library="String">
<doc>Generates a string with a desired ``length`` from the given ``chars``.</doc>
<arguments>
<arg>5</arg>
<arg>[LOWER]</arg>
</arguments>
<assign>
<var>${variable}</var>
</assign>
<msg timestamp="20211020 15:36:05.529" level="INFO">${variable} = ybqgm</msg>
<status status="PASS" starttime="20211020 15:36:05.529" endtime="20211020 15:36:05.529"></status>
</kw>
<kw name="And MySteps.I write and press Key" library="MySteps">
<arguments>
<arg>${what needs to be done inputText}</arg>
<arg>${variable}</arg>
<arg>ENTER</arg>
</arguments>
<kw name="Wait Until Page Contains Element" library="SeleniumLibrary">
<doc>Waits until element ``locator`` appears on current page.</doc>
<arguments>
<arg>${elementKey}</arg>
<arg>timeout=15</arg>
<arg>error=DO NOT DISPLAYED inputText=${elementKey}</arg>
</arguments>
<status status="PASS" starttime="20211020 15:36:05.530" endtime="20211020 15:36:05.540"></status>
</kw>
<kw name="Input Text" library="SeleniumLibrary">
<doc>Types the given ``text`` into text field identified by ``locator``.</doc>
<arguments>
<arg>${what needs to be done inputText}</arg>
<arg>${variable}</arg>
</arguments>
<msg timestamp="20211020 15:36:05.540" level="INFO">Typing text 'ybqgm' into text field '//input[contains(@placeholder,'What needs to be done')]'.</msg>
<status status="PASS" starttime="20211020 15:36:05.540" endtime="20211020 15:36:05.574"></status>
</kw>
<kw name="Press Keys" library="SeleniumLibrary">
<doc>Simulates user pressing key(s) to an element or on the active browser.</doc>
<arguments>
<arg>${what needs to be done inputText}</arg>
<arg>${key}</arg>
</arguments>
<msg timestamp="20211020 15:36:05.575" level="INFO">Sending key(s) ('ENTER',) to //input[contains(@placeholder,'What needs to be done')] element.</msg>
<msg timestamp="20211020 15:36:05.585" level="INFO">Pressing special key ENTER to element.</msg>
<status status="PASS" starttime="20211020 15:36:05.575" endtime="20211020 15:36:05.865"></status>
</kw>
<kw name="Sleep" library="BuiltIn">
<doc>Pauses the test executed for the given time.</doc>
<arguments>
<arg>3s</arg>
</arguments>
<msg timestamp="20211020 15:36:08.865" level="INFO">Slept 3 seconds</msg>
<status status="PASS" starttime="20211020 15:36:05.865" endtime="20211020 15:36:08.865"></status>
</kw>
<status status="PASS" starttime="20211020 15:36:05.530" endtime="20211020 15:36:08.865"></status>
</kw>
<kw name="And MySteps.I should see variable in table" library="MySteps">
<arguments>
<arg>${variable}</arg>
</arguments>
<kw name="Get Text" library="SeleniumLibrary">
<doc>Returns the text value of element identified by ``locator``.</doc>
<arguments>
<arg>${last item}</arg>
</arguments>
<assign>
<var>${value}</var>
</assign>
<msg timestamp="20211020 15:36:08.884" level="INFO">${value} = ybqgm</msg>
<status status="PASS" starttime="20211020 15:36:08.866" endtime="20211020 15:36:08.884"></status>
</kw>
<kw name="Should Be Equal As Strings" library="BuiltIn">
<doc>Fails if objects are unequal after converting them to strings.</doc>
<arguments>
<arg>${variable}</arg>
<arg>${value}</arg>
<arg>msg=${variable} == ${value} does not Match</arg>
</arguments>
<status status="PASS" starttime="20211020 15:36:08.884" endtime="20211020 15:36:08.885"></status>
</kw>
<kw name="Wait Until Page Contains Element" library="SeleniumLibrary">
<doc>Waits until element ``locator`` appears on current page.</doc>
<arguments>
<arg>${issue count}</arg>
<arg>timeout=15</arg>
<arg>error=DO NOT DISPLAYED ${issue count}</arg>
</arguments>
<status status="PASS" starttime="20211020 15:36:08.885" endtime="20211020 15:36:08.892"></status>
</kw>
<kw name="Wait Until Page Contains Element" library="SeleniumLibrary">
<doc>Waits until element ``locator`` appears on current page.</doc>
<arguments>
<arg>${item left}</arg>
<arg>timeout=15</arg>
<arg>error=DO NOT DISPLAYED ${item left}</arg>
</arguments>
<status status="PASS" starttime="20211020 15:36:08.893" endtime="20211020 15:36:08.902"></status>
</kw>
<kw name="Wait Until Page Contains Element" library="SeleniumLibrary">
<doc>Waits until element ``locator`` appears on current page.</doc>
<arguments>
<arg>${all button}</arg>
<arg>timeout=15</arg>
<arg>error=DO NOT DISPLAYED ${all button}</arg>
</arguments>
<status status="PASS" starttime="20211020 15:36:08.902" endtime="20211020 15:36:08.910"></status>
</kw>
<status status="PASS" starttime="20211020 15:36:08.866" endtime="20211020 15:36:08.911"></status>
</kw>
<kw name="Then I click on any checkbox and see as a DONE" library="MySteps">
<arguments>
<arg>${last item checkbox}</arg>
<arg>${variable}</arg>
</arguments>
<kw name="Get Text" library="SeleniumLibrary">
<doc>Returns the text value of element identified by ``locator``.</doc>
<arguments>
<arg>${issue count}</arg>
</arguments>
<assign>
<var>${firstIssueCountBefore}</var>
</assign>
<msg timestamp="20211020 15:36:08.929" level="INFO">${firstIssueCountBefore} = 1</msg>
<status status="PASS" starttime="20211020 15:36:08.912" endtime="20211020 15:36:08.929"></status>
</kw>
<kw name="Evaluate" library="BuiltIn">
<doc>Evaluates the given expression in Python and returns the results.</doc>
<arguments>
<arg>${firstIssueCountBefore}-1</arg>
</arguments>
<assign>
<var>${firstIssueCountResponse}</var>
</assign>
<msg timestamp="20211020 15:36:08.929" level="INFO">${firstIssueCountResponse} = 0</msg>
<status status="PASS" starttime="20211020 15:36:08.929" endtime="20211020 15:36:08.929"></status>
</kw>
<kw name="Click Element" library="SeleniumLibrary">
<doc>Click element identified by ``locator``.</doc>
<arguments>
<arg>${elementKey}</arg>
</arguments>
<msg timestamp="20211020 15:36:08.930" level="INFO">Clicking element '(//*[@class='todo-list']//input[@type='checkbox'])[last()]'.</msg>
<status status="PASS" starttime="20211020 15:36:08.929" endtime="20211020 15:36:09.155"></status>
</kw>
<kw name="Get Text" library="SeleniumLibrary">
<doc>Returns the text value of element identified by ``locator``.</doc>
<arguments>
<arg>${issue count}</arg>
</arguments>
<assign>
<var>${firstIssueCountAfter}</var>
</assign>
<msg timestamp="20211020 15:36:09.170" level="INFO">${firstIssueCountAfter} = 0</msg>
<status status="PASS" starttime="20211020 15:36:09.155" endtime="20211020 15:36:09.171"></status>
</kw>
<kw name="Then BuiltIn.Should be Equal As Strings" library="BuiltIn">
<doc>Fails if objects are unequal after converting them to strings.</doc>
<arguments>
<arg>${firstIssueCountResponse}</arg>
<arg>${firstIssueCountAfter}</arg>
<arg>msg=${firstIssueCountResponse} == ${firstIssueCountAfter} does not Match</arg>
</arguments>
<msg timestamp="20211020 15:36:09.171" level="INFO">Argument types are:
&lt;class 'int'&gt;
&lt;type 'unicode'&gt;</msg>
<status status="PASS" starttime="20211020 15:36:09.171" endtime="20211020 15:36:09.171"></status>
</kw>
<kw name="Sleep" library="BuiltIn">
<doc>Pauses the test executed for the given time.</doc>
<arguments>
<arg>5s</arg>
</arguments>
<msg timestamp="20211020 15:36:14.174" level="INFO">Slept 5 seconds</msg>
<status status="PASS" starttime="20211020 15:36:09.172" endtime="20211020 15:36:14.174"></status>
</kw>
<status status="PASS" starttime="20211020 15:36:08.912" endtime="20211020 15:36:14.174"></status>
</kw>
<kw name="Generate Random String" library="String">
<doc>Generates a string with a desired ``length`` from the given ``chars``.</doc>
<arguments>
<arg>5</arg>
<arg>[LOWER]</arg>
</arguments>
<assign>
<var>${variable}</var>
</assign>
<msg timestamp="20211020 15:36:14.175" level="INFO">${variable} = wnxip</msg>
<status status="PASS" starttime="20211020 15:36:14.175" endtime="20211020 15:36:14.175"></status>
</kw>
<kw name="And MySteps.I write and press Key" library="MySteps">
<arguments>
<arg>${what needs to be done inputText}</arg>
<arg>${variable}</arg>
<arg>ENTER</arg>
</arguments>
<kw name="Wait Until Page Contains Element" library="SeleniumLibrary">
<doc>Waits until element ``locator`` appears on current page.</doc>
<arguments>
<arg>${elementKey}</arg>
<arg>timeout=15</arg>
<arg>error=DO NOT DISPLAYED inputText=${elementKey}</arg>
</arguments>
<status status="PASS" starttime="20211020 15:36:14.177" endtime="20211020 15:36:14.185"></status>
</kw>
<kw name="Input Text" library="SeleniumLibrary">
<doc>Types the given ``text`` into text field identified by ``locator``.</doc>
<arguments>
<arg>${what needs to be done inputText}</arg>
<arg>${variable}</arg>
</arguments>
<msg timestamp="20211020 15:36:14.185" level="INFO">Typing text 'wnxip' into text field '//input[contains(@placeholder,'What needs to be done')]'.</msg>
<status status="PASS" starttime="20211020 15:36:14.185" endtime="20211020 15:36:14.215"></status>
</kw>
<kw name="Press Keys" library="SeleniumLibrary">
<doc>Simulates user pressing key(s) to an element or on the active browser.</doc>
<arguments>
<arg>${what needs to be done inputText}</arg>
<arg>${key}</arg>
</arguments>
<msg timestamp="20211020 15:36:14.216" level="INFO">Sending key(s) ('ENTER',) to //input[contains(@placeholder,'What needs to be done')] element.</msg>
<msg timestamp="20211020 15:36:14.225" level="INFO">Pressing special key ENTER to element.</msg>
<status status="PASS" starttime="20211020 15:36:14.215" endtime="20211020 15:36:14.502"></status>
</kw>
<kw name="Sleep" library="BuiltIn">
<doc>Pauses the test executed for the given time.</doc>
<arguments>
<arg>3s</arg>
</arguments>
<msg timestamp="20211020 15:36:17.504" level="INFO">Slept 3 seconds</msg>
<status status="PASS" starttime="20211020 15:36:14.503" endtime="20211020 15:36:17.504"></status>
</kw>
<status status="PASS" starttime="20211020 15:36:14.176" endtime="20211020 15:36:17.504"></status>
</kw>
<kw name="And MySteps.I should see variable in table" library="MySteps">
<arguments>
<arg>${variable}</arg>
</arguments>
<kw name="Get Text" library="SeleniumLibrary">
<doc>Returns the text value of element identified by ``locator``.</doc>
<arguments>
<arg>${last item}</arg>
</arguments>
<assign>
<var>${value}</var>
</assign>
<msg timestamp="20211020 15:36:17.523" level="INFO">${value} = wnxip</msg>
<status status="PASS" starttime="20211020 15:36:17.505" endtime="20211020 15:36:17.523"></status>
</kw>
<kw name="Should Be Equal As Strings" library="BuiltIn">
<doc>Fails if objects are unequal after converting them to strings.</doc>
<arguments>
<arg>${variable}</arg>
<arg>${value}</arg>
<arg>msg=${variable} == ${value} does not Match</arg>
</arguments>
<status status="PASS" starttime="20211020 15:36:17.523" endtime="20211020 15:36:17.524"></status>
</kw>
<kw name="Wait Until Page Contains Element" library="SeleniumLibrary">
<doc>Waits until element ``locator`` appears on current page.</doc>
<arguments>
<arg>${issue count}</arg>
<arg>timeout=15</arg>
<arg>error=DO NOT DISPLAYED ${issue count}</arg>
</arguments>
<status status="PASS" starttime="20211020 15:36:17.524" endtime="20211020 15:36:17.533"></status>
</kw>
<kw name="Wait Until Page Contains Element" library="SeleniumLibrary">
<doc>Waits until element ``locator`` appears on current page.</doc>
<arguments>
<arg>${item left}</arg>
<arg>timeout=15</arg>
<arg>error=DO NOT DISPLAYED ${item left}</arg>
</arguments>
<status status="PASS" starttime="20211020 15:36:17.533" endtime="20211020 15:36:17.541"></status>
</kw>
<kw name="Wait Until Page Contains Element" library="SeleniumLibrary">
<doc>Waits until element ``locator`` appears on current page.</doc>
<arguments>
<arg>${all button}</arg>
<arg>timeout=15</arg>
<arg>error=DO NOT DISPLAYED ${all button}</arg>
</arguments>
<status status="PASS" starttime="20211020 15:36:17.541" endtime="20211020 15:36:17.549"></status>
</kw>
<status status="PASS" starttime="20211020 15:36:17.505" endtime="20211020 15:36:17.549"></status>
</kw>
<kw name="Then I click on any checkbox and see as a DONE" library="MySteps">
<arguments>
<arg>${last item checkbox}</arg>
<arg>${variable}</arg>
</arguments>
<kw name="Get Text" library="SeleniumLibrary">
<doc>Returns the text value of element identified by ``locator``.</doc>
<arguments>
<arg>${issue count}</arg>
</arguments>
<assign>
<var>${firstIssueCountBefore}</var>
</assign>
<msg timestamp="20211020 15:36:17.569" level="INFO">${firstIssueCountBefore} = 1</msg>
<status status="PASS" starttime="20211020 15:36:17.550" endtime="20211020 15:36:17.569"></status>
</kw>
<kw name="Evaluate" library="BuiltIn">
<doc>Evaluates the given expression in Python and returns the results.</doc>
<arguments>
<arg>${firstIssueCountBefore}-1</arg>
</arguments>
<assign>
<var>${firstIssueCountResponse}</var>
</assign>
<msg timestamp="20211020 15:36:17.570" level="INFO">${firstIssueCountResponse} = 0</msg>
<status status="PASS" starttime="20211020 15:36:17.569" endtime="20211020 15:36:17.570"></status>
</kw>
<kw name="Click Element" library="SeleniumLibrary">
<doc>Click element identified by ``locator``.</doc>
<arguments>
<arg>${elementKey}</arg>
</arguments>
<msg timestamp="20211020 15:36:17.570" level="INFO">Clicking element '(//*[@class='todo-list']//input[@type='checkbox'])[last()]'.</msg>
<status status="PASS" starttime="20211020 15:36:17.570" endtime="20211020 15:36:17.797"></status>
</kw>
<kw name="Get Text" library="SeleniumLibrary">
<doc>Returns the text value of element identified by ``locator``.</doc>
<arguments>
<arg>${issue count}</arg>
</arguments>
<assign>
<var>${firstIssueCountAfter}</var>
</assign>
<msg timestamp="20211020 15:36:17.817" level="INFO">${firstIssueCountAfter} = 0</msg>
<status status="PASS" starttime="20211020 15:36:17.797" endtime="20211020 15:36:17.817"></status>
</kw>
<kw name="Then BuiltIn.Should be Equal As Strings" library="BuiltIn">
<doc>Fails if objects are unequal after converting them to strings.</doc>
<arguments>
<arg>${firstIssueCountResponse}</arg>
<arg>${firstIssueCountAfter}</arg>
<arg>msg=${firstIssueCountResponse} == ${firstIssueCountAfter} does not Match</arg>
</arguments>
<msg timestamp="20211020 15:36:17.818" level="INFO">Argument types are:
&lt;class 'int'&gt;
&lt;type 'unicode'&gt;</msg>
<status status="PASS" starttime="20211020 15:36:17.817" endtime="20211020 15:36:17.818"></status>
</kw>
<kw name="Sleep" library="BuiltIn">
<doc>Pauses the test executed for the given time.</doc>
<arguments>
<arg>5s</arg>
</arguments>
<msg timestamp="20211020 15:36:22.820" level="INFO">Slept 5 seconds</msg>
<status status="PASS" starttime="20211020 15:36:17.818" endtime="20211020 15:36:22.820"></status>
</kw>
<status status="PASS" starttime="20211020 15:36:17.550" endtime="20211020 15:36:22.820"></status>
</kw>
<kw name="When click element" library="SeleniumLibrary">
<doc>Click element identified by ``locator``.</doc>
<arguments>
<arg>${clear all button}</arg>
</arguments>
<msg timestamp="20211020 15:36:22.821" level="INFO">Clicking element '//button[@class='clear-completed']'.</msg>
<status status="PASS" starttime="20211020 15:36:22.821" endtime="20211020 15:36:23.044"></status>
</kw>
<kw name="Then Page should not contain element" library="SeleniumLibrary">
<doc>Verifies that element ``locator`` is found on the current page.</doc>
<arguments>
<arg>${item left}</arg>
</arguments>
<kw name="Capture Page Screenshot" library="SeleniumLibrary">
<doc>Takes screenshot of the current page and embeds it into log file.</doc>
<msg timestamp="20211020 15:36:23.143" level="INFO" html="yes">&lt;/td&gt;&lt;/tr&gt;&lt;tr&gt;&lt;td colspan="3"&gt;&lt;a href="selenium-screenshot-9.png"&gt;&lt;img src="selenium-screenshot-9.png" width="800px"&gt;&lt;/a&gt;</msg>
<status status="PASS" starttime="20211020 15:36:23.061" endtime="20211020 15:36:23.143"></status>
</kw>
<msg timestamp="20211020 15:36:23.146" level="FAIL">Page should not have contained element '//span[@class='todo-count']/descendant-or-self::span[contains(text(),'items left') or contains(text(),'item left')]'.</msg>
<status status="FAIL" starttime="20211020 15:36:23.045" endtime="20211020 15:36:23.147"></status>
</kw>
<kw name="close session" library="Base" type="teardown">
<kw name="Close All Browsers" library="SeleniumLibrary">
<doc>Closes all open browsers and resets the browser cache.</doc>
<status status="PASS" starttime="20211020 15:36:23.148" endtime="20211020 15:36:24.550"></status>
</kw>
<status status="PASS" starttime="20211020 15:36:23.147" endtime="20211020 15:36:24.551"></status>
</kw>
<status status="FAIL" starttime="20211020 15:35:51.125" endtime="20211020 15:36:24.551" critical="yes">Page should not have contained element '//span[@class='todo-count']/descendant-or-self::span[contains(text(),'items left') or contains(text(),'item left')]'.</status>
</test>
<status status="FAIL" starttime="20211020 15:35:49.620" endtime="20211020 15:36:24.553"></status>
</suite>
<statistics>
<total>
<stat pass="0" fail="1">Critical Tests</stat>
<stat pass="0" fail="1">All Tests</stat>
</total>
<tag>
</tag>
<suite>
<stat pass="0" fail="1" id="s1" name="Test">Test</stat>
</suite>
</statistics>
<errors>
<msg timestamp="20211020 15:35:50.043" level="ERROR">Error in file 'D:\Users\nusahin\Documents\GitHub\ModaNisa_Interview\TestCases\Test.robot': Importing test library 'RequestLibrary' failed: ModuleNotFoundError: No module named 'RequestLibrary'
Traceback (most recent call last):
  None
PYTHONPATH:
  D:\Users\nusahin\Documents\GitHub\ModaNisa_Interview
  C:\Program Files (x86)\testerq\Python\Lib\http
  C:\Program Files (x86)\testerq\python\python37.zip
  C:\Program Files (x86)\testerq\python\DLLs
  C:\Program Files (x86)\testerq\python\lib
  C:\Program Files (x86)\testerq\python
  D:\Users\nusahin\AppData\Roaming\Python\Python37\site-packages
  C:\Program Files (x86)\testerq\python\lib\site-packages
  C:\Program Files (x86)\testerq\python\lib\site-packages\robotframework_openstflibrary-0.1.1-py3.7.egg
  C:\Program Files (x86)\testerq\python\lib\site-packages\pyswagger-0.8.39-py3.7.egg
  C:\Program Files (x86)\testerq\python\lib\site-packages\validate_email-1.3-py3.7.egg
  C:\Program Files (x86)\testerq\python\lib\site-packages\pyaml-18.11.0-py3.7.egg
  C:\Program Files (x86)\testerq\python\lib\site-packages\pyyaml-4.2b4-py3.7-win32.egg
  C:\Program Files (x86)\testerq\python\lib\site-packages\robotframework_requests-0.5.0-py3.7.egg
  C:\Program Files (x86)\testerq\python\lib\site-packages\idna-2.8-py3.7.egg
  C:\Program Files (x86)\testerq\python\lib\site-packages\chardet-3.0.4-py3.7.egg
  C:\Program Files (x86)\testerq\python\lib\site-packages\certifi-2018.11.29-py3.7.egg
  C:\Program Files (x86)\testerq\python\lib\site-packages\robotframework_jsonlibrary-0.2-py3.7.egg
  C:\Program Files (x86)\testerq\python\lib\site-packages\coverage-5.0a4-py3.7-win32.egg
  C:\Program Files (x86)\testerq\python\lib\site-packages\tox-3.6.1-py3.7.egg
  C:\Program Files (x86)\testerq\python\lib\site-packages\virtualenv-16.2.0-py3.7.egg
  C:\Program Files (x86)\testerq\python\lib\site-packages\toml-0.10.0-py3.7.egg
  C:\Program Files (x86)\testerq\python\lib\site-packages\py-1.7.0-py3.7.egg
  C:\Program Files (x86)\testerq\python\lib\site-packages\filelock-3.0.10-py3.7.egg
  C:\Program Files (x86)\testerq\python\lib\site-packages\robotframework_csvlibrary-0.0.2-py3.7.egg
  C:\Program Files (x86)\testerq\python\lib\site-packages\robotframework_stublibrary-0.1.5-py3.7.egg
  C:\Program Files (x86)\testerq\python\lib\site-packages\gevent-1.5a1-py3.7-win32.egg
  C:\Program Files (x86)\testerq\python\lib\site-packages\allpairspy-2.5.0-py3.7.egg
  C:\Program Files (x86)\testerq\python\lib\site-packages\jsonpointer-2.0-py3.7.egg
  C:\Program Files (x86)\testerq\python\lib\site-packages\falcon_multipart-0.2.0-py3.7.egg
  C:\Program Files (x86)\testerq\python\lib\site-packages\jsonpatch-1.24-py3.7.egg
  C:\Program Files (x86)\testerq\python\lib\site-packages\webtest-2.0.33-py3.7.egg
  C:\Program Files (x86)\testerq\python\lib\site-packages\psutil-5.6.3-py3.7-win32.egg
  C:\Program Files (x86)\testerq\python\lib\site-packages\greenlet-0.4.15-py3.7-win32.egg
  C:\Program Files (x86)\testerq\python\lib\site-packages\cffi-1.12.3-py3.7-win32.egg
  C:\Program Files (x86)\testerq\python\lib\site-packages\waitress-1.3.0-py3.7.egg
  C:\Program Files (x86)\testerq\python\lib\site-packages\beautifulsoup4-4.8.0-py3.7.egg
  C:\Program Files (x86)\testerq\python\lib\site-packages\webob-1.8.5-py3.7.egg
  C:\Program Files (x86)\testerq\python\lib\site-packages\pycparser-2.19-py3.7.egg
  C:\Program Files (x86)\testerq\python\lib\site-packages\soupsieve-1.9.2-py3.7.egg
  C:\Program Files (x86)\testerq\python\lib\site-packages\win32
  C:\Program Files (x86)\testerq\python\lib\site-packages\win32\lib
  C:\Program Files (x86)\testerq\python\lib\site-packages\Pythonwin</msg>
<msg timestamp="20211020 15:35:50.075" level="WARN">Imported resource file 'D:\Users\nusahin\Documents\GitHub\ModaNisa_Interview\Resources\Config\Pages\Login.robot' is empty.</msg>
</errors>
</robot>
