<?xml version="1.0" encoding="UTF-8"?>
<robot generator="Robot 3.1.2 (Python 3.7.2 on win32)" generated="20211021 10:32:58.567" rpa="false">
<suite id="s1" name="Test" source="D:\Users\nusahin\Documents\GitHub\ModaNisa_Interview\TestCases\Test.robot">
<test id="s1-t1" name="deneme">
<kw name="create session firefox" library="Base" type="setup">
<kw name="Open Browser" library="SeleniumLibrary">
<doc>Opens a new browser instance to the given ``url``.</doc>
<arguments>
<arg>${todom_url}</arg>
<arg>firefox</arg>
<arg>options=add_argument("--ignore-certificate-errors");</arg>
</arguments>
<msg timestamp="20211021 10:33:01.095" level="INFO">Opening browser 'firefox' to base url 'https://todomvc.com/examples/vue/#'.</msg>
<status status="PASS" starttime="20211021 10:33:01.095" endtime="20211021 10:33:06.325"></status>
</kw>
<kw name="Maximize Browser Window" library="SeleniumLibrary">
<doc>Maximizes current browser window.</doc>
<status status="PASS" starttime="20211021 10:33:06.326" endtime="20211021 10:33:06.603"></status>
</kw>
<status status="PASS" starttime="20211021 10:33:01.094" endtime="20211021 10:33:06.603"></status>
</kw>
<kw name="Generate Random String" library="String">
<doc>Generates a string with a desired ``length`` from the given ``chars``.</doc>
<arguments>
<arg>5</arg>
<arg>[LOWER]</arg>
</arguments>
<assign>
<var>${firstVariable}</var>
</assign>
<msg timestamp="20211021 10:33:06.604" level="INFO">${firstVariable} = hetmh</msg>
<status status="PASS" starttime="20211021 10:33:06.604" endtime="20211021 10:33:06.604"></status>
</kw>
<kw name="And MySteps.I write and press Key" library="MySteps">
<arguments>
<arg>${what needs to be done inputText}</arg>
<arg>${firstVariable}</arg>
<arg>ENTER</arg>
</arguments>
<kw name="Wait Until Page Contains Element" library="SeleniumLibrary">
<doc>Waits until element ``locator`` appears on current page.</doc>
<arguments>
<arg>${elementKey}</arg>
<arg>timeout=15</arg>
<arg>error=DO NOT DISPLAYED inputText=${elementKey}</arg>
</arguments>
<status status="PASS" starttime="20211021 10:33:06.605" endtime="20211021 10:33:06.621"></status>
</kw>
<kw name="Input Text" library="SeleniumLibrary">
<doc>Types the given ``text`` into text field identified by ``locator``.</doc>
<arguments>
<arg>${what needs to be done inputText}</arg>
<arg>${variable}</arg>
</arguments>
<msg timestamp="20211021 10:33:06.621" level="INFO">Typing text 'hetmh' into text field '//input[contains(@placeholder,'What needs to be done')]'.</msg>
<status status="PASS" starttime="20211021 10:33:06.621" endtime="20211021 10:33:06.658"></status>
</kw>
<kw name="Press Keys" library="SeleniumLibrary">
<doc>Simulates user pressing key(s) to an element or on the active browser.</doc>
<arguments>
<arg>${what needs to be done inputText}</arg>
<arg>${key}</arg>
</arguments>
<msg timestamp="20211021 10:33:06.660" level="INFO">Sending key(s) ('ENTER',) to //input[contains(@placeholder,'What needs to be done')] element.</msg>
<msg timestamp="20211021 10:33:06.669" level="INFO">Pressing special key ENTER to element.</msg>
<status status="PASS" starttime="20211021 10:33:06.658" endtime="20211021 10:33:06.940"></status>
</kw>
<kw name="Sleep" library="BuiltIn">
<doc>Pauses the test executed for the given time.</doc>
<arguments>
<arg>3s</arg>
</arguments>
<msg timestamp="20211021 10:33:09.940" level="INFO">Slept 3 seconds</msg>
<status status="PASS" starttime="20211021 10:33:06.940" endtime="20211021 10:33:09.940"></status>
</kw>
<status status="PASS" starttime="20211021 10:33:06.605" endtime="20211021 10:33:09.940"></status>
</kw>
<kw name="And I should see VARIABLE in ELEMENTKEY" library="MySteps">
<arguments>
<arg>${firstVariable}</arg>
<arg>${last item}</arg>
</arguments>
<kw name="Element Should Contain" library="SeleniumLibrary">
<doc>Verifies that element ``locator`` contains text ``expected``.</doc>
<arguments>
<arg>${elementKey}</arg>
<arg>${variable}</arg>
</arguments>
<msg timestamp="20211021 10:33:09.963" level="INFO">Element '(//*[@class='todo-list']//label)[last()]' contains text 'hetmh'.</msg>
<status status="PASS" starttime="20211021 10:33:09.941" endtime="20211021 10:33:09.963"></status>
</kw>
<status status="PASS" starttime="20211021 10:33:09.941" endtime="20211021 10:33:09.963"></status>
</kw>
<kw name="Then I click on any checkbox and see as a DONE" library="MySteps">
<arguments>
<arg>${last item checkbox}</arg>
<arg>${firstVariable}</arg>
</arguments>
<kw name="Get Text" library="SeleniumLibrary">
<doc>Returns the text value of element identified by ``locator``.</doc>
<arguments>
<arg>${issue count}</arg>
</arguments>
<assign>
<var>${firstIssueCountBefore}</var>
</assign>
<msg timestamp="20211021 10:33:09.978" level="INFO">${firstIssueCountBefore} = 1</msg>
<status status="PASS" starttime="20211021 10:33:09.964" endtime="20211021 10:33:09.978"></status>
</kw>
<kw name="Evaluate" library="BuiltIn">
<doc>Evaluates the given expression in Python and returns the results.</doc>
<arguments>
<arg>${firstIssueCountBefore}-1</arg>
</arguments>
<assign>
<var>${firstIssueCountResponse}</var>
</assign>
<msg timestamp="20211021 10:33:09.979" level="INFO">${firstIssueCountResponse} = 0</msg>
<status status="PASS" starttime="20211021 10:33:09.979" endtime="20211021 10:33:09.979"></status>
</kw>
<kw name="Click Element" library="SeleniumLibrary">
<doc>Click element identified by ``locator``.</doc>
<arguments>
<arg>${elementKey}</arg>
</arguments>
<msg timestamp="20211021 10:33:09.979" level="INFO">Clicking element '(//*[@class='todo-list']//input[@type='checkbox'])[last()]'.</msg>
<status status="PASS" starttime="20211021 10:33:09.979" endtime="20211021 10:33:10.213"></status>
</kw>
<kw name="Get Text" library="SeleniumLibrary">
<doc>Returns the text value of element identified by ``locator``.</doc>
<arguments>
<arg>${issue count}</arg>
</arguments>
<assign>
<var>${firstIssueCountAfter}</var>
</assign>
<msg timestamp="20211021 10:33:10.229" level="INFO">${firstIssueCountAfter} = 0</msg>
<status status="PASS" starttime="20211021 10:33:10.213" endtime="20211021 10:33:10.229"></status>
</kw>
<kw name="Then BuiltIn.Should be Equal As Strings" library="BuiltIn">
<doc>Fails if objects are unequal after converting them to strings.</doc>
<arguments>
<arg>${firstIssueCountResponse}</arg>
<arg>${firstIssueCountAfter}</arg>
<arg>msg=${firstIssueCountResponse} == ${firstIssueCountAfter} does not Match</arg>
</arguments>
<msg timestamp="20211021 10:33:10.230" level="INFO">Argument types are:
&lt;class 'int'&gt;
&lt;type 'unicode'&gt;</msg>
<status status="PASS" starttime="20211021 10:33:10.229" endtime="20211021 10:33:10.230"></status>
</kw>
<kw name="Sleep" library="BuiltIn">
<doc>Pauses the test executed for the given time.</doc>
<arguments>
<arg>5s</arg>
</arguments>
<msg timestamp="20211021 10:33:15.232" level="INFO">Slept 5 seconds</msg>
<status status="PASS" starttime="20211021 10:33:10.230" endtime="20211021 10:33:15.232"></status>
</kw>
<status status="PASS" starttime="20211021 10:33:09.963" endtime="20211021 10:33:15.232"></status>
</kw>
<kw name="Generate Random String" library="String">
<doc>Generates a string with a desired ``length`` from the given ``chars``.</doc>
<arguments>
<arg>5</arg>
<arg>[LOWER]</arg>
</arguments>
<assign>
<var>${secondVariable}</var>
</assign>
<msg timestamp="20211021 10:33:15.233" level="INFO">${secondVariable} = cwdwt</msg>
<status status="PASS" starttime="20211021 10:33:15.232" endtime="20211021 10:33:15.233"></status>
</kw>
<kw name="And MySteps.I write and press Key" library="MySteps">
<arguments>
<arg>${what needs to be done inputText}</arg>
<arg>${secondVariable}</arg>
<arg>ENTER</arg>
</arguments>
<kw name="Wait Until Page Contains Element" library="SeleniumLibrary">
<doc>Waits until element ``locator`` appears on current page.</doc>
<arguments>
<arg>${elementKey}</arg>
<arg>timeout=15</arg>
<arg>error=DO NOT DISPLAYED inputText=${elementKey}</arg>
</arguments>
<status status="PASS" starttime="20211021 10:33:15.234" endtime="20211021 10:33:15.242"></status>
</kw>
<kw name="Input Text" library="SeleniumLibrary">
<doc>Types the given ``text`` into text field identified by ``locator``.</doc>
<arguments>
<arg>${what needs to be done inputText}</arg>
<arg>${variable}</arg>
</arguments>
<msg timestamp="20211021 10:33:15.242" level="INFO">Typing text 'cwdwt' into text field '//input[contains(@placeholder,'What needs to be done')]'.</msg>
<status status="PASS" starttime="20211021 10:33:15.242" endtime="20211021 10:33:15.271"></status>
</kw>
<kw name="Press Keys" library="SeleniumLibrary">
<doc>Simulates user pressing key(s) to an element or on the active browser.</doc>
<arguments>
<arg>${what needs to be done inputText}</arg>
<arg>${key}</arg>
</arguments>
<msg timestamp="20211021 10:33:15.272" level="INFO">Sending key(s) ('ENTER',) to //input[contains(@placeholder,'What needs to be done')] element.</msg>
<msg timestamp="20211021 10:33:15.281" level="INFO">Pressing special key ENTER to element.</msg>
<status status="PASS" starttime="20211021 10:33:15.271" endtime="20211021 10:33:15.557"></status>
</kw>
<kw name="Sleep" library="BuiltIn">
<doc>Pauses the test executed for the given time.</doc>
<arguments>
<arg>3s</arg>
</arguments>
<msg timestamp="20211021 10:33:18.559" level="INFO">Slept 3 seconds</msg>
<status status="PASS" starttime="20211021 10:33:15.557" endtime="20211021 10:33:18.559"></status>
</kw>
<status status="PASS" starttime="20211021 10:33:15.233" endtime="20211021 10:33:18.559"></status>
</kw>
<kw name="And I should see VARIABLE in ELEMENTKEY" library="MySteps">
<arguments>
<arg>${secondVariable}</arg>
<arg>${last item}</arg>
</arguments>
<kw name="Element Should Contain" library="SeleniumLibrary">
<doc>Verifies that element ``locator`` contains text ``expected``.</doc>
<arguments>
<arg>${elementKey}</arg>
<arg>${variable}</arg>
</arguments>
<msg timestamp="20211021 10:33:18.578" level="INFO">Element '(//*[@class='todo-list']//label)[last()]' contains text 'cwdwt'.</msg>
<status status="PASS" starttime="20211021 10:33:18.560" endtime="20211021 10:33:18.578"></status>
</kw>
<status status="PASS" starttime="20211021 10:33:18.560" endtime="20211021 10:33:18.578"></status>
</kw>
<kw name="Generate Random String" library="String">
<doc>Generates a string with a desired ``length`` from the given ``chars``.</doc>
<arguments>
<arg>5</arg>
<arg>[LOWER]</arg>
</arguments>
<assign>
<var>${thirdVariable}</var>
</assign>
<msg timestamp="20211021 10:33:18.579" level="INFO">${thirdVariable} = dgxss</msg>
<status status="PASS" starttime="20211021 10:33:18.579" endtime="20211021 10:33:18.579"></status>
</kw>
<kw name="And MySteps.I write and press Key" library="MySteps">
<arguments>
<arg>${what needs to be done inputText}</arg>
<arg>${thirdVariable}</arg>
<arg>ENTER</arg>
</arguments>
<kw name="Wait Until Page Contains Element" library="SeleniumLibrary">
<doc>Waits until element ``locator`` appears on current page.</doc>
<arguments>
<arg>${elementKey}</arg>
<arg>timeout=15</arg>
<arg>error=DO NOT DISPLAYED inputText=${elementKey}</arg>
</arguments>
<status status="PASS" starttime="20211021 10:33:18.581" endtime="20211021 10:33:18.588"></status>
</kw>
<kw name="Input Text" library="SeleniumLibrary">
<doc>Types the given ``text`` into text field identified by ``locator``.</doc>
<arguments>
<arg>${what needs to be done inputText}</arg>
<arg>${variable}</arg>
</arguments>
<msg timestamp="20211021 10:33:18.589" level="INFO">Typing text 'dgxss' into text field '//input[contains(@placeholder,'What needs to be done')]'.</msg>
<status status="PASS" starttime="20211021 10:33:18.588" endtime="20211021 10:33:18.620"></status>
</kw>
<kw name="Press Keys" library="SeleniumLibrary">
<doc>Simulates user pressing key(s) to an element or on the active browser.</doc>
<arguments>
<arg>${what needs to be done inputText}</arg>
<arg>${key}</arg>
</arguments>
<msg timestamp="20211021 10:33:18.620" level="INFO">Sending key(s) ('ENTER',) to //input[contains(@placeholder,'What needs to be done')] element.</msg>
<msg timestamp="20211021 10:33:18.629" level="INFO">Pressing special key ENTER to element.</msg>
<status status="PASS" starttime="20211021 10:33:18.620" endtime="20211021 10:33:18.901"></status>
</kw>
<kw name="Sleep" library="BuiltIn">
<doc>Pauses the test executed for the given time.</doc>
<arguments>
<arg>3s</arg>
</arguments>
<msg timestamp="20211021 10:33:21.904" level="INFO">Slept 3 seconds</msg>
<status status="PASS" starttime="20211021 10:33:18.901" endtime="20211021 10:33:21.904"></status>
</kw>
<status status="PASS" starttime="20211021 10:33:18.580" endtime="20211021 10:33:21.904"></status>
</kw>
<kw name="And I should see VARIABLE in ELEMENTKEY" library="MySteps">
<arguments>
<arg>${thirdVariable}</arg>
<arg>${last item}</arg>
</arguments>
<kw name="Element Should Contain" library="SeleniumLibrary">
<doc>Verifies that element ``locator`` contains text ``expected``.</doc>
<arguments>
<arg>${elementKey}</arg>
<arg>${variable}</arg>
</arguments>
<msg timestamp="20211021 10:33:21.921" level="INFO">Element '(//*[@class='todo-list']//label)[last()]' contains text 'dgxss'.</msg>
<status status="PASS" starttime="20211021 10:33:21.905" endtime="20211021 10:33:21.921"></status>
</kw>
<status status="PASS" starttime="20211021 10:33:21.905" endtime="20211021 10:33:21.921"></status>
</kw>
<kw name="Generate Random String" library="String">
<doc>Generates a string with a desired ``length`` from the given ``chars``.</doc>
<arguments>
<arg>5</arg>
<arg>[LOWER]</arg>
</arguments>
<assign>
<var>${fourthVariable}</var>
</assign>
<msg timestamp="20211021 10:33:21.922" level="INFO">${fourthVariable} = ihmca</msg>
<status status="PASS" starttime="20211021 10:33:21.921" endtime="20211021 10:33:21.922"></status>
</kw>
<kw name="And MySteps.I write and press Key" library="MySteps">
<arguments>
<arg>${what needs to be done inputText}</arg>
<arg>${fourthVariable}</arg>
<arg>ENTER</arg>
</arguments>
<kw name="Wait Until Page Contains Element" library="SeleniumLibrary">
<doc>Waits until element ``locator`` appears on current page.</doc>
<arguments>
<arg>${elementKey}</arg>
<arg>timeout=15</arg>
<arg>error=DO NOT DISPLAYED inputText=${elementKey}</arg>
</arguments>
<status status="PASS" starttime="20211021 10:33:21.923" endtime="20211021 10:33:21.931"></status>
</kw>
<kw name="Input Text" library="SeleniumLibrary">
<doc>Types the given ``text`` into text field identified by ``locator``.</doc>
<arguments>
<arg>${what needs to be done inputText}</arg>
<arg>${variable}</arg>
</arguments>
<msg timestamp="20211021 10:33:21.932" level="INFO">Typing text 'ihmca' into text field '//input[contains(@placeholder,'What needs to be done')]'.</msg>
<status status="PASS" starttime="20211021 10:33:21.932" endtime="20211021 10:33:21.957"></status>
</kw>
<kw name="Press Keys" library="SeleniumLibrary">
<doc>Simulates user pressing key(s) to an element or on the active browser.</doc>
<arguments>
<arg>${what needs to be done inputText}</arg>
<arg>${key}</arg>
</arguments>
<msg timestamp="20211021 10:33:21.958" level="INFO">Sending key(s) ('ENTER',) to //input[contains(@placeholder,'What needs to be done')] element.</msg>
<msg timestamp="20211021 10:33:21.965" level="INFO">Pressing special key ENTER to element.</msg>
<status status="PASS" starttime="20211021 10:33:21.957" endtime="20211021 10:33:22.238"></status>
</kw>
<kw name="Sleep" library="BuiltIn">
<doc>Pauses the test executed for the given time.</doc>
<arguments>
<arg>3s</arg>
</arguments>
<msg timestamp="20211021 10:33:25.239" level="INFO">Slept 3 seconds</msg>
<status status="PASS" starttime="20211021 10:33:22.238" endtime="20211021 10:33:25.239"></status>
</kw>
<status status="PASS" starttime="20211021 10:33:21.922" endtime="20211021 10:33:25.239"></status>
</kw>
<kw name="And I should see VARIABLE in ELEMENTKEY" library="MySteps">
<arguments>
<arg>${fourthVariable}</arg>
<arg>${last item}</arg>
</arguments>
<kw name="Element Should Contain" library="SeleniumLibrary">
<doc>Verifies that element ``locator`` contains text ``expected``.</doc>
<arguments>
<arg>${elementKey}</arg>
<arg>${variable}</arg>
</arguments>
<msg timestamp="20211021 10:33:25.255" level="INFO">Element '(//*[@class='todo-list']//label)[last()]' contains text 'ihmca'.</msg>
<status status="PASS" starttime="20211021 10:33:25.240" endtime="20211021 10:33:25.256"></status>
</kw>
<status status="PASS" starttime="20211021 10:33:25.240" endtime="20211021 10:33:25.256"></status>
</kw>
<kw name="Click Element" library="SeleniumLibrary">
<doc>Click element identified by ``locator``.</doc>
<arguments>
<arg>${all button}</arg>
</arguments>
<msg timestamp="20211021 10:33:25.256" level="INFO">Clicking element '//a[.='All']'.</msg>
<status status="PASS" starttime="20211021 10:33:25.256" endtime="20211021 10:33:25.304"></status>
</kw>
<kw name="And MySteps.I should see variable in table" library="MySteps">
<arguments>
<arg>${firstVariable}</arg>
</arguments>
<kw name="Set Variable" library="BuiltIn">
<doc>Returns the given values which can then be assigned to a variables.</doc>
<arguments>
<arg>//*[contains(@class,'todo-list')]//label[text()='${variable}']</arg>
</arguments>
<assign>
<var>${elementKey}</var>
</assign>
<msg timestamp="20211021 10:33:25.305" level="INFO">${elementKey} = //*[contains(@class,'todo-list')]//label[text()='hetmh']</msg>
<status status="PASS" starttime="20211021 10:33:25.305" endtime="20211021 10:33:25.305"></status>
</kw>
<kw name="Element Should Contain" library="SeleniumLibrary">
<doc>Verifies that element ``locator`` contains text ``expected``.</doc>
<arguments>
<arg>${elementKey}</arg>
<arg>${variable}</arg>
</arguments>
<msg timestamp="20211021 10:33:25.326" level="INFO">Element '//*[contains(@class,'todo-list')]//label[text()='hetmh']' contains text 'hetmh'.</msg>
<status status="PASS" starttime="20211021 10:33:25.306" endtime="20211021 10:33:25.326"></status>
</kw>
<status status="PASS" starttime="20211021 10:33:25.305" endtime="20211021 10:33:25.327"></status>
</kw>
<kw name="And MySteps.I should see variable in table" library="MySteps">
<arguments>
<arg>${secondVariable}</arg>
</arguments>
<kw name="Set Variable" library="BuiltIn">
<doc>Returns the given values which can then be assigned to a variables.</doc>
<arguments>
<arg>//*[contains(@class,'todo-list')]//label[text()='${variable}']</arg>
</arguments>
<assign>
<var>${elementKey}</var>
</assign>
<msg timestamp="20211021 10:33:25.329" level="INFO">${elementKey} = //*[contains(@class,'todo-list')]//label[text()='cwdwt']</msg>
<status status="PASS" starttime="20211021 10:33:25.328" endtime="20211021 10:33:25.329"></status>
</kw>
<kw name="Element Should Contain" library="SeleniumLibrary">
<doc>Verifies that element ``locator`` contains text ``expected``.</doc>
<arguments>
<arg>${elementKey}</arg>
<arg>${variable}</arg>
</arguments>
<msg timestamp="20211021 10:33:25.346" level="INFO">Element '//*[contains(@class,'todo-list')]//label[text()='cwdwt']' contains text 'cwdwt'.</msg>
<status status="PASS" starttime="20211021 10:33:25.329" endtime="20211021 10:33:25.347"></status>
</kw>
<status status="PASS" starttime="20211021 10:33:25.328" endtime="20211021 10:33:25.347"></status>
</kw>
<kw name="And MySteps.I should see variable in table" library="MySteps">
<arguments>
<arg>${thirdVariable}</arg>
</arguments>
<kw name="Set Variable" library="BuiltIn">
<doc>Returns the given values which can then be assigned to a variables.</doc>
<arguments>
<arg>//*[contains(@class,'todo-list')]//label[text()='${variable}']</arg>
</arguments>
<assign>
<var>${elementKey}</var>
</assign>
<msg timestamp="20211021 10:33:25.349" level="INFO">${elementKey} = //*[contains(@class,'todo-list')]//label[text()='dgxss']</msg>
<status status="PASS" starttime="20211021 10:33:25.348" endtime="20211021 10:33:25.349"></status>
</kw>
<kw name="Element Should Contain" library="SeleniumLibrary">
<doc>Verifies that element ``locator`` contains text ``expected``.</doc>
<arguments>
<arg>${elementKey}</arg>
<arg>${variable}</arg>
</arguments>
<msg timestamp="20211021 10:33:25.364" level="INFO">Element '//*[contains(@class,'todo-list')]//label[text()='dgxss']' contains text 'dgxss'.</msg>
<status status="PASS" starttime="20211021 10:33:25.349" endtime="20211021 10:33:25.365"></status>
</kw>
<status status="PASS" starttime="20211021 10:33:25.348" endtime="20211021 10:33:25.365"></status>
</kw>
<kw name="And MySteps.I should see variable in table" library="MySteps">
<arguments>
<arg>${fourthVariable}</arg>
</arguments>
<kw name="Set Variable" library="BuiltIn">
<doc>Returns the given values which can then be assigned to a variables.</doc>
<arguments>
<arg>//*[contains(@class,'todo-list')]//label[text()='${variable}']</arg>
</arguments>
<assign>
<var>${elementKey}</var>
</assign>
<msg timestamp="20211021 10:33:25.366" level="INFO">${elementKey} = //*[contains(@class,'todo-list')]//label[text()='ihmca']</msg>
<status status="PASS" starttime="20211021 10:33:25.366" endtime="20211021 10:33:25.366"></status>
</kw>
<kw name="Element Should Contain" library="SeleniumLibrary">
<doc>Verifies that element ``locator`` contains text ``expected``.</doc>
<arguments>
<arg>${elementKey}</arg>
<arg>${variable}</arg>
</arguments>
<msg timestamp="20211021 10:33:25.381" level="INFO">Element '//*[contains(@class,'todo-list')]//label[text()='ihmca']' contains text 'ihmca'.</msg>
<status status="PASS" starttime="20211021 10:33:25.366" endtime="20211021 10:33:25.381"></status>
</kw>
<status status="PASS" starttime="20211021 10:33:25.366" endtime="20211021 10:33:25.381"></status>
</kw>
<kw name="Click Element" library="SeleniumLibrary">
<doc>Click element identified by ``locator``.</doc>
<arguments>
<arg>${active button}</arg>
</arguments>
<msg timestamp="20211021 10:33:25.382" level="INFO">Clicking element '//a[contains(@href,'active')]'.</msg>
<status status="PASS" starttime="20211021 10:33:25.382" endtime="20211021 10:33:25.404"></status>
</kw>
<kw name="And MySteps.I should not see variable in table" library="MySteps">
<arguments>
<arg>${firstVariable}</arg>
</arguments>
<kw name="Page Should Not Contain Element" library="SeleniumLibrary">
<doc>Verifies that element ``locator`` is found on the current page.</doc>
<arguments>
<arg>${variable}</arg>
</arguments>
<msg timestamp="20211021 10:33:25.421" level="INFO">Current page does not contain element 'hetmh'.</msg>
<status status="PASS" starttime="20211021 10:33:25.406" endtime="20211021 10:33:25.422"></status>
</kw>
<status status="PASS" starttime="20211021 10:33:25.405" endtime="20211021 10:33:25.422"></status>
</kw>
<kw name="And MySteps.I should see variable in table" library="MySteps">
<arguments>
<arg>${secondVariable}</arg>
</arguments>
<kw name="Set Variable" library="BuiltIn">
<doc>Returns the given values which can then be assigned to a variables.</doc>
<arguments>
<arg>//*[contains(@class,'todo-list')]//label[text()='${variable}']</arg>
</arguments>
<assign>
<var>${elementKey}</var>
</assign>
<msg timestamp="20211021 10:33:25.425" level="INFO">${elementKey} = //*[contains(@class,'todo-list')]//label[text()='cwdwt']</msg>
<status status="PASS" starttime="20211021 10:33:25.424" endtime="20211021 10:33:25.425"></status>
</kw>
<kw name="Element Should Contain" library="SeleniumLibrary">
<doc>Verifies that element ``locator`` contains text ``expected``.</doc>
<arguments>
<arg>${elementKey}</arg>
<arg>${variable}</arg>
</arguments>
<msg timestamp="20211021 10:33:25.457" level="INFO">Element '//*[contains(@class,'todo-list')]//label[text()='cwdwt']' contains text 'cwdwt'.</msg>
<status status="PASS" starttime="20211021 10:33:25.426" endtime="20211021 10:33:25.457"></status>
</kw>
<status status="PASS" starttime="20211021 10:33:25.423" endtime="20211021 10:33:25.457"></status>
</kw>
<kw name="And MySteps.I should see variable in table" library="MySteps">
<arguments>
<arg>${thirdVariable}</arg>
</arguments>
<kw name="Set Variable" library="BuiltIn">
<doc>Returns the given values which can then be assigned to a variables.</doc>
<arguments>
<arg>//*[contains(@class,'todo-list')]//label[text()='${variable}']</arg>
</arguments>
<assign>
<var>${elementKey}</var>
</assign>
<msg timestamp="20211021 10:33:25.459" level="INFO">${elementKey} = //*[contains(@class,'todo-list')]//label[text()='dgxss']</msg>
<status status="PASS" starttime="20211021 10:33:25.459" endtime="20211021 10:33:25.459"></status>
</kw>
<kw name="Element Should Contain" library="SeleniumLibrary">
<doc>Verifies that element ``locator`` contains text ``expected``.</doc>
<arguments>
<arg>${elementKey}</arg>
<arg>${variable}</arg>
</arguments>
<msg timestamp="20211021 10:33:25.478" level="INFO">Element '//*[contains(@class,'todo-list')]//label[text()='dgxss']' contains text 'dgxss'.</msg>
<status status="PASS" starttime="20211021 10:33:25.460" endtime="20211021 10:33:25.479"></status>
</kw>
<status status="PASS" starttime="20211021 10:33:25.458" endtime="20211021 10:33:25.479"></status>
</kw>
<kw name="And MySteps.I should see variable in table" library="MySteps">
<arguments>
<arg>${fourthVariable}</arg>
</arguments>
<kw name="Set Variable" library="BuiltIn">
<doc>Returns the given values which can then be assigned to a variables.</doc>
<arguments>
<arg>//*[contains(@class,'todo-list')]//label[text()='${variable}']</arg>
</arguments>
<assign>
<var>${elementKey}</var>
</assign>
<msg timestamp="20211021 10:33:25.480" level="INFO">${elementKey} = //*[contains(@class,'todo-list')]//label[text()='ihmca']</msg>
<status status="PASS" starttime="20211021 10:33:25.480" endtime="20211021 10:33:25.480"></status>
</kw>
<kw name="Element Should Contain" library="SeleniumLibrary">
<doc>Verifies that element ``locator`` contains text ``expected``.</doc>
<arguments>
<arg>${elementKey}</arg>
<arg>${variable}</arg>
</arguments>
<msg timestamp="20211021 10:33:25.494" level="INFO">Element '//*[contains(@class,'todo-list')]//label[text()='ihmca']' contains text 'ihmca'.</msg>
<status status="PASS" starttime="20211021 10:33:25.480" endtime="20211021 10:33:25.495"></status>
</kw>
<status status="PASS" starttime="20211021 10:33:25.479" endtime="20211021 10:33:25.495"></status>
</kw>
<kw name="Click Element" library="SeleniumLibrary">
<doc>Click element identified by ``locator``.</doc>
<arguments>
<arg>${completed button}</arg>
</arguments>
<msg timestamp="20211021 10:33:25.495" level="INFO">Clicking element '//a[contains(@href,'completed')]'.</msg>
<status status="PASS" starttime="20211021 10:33:25.495" endtime="20211021 10:33:25.519"></status>
</kw>
<kw name="And MySteps.I should see variable in table" library="MySteps">
<arguments>
<arg>${firstVariable}</arg>
</arguments>
<kw name="Set Variable" library="BuiltIn">
<doc>Returns the given values which can then be assigned to a variables.</doc>
<arguments>
<arg>//*[contains(@class,'todo-list')]//label[text()='${variable}']</arg>
</arguments>
<assign>
<var>${elementKey}</var>
</assign>
<msg timestamp="20211021 10:33:25.521" level="INFO">${elementKey} = //*[contains(@class,'todo-list')]//label[text()='hetmh']</msg>
<status status="PASS" starttime="20211021 10:33:25.520" endtime="20211021 10:33:25.521"></status>
</kw>
<kw name="Element Should Contain" library="SeleniumLibrary">
<doc>Verifies that element ``locator`` contains text ``expected``.</doc>
<arguments>
<arg>${elementKey}</arg>
<arg>${variable}</arg>
</arguments>
<msg timestamp="20211021 10:33:25.549" level="INFO">Element '//*[contains(@class,'todo-list')]//label[text()='hetmh']' contains text 'hetmh'.</msg>
<status status="PASS" starttime="20211021 10:33:25.521" endtime="20211021 10:33:25.550"></status>
</kw>
<status status="PASS" starttime="20211021 10:33:25.520" endtime="20211021 10:33:25.550"></status>
</kw>
<kw name="And MySteps.I should not see variable in table" library="MySteps">
<arguments>
<arg>${secondVariable}</arg>
</arguments>
<kw name="Page Should Not Contain Element" library="SeleniumLibrary">
<doc>Verifies that element ``locator`` is found on the current page.</doc>
<arguments>
<arg>${variable}</arg>
</arguments>
<msg timestamp="20211021 10:33:25.561" level="INFO">Current page does not contain element 'cwdwt'.</msg>
<status status="PASS" starttime="20211021 10:33:25.551" endtime="20211021 10:33:25.562"></status>
</kw>
<status status="PASS" starttime="20211021 10:33:25.551" endtime="20211021 10:33:25.562"></status>
</kw>
<kw name="And MySteps.I should not see variable in table" library="MySteps">
<arguments>
<arg>${thirdVariable}</arg>
</arguments>
<kw name="Page Should Not Contain Element" library="SeleniumLibrary">
<doc>Verifies that element ``locator`` is found on the current page.</doc>
<arguments>
<arg>${variable}</arg>
</arguments>
<msg timestamp="20211021 10:33:25.570" level="INFO">Current page does not contain element 'dgxss'.</msg>
<status status="PASS" starttime="20211021 10:33:25.563" endtime="20211021 10:33:25.570"></status>
</kw>
<status status="PASS" starttime="20211021 10:33:25.562" endtime="20211021 10:33:25.570"></status>
</kw>
<kw name="And MySteps.I should not see variable in table" library="MySteps">
<arguments>
<arg>${fourthVariable}</arg>
</arguments>
<kw name="Page Should Not Contain Element" library="SeleniumLibrary">
<doc>Verifies that element ``locator`` is found on the current page.</doc>
<arguments>
<arg>${variable}</arg>
</arguments>
<msg timestamp="20211021 10:33:25.578" level="INFO">Current page does not contain element 'ihmca'.</msg>
<status status="PASS" starttime="20211021 10:33:25.571" endtime="20211021 10:33:25.578"></status>
</kw>
<status status="PASS" starttime="20211021 10:33:25.571" endtime="20211021 10:33:25.578"></status>
</kw>
<kw name="close session" library="Base" type="teardown">
<kw name="Close All Browsers" library="SeleniumLibrary">
<doc>Closes all open browsers and resets the browser cache.</doc>
<status status="PASS" starttime="20211021 10:33:25.579" endtime="20211021 10:33:26.414"></status>
</kw>
<status status="PASS" starttime="20211021 10:33:25.578" endtime="20211021 10:33:26.415"></status>
</kw>
<status status="PASS" starttime="20211021 10:33:01.094" endtime="20211021 10:33:26.415" critical="yes"></status>
</test>
<status status="PASS" starttime="20211021 10:32:58.569" endtime="20211021 10:33:26.418"></status>
</suite>
<statistics>
<total>
<stat pass="1" fail="0">Critical Tests</stat>
<stat pass="1" fail="0">All Tests</stat>
</total>
<tag>
</tag>
<suite>
<stat pass="1" fail="0" id="s1" name="Test">Test</stat>
</suite>
</statistics>
<errors>
<msg timestamp="20211021 10:32:59.385" level="ERROR">Error in file 'D:\Users\nusahin\Documents\GitHub\ModaNisa_Interview\TestCases\Test.robot': Importing test library 'RequestLibrary' failed: ModuleNotFoundError: No module named 'RequestLibrary'
Traceback (most recent call last):
  None
PYTHONPATH:
  D:\Users\nusahin\Documents\GitHub\ModaNisa_Interview
  C:\Program Files (x86)\testerq\Python\Lib\http
  C:\Program Files (x86)\testerq\python\python37.zip
  C:\Program Files (x86)\testerq\python\DLLs
  C:\Program Files (x86)\testerq\python\lib
  C:\Program Files (x86)\testerq\python
  D:\Users\nusahin\AppData\Roaming\Python\Python37\site-packages
  C:\Program Files (x86)\testerq\python\lib\site-packages
  C:\Program Files (x86)\testerq\python\lib\site-packages\robotframework_openstflibrary-0.1.1-py3.7.egg
  C:\Program Files (x86)\testerq\python\lib\site-packages\pyswagger-0.8.39-py3.7.egg
  C:\Program Files (x86)\testerq\python\lib\site-packages\validate_email-1.3-py3.7.egg
  C:\Program Files (x86)\testerq\python\lib\site-packages\pyaml-18.11.0-py3.7.egg
  C:\Program Files (x86)\testerq\python\lib\site-packages\pyyaml-4.2b4-py3.7-win32.egg
  C:\Program Files (x86)\testerq\python\lib\site-packages\robotframework_requests-0.5.0-py3.7.egg
  C:\Program Files (x86)\testerq\python\lib\site-packages\idna-2.8-py3.7.egg
  C:\Program Files (x86)\testerq\python\lib\site-packages\chardet-3.0.4-py3.7.egg
  C:\Program Files (x86)\testerq\python\lib\site-packages\certifi-2018.11.29-py3.7.egg
  C:\Program Files (x86)\testerq\python\lib\site-packages\robotframework_jsonlibrary-0.2-py3.7.egg
  C:\Program Files (x86)\testerq\python\lib\site-packages\coverage-5.0a4-py3.7-win32.egg
  C:\Program Files (x86)\testerq\python\lib\site-packages\tox-3.6.1-py3.7.egg
  C:\Program Files (x86)\testerq\python\lib\site-packages\virtualenv-16.2.0-py3.7.egg
  C:\Program Files (x86)\testerq\python\lib\site-packages\toml-0.10.0-py3.7.egg
  C:\Program Files (x86)\testerq\python\lib\site-packages\py-1.7.0-py3.7.egg
  C:\Program Files (x86)\testerq\python\lib\site-packages\filelock-3.0.10-py3.7.egg
  C:\Program Files (x86)\testerq\python\lib\site-packages\robotframework_csvlibrary-0.0.2-py3.7.egg
  C:\Program Files (x86)\testerq\python\lib\site-packages\robotframework_stublibrary-0.1.5-py3.7.egg
  C:\Program Files (x86)\testerq\python\lib\site-packages\gevent-1.5a1-py3.7-win32.egg
  C:\Program Files (x86)\testerq\python\lib\site-packages\allpairspy-2.5.0-py3.7.egg
  C:\Program Files (x86)\testerq\python\lib\site-packages\jsonpointer-2.0-py3.7.egg
  C:\Program Files (x86)\testerq\python\lib\site-packages\falcon_multipart-0.2.0-py3.7.egg
  C:\Program Files (x86)\testerq\python\lib\site-packages\jsonpatch-1.24-py3.7.egg
  C:\Program Files (x86)\testerq\python\lib\site-packages\webtest-2.0.33-py3.7.egg
  C:\Program Files (x86)\testerq\python\lib\site-packages\psutil-5.6.3-py3.7-win32.egg
  C:\Program Files (x86)\testerq\python\lib\site-packages\greenlet-0.4.15-py3.7-win32.egg
  C:\Program Files (x86)\testerq\python\lib\site-packages\cffi-1.12.3-py3.7-win32.egg
  C:\Program Files (x86)\testerq\python\lib\site-packages\waitress-1.3.0-py3.7.egg
  C:\Program Files (x86)\testerq\python\lib\site-packages\beautifulsoup4-4.8.0-py3.7.egg
  C:\Program Files (x86)\testerq\python\lib\site-packages\webob-1.8.5-py3.7.egg
  C:\Program Files (x86)\testerq\python\lib\site-packages\pycparser-2.19-py3.7.egg
  C:\Program Files (x86)\testerq\python\lib\site-packages\soupsieve-1.9.2-py3.7.egg
  C:\Program Files (x86)\testerq\python\lib\site-packages\win32
  C:\Program Files (x86)\testerq\python\lib\site-packages\win32\lib
  C:\Program Files (x86)\testerq\python\lib\site-packages\Pythonwin</msg>
<msg timestamp="20211021 10:32:59.424" level="WARN">Imported resource file 'D:\Users\nusahin\Documents\GitHub\ModaNisa_Interview\Resources\Config\Pages\Login.robot' is empty.</msg>
</errors>
</robot>
