<?xml version="1.0" encoding="UTF-8"?>
<robot generator="Robot 3.1.2 (Python 3.7.2 on win32)" generated="20211022 22:37:01.785" rpa="false">
<suite id="s1" name="Test" source="D:\Users\nusahin\Documents\GitHub\ModaNisa_Interview\TestCases\Test.robot">
<test id="s1-t1" name="Todomvc_Page_Display">
<kw name="create session chrome" library="Base" type="setup">
<kw name="Open Browser" library="SeleniumLibrary">
<doc>Opens a new browser instance to the given ``url``.</doc>
<arguments>
<arg>${todom_url}</arg>
<arg>chrome</arg>
</arguments>
<msg timestamp="20211022 22:37:03.511" level="INFO">Opening browser 'chrome' to base url 'https://todomvc.com/examples/vue/#'.</msg>
<status status="PASS" starttime="20211022 22:37:03.511" endtime="20211022 22:37:06.214"></status>
</kw>
<kw name="Maximize Browser Window" library="SeleniumLibrary">
<doc>Maximizes current browser window.</doc>
<status status="PASS" starttime="20211022 22:37:06.214" endtime="20211022 22:37:06.360"></status>
</kw>
<status status="PASS" starttime="20211022 22:37:03.510" endtime="20211022 22:37:06.361"></status>
</kw>
<kw name="Wait Until Page Contains Element" library="SeleniumLibrary">
<doc>Waits until element ``locator`` appears on current page.</doc>
<arguments>
<arg>${what needs to be done inputText}</arg>
<arg>timeout=15</arg>
<arg>error=DO NOT DISPLAYED ${what needs to be done inputText}</arg>
</arguments>
<status status="PASS" starttime="20211022 22:37:06.362" endtime="20211022 22:37:06.397"></status>
</kw>
<kw name="close session" library="Base" type="teardown">
<kw name="Close All Browsers" library="SeleniumLibrary">
<doc>Closes all open browsers and resets the browser cache.</doc>
<status status="PASS" starttime="20211022 22:37:06.401" endtime="20211022 22:37:08.680"></status>
</kw>
<status status="PASS" starttime="20211022 22:37:06.400" endtime="20211022 22:37:08.680"></status>
</kw>
<status status="PASS" starttime="20211022 22:37:03.510" endtime="20211022 22:37:08.681" critical="yes"></status>
</test>
<test id="s1-t2" name="Todo_Add_Issue_002">
<kw name="create session chrome" library="Base" type="setup">
<kw name="Open Browser" library="SeleniumLibrary">
<doc>Opens a new browser instance to the given ``url``.</doc>
<arguments>
<arg>${todom_url}</arg>
<arg>chrome</arg>
</arguments>
<msg timestamp="20211022 22:37:08.684" level="INFO">Opening browser 'chrome' to base url 'https://todomvc.com/examples/vue/#'.</msg>
<status status="PASS" starttime="20211022 22:37:08.684" endtime="20211022 22:37:11.691"></status>
</kw>
<kw name="Maximize Browser Window" library="SeleniumLibrary">
<doc>Maximizes current browser window.</doc>
<status status="PASS" starttime="20211022 22:37:11.691" endtime="20211022 22:37:11.812"></status>
</kw>
<status status="PASS" starttime="20211022 22:37:08.683" endtime="20211022 22:37:11.812"></status>
</kw>
<kw name="Generate Random String" library="String">
<doc>Generates a string with a desired ``length`` from the given ``chars``.</doc>
<arguments>
<arg>5</arg>
<arg>[LOWER]</arg>
</arguments>
<assign>
<var>${variable}</var>
</assign>
<msg timestamp="20211022 22:37:11.813" level="INFO">${variable} = uorgv</msg>
<status status="PASS" starttime="20211022 22:37:11.813" endtime="20211022 22:37:11.813"></status>
</kw>
<kw name="And MySteps.I write and press Key" library="MySteps">
<arguments>
<arg>${what needs to be done inputText}</arg>
<arg>${variable}</arg>
<arg>ENTER</arg>
</arguments>
<kw name="Wait Until Page Contains Element" library="SeleniumLibrary">
<doc>Waits until element ``locator`` appears on current page.</doc>
<arguments>
<arg>${elementKey}</arg>
<arg>timeout=15</arg>
<arg>error=DO NOT DISPLAYED inputText=${elementKey}</arg>
</arguments>
<status status="PASS" starttime="20211022 22:37:11.814" endtime="20211022 22:37:11.836"></status>
</kw>
<kw name="Input Text" library="SeleniumLibrary">
<doc>Types the given ``text`` into text field identified by ``locator``.</doc>
<arguments>
<arg>${what needs to be done inputText}</arg>
<arg>${variable}</arg>
</arguments>
<msg timestamp="20211022 22:37:11.837" level="INFO">Typing text 'uorgv' into text field '//input[contains(@placeholder,'What needs to be done')]'.</msg>
<status status="PASS" starttime="20211022 22:37:11.836" endtime="20211022 22:37:11.960"></status>
</kw>
<kw name="Press Keys" library="SeleniumLibrary">
<doc>Simulates user pressing key(s) to an element or on the active browser.</doc>
<arguments>
<arg>${what needs to be done inputText}</arg>
<arg>${key}</arg>
</arguments>
<msg timestamp="20211022 22:37:11.962" level="INFO">Sending key(s) ('ENTER',) to //input[contains(@placeholder,'What needs to be done')] element.</msg>
<msg timestamp="20211022 22:37:11.969" level="INFO">Pressing special key ENTER to element.</msg>
<status status="PASS" starttime="20211022 22:37:11.961" endtime="20211022 22:37:12.267"></status>
</kw>
<kw name="Sleep" library="BuiltIn">
<doc>Pauses the test executed for the given time.</doc>
<arguments>
<arg>3s</arg>
</arguments>
<msg timestamp="20211022 22:37:15.269" level="INFO">Slept 3 seconds</msg>
<status status="PASS" starttime="20211022 22:37:12.267" endtime="20211022 22:37:15.269"></status>
</kw>
<status status="PASS" starttime="20211022 22:37:11.814" endtime="20211022 22:37:15.269"></status>
</kw>
<kw name="Then MySteps.I should see last variable in table" library="MySteps">
<arguments>
<arg>${variable}</arg>
</arguments>
<kw name="Get Text" library="SeleniumLibrary">
<doc>Returns the text value of element identified by ``locator``.</doc>
<arguments>
<arg>${last item}</arg>
</arguments>
<assign>
<var>${value}</var>
</assign>
<msg timestamp="20211022 22:37:15.297" level="INFO">${value} = uorgv</msg>
<status status="PASS" starttime="20211022 22:37:15.270" endtime="20211022 22:37:15.297"></status>
</kw>
<kw name="Should Be Equal As Strings" library="BuiltIn">
<doc>Fails if objects are unequal after converting them to strings.</doc>
<arguments>
<arg>${variable}</arg>
<arg>${value}</arg>
<arg>msg=${variable} == ${value} does not Match</arg>
</arguments>
<status status="PASS" starttime="20211022 22:37:15.297" endtime="20211022 22:37:15.298"></status>
</kw>
<kw name="Wait Until Page Contains Element" library="SeleniumLibrary">
<doc>Waits until element ``locator`` appears on current page.</doc>
<arguments>
<arg>${issue count}</arg>
<arg>timeout=15</arg>
<arg>error=DO NOT DISPLAYED ${issue count}</arg>
</arguments>
<status status="PASS" starttime="20211022 22:37:15.298" endtime="20211022 22:37:15.311"></status>
</kw>
<kw name="Wait Until Page Contains Element" library="SeleniumLibrary">
<doc>Waits until element ``locator`` appears on current page.</doc>
<arguments>
<arg>${item left}</arg>
<arg>timeout=15</arg>
<arg>error=DO NOT DISPLAYED ${item left}</arg>
</arguments>
<status status="PASS" starttime="20211022 22:37:15.311" endtime="20211022 22:37:15.325"></status>
</kw>
<kw name="Wait Until Page Contains Element" library="SeleniumLibrary">
<doc>Waits until element ``locator`` appears on current page.</doc>
<arguments>
<arg>${all button}</arg>
<arg>timeout=15</arg>
<arg>error=DO NOT DISPLAYED ${all button}</arg>
</arguments>
<status status="PASS" starttime="20211022 22:37:15.325" endtime="20211022 22:37:15.337"></status>
</kw>
<status status="PASS" starttime="20211022 22:37:15.270" endtime="20211022 22:37:15.337"></status>
</kw>
<kw name="close session" library="Base" type="teardown">
<kw name="Close All Browsers" library="SeleniumLibrary">
<doc>Closes all open browsers and resets the browser cache.</doc>
<status status="PASS" starttime="20211022 22:37:15.339" endtime="20211022 22:37:17.570"></status>
</kw>
<status status="PASS" starttime="20211022 22:37:15.338" endtime="20211022 22:37:17.570"></status>
</kw>
<status status="PASS" starttime="20211022 22:37:08.682" endtime="20211022 22:37:17.571" critical="yes"></status>
</test>
<test id="s1-t3" name="Todo_Add_Issue_Unselect_Remove_003">
<kw name="create session chrome" library="Base" type="setup">
<kw name="Open Browser" library="SeleniumLibrary">
<doc>Opens a new browser instance to the given ``url``.</doc>
<arguments>
<arg>${todom_url}</arg>
<arg>chrome</arg>
</arguments>
<msg timestamp="20211022 22:37:17.574" level="INFO">Opening browser 'chrome' to base url 'https://todomvc.com/examples/vue/#'.</msg>
<status status="PASS" starttime="20211022 22:37:17.573" endtime="20211022 22:37:20.272"></status>
</kw>
<kw name="Maximize Browser Window" library="SeleniumLibrary">
<doc>Maximizes current browser window.</doc>
<status status="PASS" starttime="20211022 22:37:20.272" endtime="20211022 22:37:20.395"></status>
</kw>
<status status="PASS" starttime="20211022 22:37:17.573" endtime="20211022 22:37:20.395"></status>
</kw>
<kw name="Then MySteps.I will delete one item and verification with status" library="MySteps">
<arguments>
<arg>unselect</arg>
</arguments>
<kw name="Run Keyword If" library="BuiltIn">
<doc>Runs the given keyword with the given arguments, if ``condition`` is true.</doc>
<arguments>
<arg>'${status}' == 'unselect'</arg>
<arg>unselectedDelete_S</arg>
<arg>ELSE IF</arg>
<arg>'${status}' == 'select'</arg>
<arg>selectedDelete_S</arg>
<arg>ELSE</arg>
<arg>BuiltIn.Fail</arg>
<arg>msg=HAVE TO CHOOSE selected or unselected</arg>
</arguments>
<kw name="unselectedDelete_S" library="MySteps">
<kw name="Get Text" library="SeleniumLibrary">
<doc>Returns the text value of element identified by ``locator``.</doc>
<arguments>
<arg>${issue count}</arg>
</arguments>
<assign>
<var>${firstIssueCount}</var>
</assign>
<msg timestamp="20211022 22:37:20.450" level="INFO">${firstIssueCount} = </msg>
<status status="PASS" starttime="20211022 22:37:20.398" endtime="20211022 22:37:20.450"></status>
</kw>
<kw name="Run Keyword If" library="BuiltIn">
<doc>Runs the given keyword with the given arguments, if ``condition`` is true.</doc>
<arguments>
<arg>'${firstIssueCount}' == ''</arg>
<arg>And MySteps.I write and press Key</arg>
<arg>${what needs to be done inputText}</arg>
<arg>test</arg>
<arg>ENTER</arg>
</arguments>
<kw name="And MySteps.I write and press Key" library="MySteps">
<arguments>
<arg>${what needs to be done inputText}</arg>
<arg>test</arg>
<arg>ENTER</arg>
</arguments>
<kw name="Wait Until Page Contains Element" library="SeleniumLibrary">
<doc>Waits until element ``locator`` appears on current page.</doc>
<arguments>
<arg>${elementKey}</arg>
<arg>timeout=15</arg>
<arg>error=DO NOT DISPLAYED inputText=${elementKey}</arg>
</arguments>
<status status="PASS" starttime="20211022 22:37:20.453" endtime="20211022 22:37:20.472"></status>
</kw>
<kw name="Input Text" library="SeleniumLibrary">
<doc>Types the given ``text`` into text field identified by ``locator``.</doc>
<arguments>
<arg>${what needs to be done inputText}</arg>
<arg>${variable}</arg>
</arguments>
<msg timestamp="20211022 22:37:20.473" level="INFO">Typing text 'test' into text field '//input[contains(@placeholder,'What needs to be done')]'.</msg>
<status status="PASS" starttime="20211022 22:37:20.473" endtime="20211022 22:37:20.551"></status>
</kw>
<kw name="Press Keys" library="SeleniumLibrary">
<doc>Simulates user pressing key(s) to an element or on the active browser.</doc>
<arguments>
<arg>${what needs to be done inputText}</arg>
<arg>${key}</arg>
</arguments>
<msg timestamp="20211022 22:37:20.552" level="INFO">Sending key(s) ('ENTER',) to //input[contains(@placeholder,'What needs to be done')] element.</msg>
<msg timestamp="20211022 22:37:20.559" level="INFO">Pressing special key ENTER to element.</msg>
<status status="PASS" starttime="20211022 22:37:20.551" endtime="20211022 22:37:20.851"></status>
</kw>
<kw name="Sleep" library="BuiltIn">
<doc>Pauses the test executed for the given time.</doc>
<arguments>
<arg>3s</arg>
</arguments>
<msg timestamp="20211022 22:37:23.852" level="INFO">Slept 3 seconds</msg>
<status status="PASS" starttime="20211022 22:37:20.851" endtime="20211022 22:37:23.853"></status>
</kw>
<status status="PASS" starttime="20211022 22:37:20.451" endtime="20211022 22:37:23.853"></status>
</kw>
<status status="PASS" starttime="20211022 22:37:20.451" endtime="20211022 22:37:23.853"></status>
</kw>
<kw name="Get Text" library="SeleniumLibrary">
<doc>Returns the text value of element identified by ``locator``.</doc>
<arguments>
<arg>${issue count}</arg>
</arguments>
<assign>
<var>${firstIssueCount}</var>
</assign>
<msg timestamp="20211022 22:37:23.874" level="INFO">${firstIssueCount} = 1</msg>
<status status="PASS" starttime="20211022 22:37:23.853" endtime="20211022 22:37:23.874"></status>
</kw>
<kw name="Run Keyword If" library="BuiltIn">
<doc>Runs the given keyword with the given arguments, if ``condition`` is true.</doc>
<arguments>
<arg>'${firstIssueCount}' == '1'</arg>
<arg>If exist 1 item do not see item left</arg>
<arg>ELSE</arg>
<arg>If exist items Delete and Verify item left Counts</arg>
</arguments>
<kw name="If exist 1 item do not see item left" library="MySteps">
<kw name="Get WebElement" library="SeleniumLibrary">
<doc>Returns the first WebElement matching the given ``locator``.</doc>
<arguments>
<arg>(//*[@class='todo-list']//button[@class='destroy'])[1]</arg>
</arguments>
<assign>
<var>${ele}</var>
</assign>
<msg timestamp="20211022 22:37:23.887" level="INFO">${ele} = &lt;selenium.webdriver.remote.webelement.WebElement (session="6625b38387dca19818e34cd183fb98a3", element="cf075632-1836-45fd-b798-a6768d96eff6")&gt;</msg>
<status status="PASS" starttime="20211022 22:37:23.875" endtime="20211022 22:37:23.887"></status>
</kw>
<kw name="Execute Javascript" library="SeleniumLibrary">
<doc>Executes the given JavaScript code with possible arguments.</doc>
<arguments>
<arg>arguments[0].click();</arg>
<arg>ARGUMENTS</arg>
<arg>${ele}</arg>
</arguments>
<msg timestamp="20211022 22:37:23.888" level="INFO">Executing JavaScript:
arguments[0].click();
By using argument:
'&lt;selenium.webdriver.remote.webelement.WebElement (session="6625b38387dca19818e34cd183fb98a3", element="cf075632-1836-45fd-b798-a6768d96eff6")&gt;'</msg>
<status status="PASS" starttime="20211022 22:37:23.887" endtime="20211022 22:37:23.895"></status>
</kw>
<kw name="Page Should Not Contain Element" library="SeleniumLibrary">
<doc>Verifies that element ``locator`` is found on the current page.</doc>
<arguments>
<arg>${last item}</arg>
</arguments>
<msg timestamp="20211022 22:37:23.909" level="INFO">Current page does not contain element '(//*[@class='todo-list']//label)[last()]'.</msg>
<status status="PASS" starttime="20211022 22:37:23.895" endtime="20211022 22:37:23.909"></status>
</kw>
<kw name="Sleep" library="BuiltIn">
<doc>Pauses the test executed for the given time.</doc>
<arguments>
<arg>5s</arg>
</arguments>
<msg timestamp="20211022 22:37:28.912" level="INFO">Slept 5 seconds</msg>
<status status="PASS" starttime="20211022 22:37:23.910" endtime="20211022 22:37:28.912"></status>
</kw>
<status status="PASS" starttime="20211022 22:37:23.874" endtime="20211022 22:37:28.912"></status>
</kw>
<status status="PASS" starttime="20211022 22:37:23.874" endtime="20211022 22:37:28.912"></status>
</kw>
<status status="PASS" starttime="20211022 22:37:20.397" endtime="20211022 22:37:28.912"></status>
</kw>
<status status="PASS" starttime="20211022 22:37:20.396" endtime="20211022 22:37:28.912"></status>
</kw>
<status status="PASS" starttime="20211022 22:37:20.396" endtime="20211022 22:37:28.912"></status>
</kw>
<kw name="Then List Should be empty" library="MySteps">
<kw name="Page Should Not Contain Element" library="SeleniumLibrary">
<doc>Verifies that element ``locator`` is found on the current page.</doc>
<arguments>
<arg>${last item}</arg>
</arguments>
<msg timestamp="20211022 22:37:28.921" level="INFO">Current page does not contain element '(//*[@class='todo-list']//label)[last()]'.</msg>
<status status="PASS" starttime="20211022 22:37:28.912" endtime="20211022 22:37:28.921"></status>
</kw>
<status status="PASS" starttime="20211022 22:37:28.912" endtime="20211022 22:37:28.921"></status>
</kw>
<kw name="close session" library="Base" type="teardown">
<kw name="Close All Browsers" library="SeleniumLibrary">
<doc>Closes all open browsers and resets the browser cache.</doc>
<status status="PASS" starttime="20211022 22:37:28.922" endtime="20211022 22:37:31.171"></status>
</kw>
<status status="PASS" starttime="20211022 22:37:28.922" endtime="20211022 22:37:31.171"></status>
</kw>
<status status="PASS" starttime="20211022 22:37:17.572" endtime="20211022 22:37:31.171" critical="yes"></status>
</test>
<test id="s1-t4" name="Todo_Add_Issue_Select_004">
<kw name="create session chrome" library="Base" type="setup">
<kw name="Open Browser" library="SeleniumLibrary">
<doc>Opens a new browser instance to the given ``url``.</doc>
<arguments>
<arg>${todom_url}</arg>
<arg>chrome</arg>
</arguments>
<msg timestamp="20211022 22:37:31.174" level="INFO">Opening browser 'chrome' to base url 'https://todomvc.com/examples/vue/#'.</msg>
<status status="PASS" starttime="20211022 22:37:31.174" endtime="20211022 22:37:33.906"></status>
</kw>
<kw name="Maximize Browser Window" library="SeleniumLibrary">
<doc>Maximizes current browser window.</doc>
<status status="PASS" starttime="20211022 22:37:33.906" endtime="20211022 22:37:34.027"></status>
</kw>
<status status="PASS" starttime="20211022 22:37:31.173" endtime="20211022 22:37:34.028"></status>
</kw>
<kw name="Generate Random String" library="String">
<doc>Generates a string with a desired ``length`` from the given ``chars``.</doc>
<arguments>
<arg>5</arg>
<arg>[LOWER]</arg>
</arguments>
<assign>
<var>${variable}</var>
</assign>
<msg timestamp="20211022 22:37:34.028" level="INFO">${variable} = ggxqa</msg>
<status status="PASS" starttime="20211022 22:37:34.028" endtime="20211022 22:37:34.029"></status>
</kw>
<kw name="And MySteps.I write and press Key" library="MySteps">
<arguments>
<arg>${what needs to be done inputText}</arg>
<arg>${variable}</arg>
<arg>ENTER</arg>
</arguments>
<kw name="Wait Until Page Contains Element" library="SeleniumLibrary">
<doc>Waits until element ``locator`` appears on current page.</doc>
<arguments>
<arg>${elementKey}</arg>
<arg>timeout=15</arg>
<arg>error=DO NOT DISPLAYED inputText=${elementKey}</arg>
</arguments>
<status status="PASS" starttime="20211022 22:37:34.030" endtime="20211022 22:37:34.055"></status>
</kw>
<kw name="Input Text" library="SeleniumLibrary">
<doc>Types the given ``text`` into text field identified by ``locator``.</doc>
<arguments>
<arg>${what needs to be done inputText}</arg>
<arg>${variable}</arg>
</arguments>
<msg timestamp="20211022 22:37:34.055" level="INFO">Typing text 'ggxqa' into text field '//input[contains(@placeholder,'What needs to be done')]'.</msg>
<status status="PASS" starttime="20211022 22:37:34.055" endtime="20211022 22:37:34.157"></status>
</kw>
<kw name="Press Keys" library="SeleniumLibrary">
<doc>Simulates user pressing key(s) to an element or on the active browser.</doc>
<arguments>
<arg>${what needs to be done inputText}</arg>
<arg>${key}</arg>
</arguments>
<msg timestamp="20211022 22:37:34.158" level="INFO">Sending key(s) ('ENTER',) to //input[contains(@placeholder,'What needs to be done')] element.</msg>
<msg timestamp="20211022 22:37:34.175" level="INFO">Pressing special key ENTER to element.</msg>
<status status="PASS" starttime="20211022 22:37:34.157" endtime="20211022 22:37:34.478"></status>
</kw>
<kw name="Sleep" library="BuiltIn">
<doc>Pauses the test executed for the given time.</doc>
<arguments>
<arg>3s</arg>
</arguments>
<msg timestamp="20211022 22:37:37.479" level="INFO">Slept 3 seconds</msg>
<status status="PASS" starttime="20211022 22:37:34.478" endtime="20211022 22:37:37.481"></status>
</kw>
<status status="PASS" starttime="20211022 22:37:34.029" endtime="20211022 22:37:37.481"></status>
</kw>
<kw name="And MySteps.I should see last variable in table" library="MySteps">
<arguments>
<arg>${variable}</arg>
</arguments>
<kw name="Get Text" library="SeleniumLibrary">
<doc>Returns the text value of element identified by ``locator``.</doc>
<arguments>
<arg>${last item}</arg>
</arguments>
<assign>
<var>${value}</var>
</assign>
<msg timestamp="20211022 22:37:37.514" level="INFO">${value} = ggxqa</msg>
<status status="PASS" starttime="20211022 22:37:37.481" endtime="20211022 22:37:37.514"></status>
</kw>
<kw name="Should Be Equal As Strings" library="BuiltIn">
<doc>Fails if objects are unequal after converting them to strings.</doc>
<arguments>
<arg>${variable}</arg>
<arg>${value}</arg>
<arg>msg=${variable} == ${value} does not Match</arg>
</arguments>
<status status="PASS" starttime="20211022 22:37:37.514" endtime="20211022 22:37:37.515"></status>
</kw>
<kw name="Wait Until Page Contains Element" library="SeleniumLibrary">
<doc>Waits until element ``locator`` appears on current page.</doc>
<arguments>
<arg>${issue count}</arg>
<arg>timeout=15</arg>
<arg>error=DO NOT DISPLAYED ${issue count}</arg>
</arguments>
<status status="PASS" starttime="20211022 22:37:37.515" endtime="20211022 22:37:37.526"></status>
</kw>
<kw name="Wait Until Page Contains Element" library="SeleniumLibrary">
<doc>Waits until element ``locator`` appears on current page.</doc>
<arguments>
<arg>${item left}</arg>
<arg>timeout=15</arg>
<arg>error=DO NOT DISPLAYED ${item left}</arg>
</arguments>
<status status="PASS" starttime="20211022 22:37:37.527" endtime="20211022 22:37:37.540"></status>
</kw>
<kw name="Wait Until Page Contains Element" library="SeleniumLibrary">
<doc>Waits until element ``locator`` appears on current page.</doc>
<arguments>
<arg>${all button}</arg>
<arg>timeout=15</arg>
<arg>error=DO NOT DISPLAYED ${all button}</arg>
</arguments>
<status status="PASS" starttime="20211022 22:37:37.541" endtime="20211022 22:37:37.553"></status>
</kw>
<status status="PASS" starttime="20211022 22:37:37.481" endtime="20211022 22:37:37.553"></status>
</kw>
<kw name="Then I click on any checkbox and see as a DONE" library="MySteps">
<arguments>
<arg>${last item checkbox}</arg>
</arguments>
<kw name="Get Text" library="SeleniumLibrary">
<doc>Returns the text value of element identified by ``locator``.</doc>
<arguments>
<arg>${issue count}</arg>
</arguments>
<assign>
<var>${firstIssueCountBefore}</var>
</assign>
<msg timestamp="20211022 22:37:37.576" level="INFO">${firstIssueCountBefore} = 1</msg>
<status status="PASS" starttime="20211022 22:37:37.554" endtime="20211022 22:37:37.576"></status>
</kw>
<kw name="Evaluate" library="BuiltIn">
<doc>Evaluates the given expression in Python and returns the results.</doc>
<arguments>
<arg>${firstIssueCountBefore}-1</arg>
</arguments>
<assign>
<var>${firstIssueCountResponse}</var>
</assign>
<msg timestamp="20211022 22:37:37.576" level="INFO">${firstIssueCountResponse} = 0</msg>
<status status="PASS" starttime="20211022 22:37:37.576" endtime="20211022 22:37:37.576"></status>
</kw>
<kw name="Click Element" library="SeleniumLibrary">
<doc>Click element identified by ``locator``.</doc>
<arguments>
<arg>${elementKey}</arg>
</arguments>
<msg timestamp="20211022 22:37:37.577" level="INFO">Clicking element '(//*[@class='todo-list']//input[@type='checkbox'])[last()]'.</msg>
<status status="PASS" starttime="20211022 22:37:37.577" endtime="20211022 22:37:37.633"></status>
</kw>
<kw name="Get Text" library="SeleniumLibrary">
<doc>Returns the text value of element identified by ``locator``.</doc>
<arguments>
<arg>${issue count}</arg>
</arguments>
<assign>
<var>${firstIssueCountAfter}</var>
</assign>
<msg timestamp="20211022 22:37:37.653" level="INFO">${firstIssueCountAfter} = 0</msg>
<status status="PASS" starttime="20211022 22:37:37.633" endtime="20211022 22:37:37.653"></status>
</kw>
<kw name="Then BuiltIn.Should be Equal As Strings" library="BuiltIn">
<doc>Fails if objects are unequal after converting them to strings.</doc>
<arguments>
<arg>${firstIssueCountResponse}</arg>
<arg>${firstIssueCountAfter}</arg>
<arg>msg=${firstIssueCountResponse} == ${firstIssueCountAfter} does not Match</arg>
</arguments>
<msg timestamp="20211022 22:37:37.654" level="INFO">Argument types are:
&lt;class 'int'&gt;
&lt;type 'unicode'&gt;</msg>
<status status="PASS" starttime="20211022 22:37:37.653" endtime="20211022 22:37:37.654"></status>
</kw>
<kw name="Sleep" library="BuiltIn">
<doc>Pauses the test executed for the given time.</doc>
<arguments>
<arg>5s</arg>
</arguments>
<msg timestamp="20211022 22:37:42.655" level="INFO">Slept 5 seconds</msg>
<status status="PASS" starttime="20211022 22:37:37.654" endtime="20211022 22:37:42.655"></status>
</kw>
<status status="PASS" starttime="20211022 22:37:37.554" endtime="20211022 22:37:42.655"></status>
</kw>
<kw name="close session" library="Base" type="teardown">
<kw name="Close All Browsers" library="SeleniumLibrary">
<doc>Closes all open browsers and resets the browser cache.</doc>
<status status="PASS" starttime="20211022 22:37:42.656" endtime="20211022 22:37:44.915"></status>
</kw>
<status status="PASS" starttime="20211022 22:37:42.656" endtime="20211022 22:37:44.915"></status>
</kw>
<status status="PASS" starttime="20211022 22:37:31.173" endtime="20211022 22:37:44.916" critical="yes"></status>
</test>
<test id="s1-t5" name="Todo_Add_Issue_Select_Remove_005">
<kw name="create session chrome" library="Base" type="setup">
<kw name="Open Browser" library="SeleniumLibrary">
<doc>Opens a new browser instance to the given ``url``.</doc>
<arguments>
<arg>${todom_url}</arg>
<arg>chrome</arg>
</arguments>
<msg timestamp="20211022 22:37:44.919" level="INFO">Opening browser 'chrome' to base url 'https://todomvc.com/examples/vue/#'.</msg>
<status status="PASS" starttime="20211022 22:37:44.918" endtime="20211022 22:37:47.460"></status>
</kw>
<kw name="Maximize Browser Window" library="SeleniumLibrary">
<doc>Maximizes current browser window.</doc>
<status status="PASS" starttime="20211022 22:37:47.460" endtime="20211022 22:37:47.582"></status>
</kw>
<status status="PASS" starttime="20211022 22:37:44.918" endtime="20211022 22:37:47.583"></status>
</kw>
<kw name="Generate Random String" library="String">
<doc>Generates a string with a desired ``length`` from the given ``chars``.</doc>
<arguments>
<arg>5</arg>
<arg>[LOWER]</arg>
</arguments>
<assign>
<var>${variable}</var>
</assign>
<msg timestamp="20211022 22:37:47.584" level="INFO">${variable} = hrqxn</msg>
<status status="PASS" starttime="20211022 22:37:47.584" endtime="20211022 22:37:47.584"></status>
</kw>
<kw name="And MySteps.I write and press Key" library="MySteps">
<arguments>
<arg>${what needs to be done inputText}</arg>
<arg>${variable}</arg>
<arg>ENTER</arg>
</arguments>
<kw name="Wait Until Page Contains Element" library="SeleniumLibrary">
<doc>Waits until element ``locator`` appears on current page.</doc>
<arguments>
<arg>${elementKey}</arg>
<arg>timeout=15</arg>
<arg>error=DO NOT DISPLAYED inputText=${elementKey}</arg>
</arguments>
<status status="PASS" starttime="20211022 22:37:47.590" endtime="20211022 22:37:47.619"></status>
</kw>
<kw name="Input Text" library="SeleniumLibrary">
<doc>Types the given ``text`` into text field identified by ``locator``.</doc>
<arguments>
<arg>${what needs to be done inputText}</arg>
<arg>${variable}</arg>
</arguments>
<msg timestamp="20211022 22:37:47.620" level="INFO">Typing text 'hrqxn' into text field '//input[contains(@placeholder,'What needs to be done')]'.</msg>
<status status="PASS" starttime="20211022 22:37:47.620" endtime="20211022 22:37:47.752"></status>
</kw>
<kw name="Press Keys" library="SeleniumLibrary">
<doc>Simulates user pressing key(s) to an element or on the active browser.</doc>
<arguments>
<arg>${what needs to be done inputText}</arg>
<arg>${key}</arg>
</arguments>
<msg timestamp="20211022 22:37:47.753" level="INFO">Sending key(s) ('ENTER',) to //input[contains(@placeholder,'What needs to be done')] element.</msg>
<msg timestamp="20211022 22:37:47.761" level="INFO">Pressing special key ENTER to element.</msg>
<status status="PASS" starttime="20211022 22:37:47.752" endtime="20211022 22:37:48.056"></status>
</kw>
<kw name="Sleep" library="BuiltIn">
<doc>Pauses the test executed for the given time.</doc>
<arguments>
<arg>3s</arg>
</arguments>
<msg timestamp="20211022 22:37:51.057" level="INFO">Slept 3 seconds</msg>
<status status="PASS" starttime="20211022 22:37:48.056" endtime="20211022 22:37:51.058"></status>
</kw>
<status status="PASS" starttime="20211022 22:37:47.589" endtime="20211022 22:37:51.058"></status>
</kw>
<kw name="And MySteps.I should see last variable in table" library="MySteps">
<arguments>
<arg>${variable}</arg>
</arguments>
<kw name="Get Text" library="SeleniumLibrary">
<doc>Returns the text value of element identified by ``locator``.</doc>
<arguments>
<arg>${last item}</arg>
</arguments>
<assign>
<var>${value}</var>
</assign>
<msg timestamp="20211022 22:37:51.086" level="INFO">${value} = hrqxn</msg>
<status status="PASS" starttime="20211022 22:37:51.060" endtime="20211022 22:37:51.086"></status>
</kw>
<kw name="Should Be Equal As Strings" library="BuiltIn">
<doc>Fails if objects are unequal after converting them to strings.</doc>
<arguments>
<arg>${variable}</arg>
<arg>${value}</arg>
<arg>msg=${variable} == ${value} does not Match</arg>
</arguments>
<status status="PASS" starttime="20211022 22:37:51.086" endtime="20211022 22:37:51.086"></status>
</kw>
<kw name="Wait Until Page Contains Element" library="SeleniumLibrary">
<doc>Waits until element ``locator`` appears on current page.</doc>
<arguments>
<arg>${issue count}</arg>
<arg>timeout=15</arg>
<arg>error=DO NOT DISPLAYED ${issue count}</arg>
</arguments>
<status status="PASS" starttime="20211022 22:37:51.086" endtime="20211022 22:37:51.098"></status>
</kw>
<kw name="Wait Until Page Contains Element" library="SeleniumLibrary">
<doc>Waits until element ``locator`` appears on current page.</doc>
<arguments>
<arg>${item left}</arg>
<arg>timeout=15</arg>
<arg>error=DO NOT DISPLAYED ${item left}</arg>
</arguments>
<status status="PASS" starttime="20211022 22:37:51.099" endtime="20211022 22:37:51.113"></status>
</kw>
<kw name="Wait Until Page Contains Element" library="SeleniumLibrary">
<doc>Waits until element ``locator`` appears on current page.</doc>
<arguments>
<arg>${all button}</arg>
<arg>timeout=15</arg>
<arg>error=DO NOT DISPLAYED ${all button}</arg>
</arguments>
<status status="PASS" starttime="20211022 22:37:51.113" endtime="20211022 22:37:51.125"></status>
</kw>
<status status="PASS" starttime="20211022 22:37:51.059" endtime="20211022 22:37:51.125"></status>
</kw>
<kw name="Then I click on any checkbox and see as a DONE" library="MySteps">
<arguments>
<arg>${last item checkbox}</arg>
</arguments>
<kw name="Get Text" library="SeleniumLibrary">
<doc>Returns the text value of element identified by ``locator``.</doc>
<arguments>
<arg>${issue count}</arg>
</arguments>
<assign>
<var>${firstIssueCountBefore}</var>
</assign>
<msg timestamp="20211022 22:37:51.149" level="INFO">${firstIssueCountBefore} = 1</msg>
<status status="PASS" starttime="20211022 22:37:51.127" endtime="20211022 22:37:51.149"></status>
</kw>
<kw name="Evaluate" library="BuiltIn">
<doc>Evaluates the given expression in Python and returns the results.</doc>
<arguments>
<arg>${firstIssueCountBefore}-1</arg>
</arguments>
<assign>
<var>${firstIssueCountResponse}</var>
</assign>
<msg timestamp="20211022 22:37:51.149" level="INFO">${firstIssueCountResponse} = 0</msg>
<status status="PASS" starttime="20211022 22:37:51.149" endtime="20211022 22:37:51.149"></status>
</kw>
<kw name="Click Element" library="SeleniumLibrary">
<doc>Click element identified by ``locator``.</doc>
<arguments>
<arg>${elementKey}</arg>
</arguments>
<msg timestamp="20211022 22:37:51.150" level="INFO">Clicking element '(//*[@class='todo-list']//input[@type='checkbox'])[last()]'.</msg>
<status status="PASS" starttime="20211022 22:37:51.150" endtime="20211022 22:37:51.206"></status>
</kw>
<kw name="Get Text" library="SeleniumLibrary">
<doc>Returns the text value of element identified by ``locator``.</doc>
<arguments>
<arg>${issue count}</arg>
</arguments>
<assign>
<var>${firstIssueCountAfter}</var>
</assign>
<msg timestamp="20211022 22:37:51.230" level="INFO">${firstIssueCountAfter} = 0</msg>
<status status="PASS" starttime="20211022 22:37:51.207" endtime="20211022 22:37:51.230"></status>
</kw>
<kw name="Then BuiltIn.Should be Equal As Strings" library="BuiltIn">
<doc>Fails if objects are unequal after converting them to strings.</doc>
<arguments>
<arg>${firstIssueCountResponse}</arg>
<arg>${firstIssueCountAfter}</arg>
<arg>msg=${firstIssueCountResponse} == ${firstIssueCountAfter} does not Match</arg>
</arguments>
<msg timestamp="20211022 22:37:51.231" level="INFO">Argument types are:
&lt;class 'int'&gt;
&lt;type 'unicode'&gt;</msg>
<status status="PASS" starttime="20211022 22:37:51.230" endtime="20211022 22:37:51.231"></status>
</kw>
<kw name="Sleep" library="BuiltIn">
<doc>Pauses the test executed for the given time.</doc>
<arguments>
<arg>5s</arg>
</arguments>
<msg timestamp="20211022 22:37:56.231" level="INFO">Slept 5 seconds</msg>
<status status="PASS" starttime="20211022 22:37:51.231" endtime="20211022 22:37:56.231"></status>
</kw>
<status status="PASS" starttime="20211022 22:37:51.126" endtime="20211022 22:37:56.231"></status>
</kw>
<kw name="Then I will delete one item and verification with status" library="MySteps">
<arguments>
<arg>select</arg>
</arguments>
<kw name="Run Keyword If" library="BuiltIn">
<doc>Runs the given keyword with the given arguments, if ``condition`` is true.</doc>
<arguments>
<arg>'${status}' == 'unselect'</arg>
<arg>unselectedDelete_S</arg>
<arg>ELSE IF</arg>
<arg>'${status}' == 'select'</arg>
<arg>selectedDelete_S</arg>
<arg>ELSE</arg>
<arg>BuiltIn.Fail</arg>
<arg>msg=HAVE TO CHOOSE selected or unselected</arg>
</arguments>
<kw name="selectedDelete_S" library="MySteps">
<kw name="Get Text" library="SeleniumLibrary">
<doc>Returns the text value of element identified by ``locator``.</doc>
<arguments>
<arg>${issue count}</arg>
</arguments>
<assign>
<var>${firstIssueCount}</var>
</assign>
<msg timestamp="20211022 22:37:56.251" level="INFO">${firstIssueCount} = 0</msg>
<status status="PASS" starttime="20211022 22:37:56.233" endtime="20211022 22:37:56.251"></status>
</kw>
<kw name="Run Keyword If" library="BuiltIn">
<doc>Runs the given keyword with the given arguments, if ``condition`` is true.</doc>
<arguments>
<arg>'${firstIssueCount}' == ''</arg>
<arg>And MySteps.I write and press Key</arg>
<arg>${what needs to be done inputText}</arg>
<arg>test</arg>
<arg>ENTER</arg>
</arguments>
<status status="PASS" starttime="20211022 22:37:56.251" endtime="20211022 22:37:56.252"></status>
</kw>
<kw name="Get Text" library="SeleniumLibrary">
<doc>Returns the text value of element identified by ``locator``.</doc>
<arguments>
<arg>${issue count}</arg>
</arguments>
<assign>
<var>${firstIssueCount}</var>
</assign>
<msg timestamp="20211022 22:37:56.267" level="INFO">${firstIssueCount} = 0</msg>
<status status="PASS" starttime="20211022 22:37:56.252" endtime="20211022 22:37:56.267"></status>
</kw>
<kw name="Run Keyword If" library="BuiltIn">
<doc>Runs the given keyword with the given arguments, if ``condition`` is true.</doc>
<arguments>
<arg>'${firstIssueCount}' == '0'</arg>
<arg>If exist 0 item do not see item left</arg>
<arg>ELSE</arg>
<arg>If exist items Delete and Verify item left Counts</arg>
</arguments>
<kw name="If exist 0 item do not see item left" library="MySteps">
<kw name="Get WebElement" library="SeleniumLibrary">
<doc>Returns the first WebElement matching the given ``locator``.</doc>
<arguments>
<arg>(//*[@class='todo-list']//button[@class='destroy'])[1]</arg>
</arguments>
<assign>
<var>${ele}</var>
</assign>
<msg timestamp="20211022 22:37:56.282" level="INFO">${ele} = &lt;selenium.webdriver.remote.webelement.WebElement (session="822791aae441d9d3701385a2b0583c7b", element="7ed891e8-3f8a-442e-91b4-75e2bbca4010")&gt;</msg>
<status status="PASS" starttime="20211022 22:37:56.268" endtime="20211022 22:37:56.282"></status>
</kw>
<kw name="Execute Javascript" library="SeleniumLibrary">
<doc>Executes the given JavaScript code with possible arguments.</doc>
<arguments>
<arg>arguments[0].click();</arg>
<arg>ARGUMENTS</arg>
<arg>${ele}</arg>
</arguments>
<msg timestamp="20211022 22:37:56.282" level="INFO">Executing JavaScript:
arguments[0].click();
By using argument:
'&lt;selenium.webdriver.remote.webelement.WebElement (session="822791aae441d9d3701385a2b0583c7b", element="7ed891e8-3f8a-442e-91b4-75e2bbca4010")&gt;'</msg>
<status status="PASS" starttime="20211022 22:37:56.282" endtime="20211022 22:37:56.291"></status>
</kw>
<kw name="Page Should Not Contain Element" library="SeleniumLibrary">
<doc>Verifies that element ``locator`` is found on the current page.</doc>
<arguments>
<arg>${last item}</arg>
</arguments>
<msg timestamp="20211022 22:37:56.300" level="INFO">Current page does not contain element '(//*[@class='todo-list']//label)[last()]'.</msg>
<status status="PASS" starttime="20211022 22:37:56.292" endtime="20211022 22:37:56.300"></status>
</kw>
<kw name="Sleep" library="BuiltIn">
<doc>Pauses the test executed for the given time.</doc>
<arguments>
<arg>5s</arg>
</arguments>
<msg timestamp="20211022 22:38:01.302" level="INFO">Slept 5 seconds</msg>
<status status="PASS" starttime="20211022 22:37:56.300" endtime="20211022 22:38:01.302"></status>
</kw>
<status status="PASS" starttime="20211022 22:37:56.267" endtime="20211022 22:38:01.302"></status>
</kw>
<status status="PASS" starttime="20211022 22:37:56.267" endtime="20211022 22:38:01.302"></status>
</kw>
<status status="PASS" starttime="20211022 22:37:56.233" endtime="20211022 22:38:01.302"></status>
</kw>
<status status="PASS" starttime="20211022 22:37:56.233" endtime="20211022 22:38:01.302"></status>
</kw>
<status status="PASS" starttime="20211022 22:37:56.232" endtime="20211022 22:38:01.302"></status>
</kw>
<kw name="close session" library="Base" type="teardown">
<kw name="Close All Browsers" library="SeleniumLibrary">
<doc>Closes all open browsers and resets the browser cache.</doc>
<status status="PASS" starttime="20211022 22:38:01.305" endtime="20211022 22:38:03.523"></status>
</kw>
<status status="PASS" starttime="20211022 22:38:01.303" endtime="20211022 22:38:03.523"></status>
</kw>
<status status="PASS" starttime="20211022 22:37:44.917" endtime="20211022 22:38:03.523" critical="yes"></status>
</test>
<test id="s1-t6" name="Todo_Add_MoreIssues_ClearCompleted button_006">
<kw name="create session chrome" library="Base" type="setup">
<kw name="Open Browser" library="SeleniumLibrary">
<doc>Opens a new browser instance to the given ``url``.</doc>
<arguments>
<arg>${todom_url}</arg>
<arg>chrome</arg>
</arguments>
<msg timestamp="20211022 22:38:03.526" level="INFO">Opening browser 'chrome' to base url 'https://todomvc.com/examples/vue/#'.</msg>
<status status="PASS" starttime="20211022 22:38:03.526" endtime="20211022 22:38:06.139"></status>
</kw>
<kw name="Maximize Browser Window" library="SeleniumLibrary">
<doc>Maximizes current browser window.</doc>
<status status="PASS" starttime="20211022 22:38:06.140" endtime="20211022 22:38:06.262"></status>
</kw>
<status status="PASS" starttime="20211022 22:38:03.526" endtime="20211022 22:38:06.262"></status>
</kw>
<kw name="Generate Random String" library="String">
<doc>Generates a string with a desired ``length`` from the given ``chars``.</doc>
<arguments>
<arg>5</arg>
<arg>[LOWER]</arg>
</arguments>
<assign>
<var>${variable}</var>
</assign>
<msg timestamp="20211022 22:38:06.264" level="INFO">${variable} = hwkhk</msg>
<status status="PASS" starttime="20211022 22:38:06.263" endtime="20211022 22:38:06.264"></status>
</kw>
<kw name="And MySteps.I write and press Key" library="MySteps">
<arguments>
<arg>${what needs to be done inputText}</arg>
<arg>${variable}</arg>
<arg>ENTER</arg>
</arguments>
<kw name="Wait Until Page Contains Element" library="SeleniumLibrary">
<doc>Waits until element ``locator`` appears on current page.</doc>
<arguments>
<arg>${elementKey}</arg>
<arg>timeout=15</arg>
<arg>error=DO NOT DISPLAYED inputText=${elementKey}</arg>
</arguments>
<status status="PASS" starttime="20211022 22:38:06.266" endtime="20211022 22:38:06.297"></status>
</kw>
<kw name="Input Text" library="SeleniumLibrary">
<doc>Types the given ``text`` into text field identified by ``locator``.</doc>
<arguments>
<arg>${what needs to be done inputText}</arg>
<arg>${variable}</arg>
</arguments>
<msg timestamp="20211022 22:38:06.298" level="INFO">Typing text 'hwkhk' into text field '//input[contains(@placeholder,'What needs to be done')]'.</msg>
<status status="PASS" starttime="20211022 22:38:06.297" endtime="20211022 22:38:06.382"></status>
</kw>
<kw name="Press Keys" library="SeleniumLibrary">
<doc>Simulates user pressing key(s) to an element or on the active browser.</doc>
<arguments>
<arg>${what needs to be done inputText}</arg>
<arg>${key}</arg>
</arguments>
<msg timestamp="20211022 22:38:06.382" level="INFO">Sending key(s) ('ENTER',) to //input[contains(@placeholder,'What needs to be done')] element.</msg>
<msg timestamp="20211022 22:38:06.394" level="INFO">Pressing special key ENTER to element.</msg>
<status status="PASS" starttime="20211022 22:38:06.382" endtime="20211022 22:38:06.683"></status>
</kw>
<kw name="Sleep" library="BuiltIn">
<doc>Pauses the test executed for the given time.</doc>
<arguments>
<arg>3s</arg>
</arguments>
<msg timestamp="20211022 22:38:09.687" level="INFO">Slept 3 seconds</msg>
<status status="PASS" starttime="20211022 22:38:06.683" endtime="20211022 22:38:09.687"></status>
</kw>
<status status="PASS" starttime="20211022 22:38:06.265" endtime="20211022 22:38:09.687"></status>
</kw>
<kw name="And MySteps.I should see last variable in table" library="MySteps">
<arguments>
<arg>${variable}</arg>
</arguments>
<kw name="Get Text" library="SeleniumLibrary">
<doc>Returns the text value of element identified by ``locator``.</doc>
<arguments>
<arg>${last item}</arg>
</arguments>
<assign>
<var>${value}</var>
</assign>
<msg timestamp="20211022 22:38:09.714" level="INFO">${value} = hwkhk</msg>
<status status="PASS" starttime="20211022 22:38:09.688" endtime="20211022 22:38:09.714"></status>
</kw>
<kw name="Should Be Equal As Strings" library="BuiltIn">
<doc>Fails if objects are unequal after converting them to strings.</doc>
<arguments>
<arg>${variable}</arg>
<arg>${value}</arg>
<arg>msg=${variable} == ${value} does not Match</arg>
</arguments>
<status status="PASS" starttime="20211022 22:38:09.715" endtime="20211022 22:38:09.715"></status>
</kw>
<kw name="Wait Until Page Contains Element" library="SeleniumLibrary">
<doc>Waits until element ``locator`` appears on current page.</doc>
<arguments>
<arg>${issue count}</arg>
<arg>timeout=15</arg>
<arg>error=DO NOT DISPLAYED ${issue count}</arg>
</arguments>
<status status="PASS" starttime="20211022 22:38:09.715" endtime="20211022 22:38:09.728"></status>
</kw>
<kw name="Wait Until Page Contains Element" library="SeleniumLibrary">
<doc>Waits until element ``locator`` appears on current page.</doc>
<arguments>
<arg>${item left}</arg>
<arg>timeout=15</arg>
<arg>error=DO NOT DISPLAYED ${item left}</arg>
</arguments>
<status status="PASS" starttime="20211022 22:38:09.728" endtime="20211022 22:38:09.742"></status>
</kw>
<kw name="Wait Until Page Contains Element" library="SeleniumLibrary">
<doc>Waits until element ``locator`` appears on current page.</doc>
<arguments>
<arg>${all button}</arg>
<arg>timeout=15</arg>
<arg>error=DO NOT DISPLAYED ${all button}</arg>
</arguments>
<status status="PASS" starttime="20211022 22:38:09.743" endtime="20211022 22:38:09.754"></status>
</kw>
<status status="PASS" starttime="20211022 22:38:09.688" endtime="20211022 22:38:09.754"></status>
</kw>
<kw name="Then I click on any checkbox and see as a DONE" library="MySteps">
<arguments>
<arg>${last item checkbox}</arg>
</arguments>
<kw name="Get Text" library="SeleniumLibrary">
<doc>Returns the text value of element identified by ``locator``.</doc>
<arguments>
<arg>${issue count}</arg>
</arguments>
<assign>
<var>${firstIssueCountBefore}</var>
</assign>
<msg timestamp="20211022 22:38:09.777" level="INFO">${firstIssueCountBefore} = 1</msg>
<status status="PASS" starttime="20211022 22:38:09.755" endtime="20211022 22:38:09.777"></status>
</kw>
<kw name="Evaluate" library="BuiltIn">
<doc>Evaluates the given expression in Python and returns the results.</doc>
<arguments>
<arg>${firstIssueCountBefore}-1</arg>
</arguments>
<assign>
<var>${firstIssueCountResponse}</var>
</assign>
<msg timestamp="20211022 22:38:09.777" level="INFO">${firstIssueCountResponse} = 0</msg>
<status status="PASS" starttime="20211022 22:38:09.777" endtime="20211022 22:38:09.777"></status>
</kw>
<kw name="Click Element" library="SeleniumLibrary">
<doc>Click element identified by ``locator``.</doc>
<arguments>
<arg>${elementKey}</arg>
</arguments>
<msg timestamp="20211022 22:38:09.777" level="INFO">Clicking element '(//*[@class='todo-list']//input[@type='checkbox'])[last()]'.</msg>
<status status="PASS" starttime="20211022 22:38:09.777" endtime="20211022 22:38:09.831"></status>
</kw>
<kw name="Get Text" library="SeleniumLibrary">
<doc>Returns the text value of element identified by ``locator``.</doc>
<arguments>
<arg>${issue count}</arg>
</arguments>
<assign>
<var>${firstIssueCountAfter}</var>
</assign>
<msg timestamp="20211022 22:38:09.856" level="INFO">${firstIssueCountAfter} = 0</msg>
<status status="PASS" starttime="20211022 22:38:09.832" endtime="20211022 22:38:09.856"></status>
</kw>
<kw name="Then BuiltIn.Should be Equal As Strings" library="BuiltIn">
<doc>Fails if objects are unequal after converting them to strings.</doc>
<arguments>
<arg>${firstIssueCountResponse}</arg>
<arg>${firstIssueCountAfter}</arg>
<arg>msg=${firstIssueCountResponse} == ${firstIssueCountAfter} does not Match</arg>
</arguments>
<msg timestamp="20211022 22:38:09.856" level="INFO">Argument types are:
&lt;class 'int'&gt;
&lt;type 'unicode'&gt;</msg>
<status status="PASS" starttime="20211022 22:38:09.856" endtime="20211022 22:38:09.856"></status>
</kw>
<kw name="Sleep" library="BuiltIn">
<doc>Pauses the test executed for the given time.</doc>
<arguments>
<arg>5s</arg>
</arguments>
<msg timestamp="20211022 22:38:14.857" level="INFO">Slept 5 seconds</msg>
<status status="PASS" starttime="20211022 22:38:09.857" endtime="20211022 22:38:14.857"></status>
</kw>
<status status="PASS" starttime="20211022 22:38:09.755" endtime="20211022 22:38:14.857"></status>
</kw>
<kw name="Generate Random String" library="String">
<doc>Generates a string with a desired ``length`` from the given ``chars``.</doc>
<arguments>
<arg>5</arg>
<arg>[LOWER]</arg>
</arguments>
<assign>
<var>${variable}</var>
</assign>
<msg timestamp="20211022 22:38:14.858" level="INFO">${variable} = ixwye</msg>
<status status="PASS" starttime="20211022 22:38:14.858" endtime="20211022 22:38:14.858"></status>
</kw>
<kw name="And MySteps.I write and press Key" library="MySteps">
<arguments>
<arg>${what needs to be done inputText}</arg>
<arg>${variable}</arg>
<arg>ENTER</arg>
</arguments>
<kw name="Wait Until Page Contains Element" library="SeleniumLibrary">
<doc>Waits until element ``locator`` appears on current page.</doc>
<arguments>
<arg>${elementKey}</arg>
<arg>timeout=15</arg>
<arg>error=DO NOT DISPLAYED inputText=${elementKey}</arg>
</arguments>
<status status="PASS" starttime="20211022 22:38:14.859" endtime="20211022 22:38:14.870"></status>
</kw>
<kw name="Input Text" library="SeleniumLibrary">
<doc>Types the given ``text`` into text field identified by ``locator``.</doc>
<arguments>
<arg>${what needs to be done inputText}</arg>
<arg>${variable}</arg>
</arguments>
<msg timestamp="20211022 22:38:14.870" level="INFO">Typing text 'ixwye' into text field '//input[contains(@placeholder,'What needs to be done')]'.</msg>
<status status="PASS" starttime="20211022 22:38:14.870" endtime="20211022 22:38:14.939"></status>
</kw>
<kw name="Press Keys" library="SeleniumLibrary">
<doc>Simulates user pressing key(s) to an element or on the active browser.</doc>
<arguments>
<arg>${what needs to be done inputText}</arg>
<arg>${key}</arg>
</arguments>
<msg timestamp="20211022 22:38:14.940" level="INFO">Sending key(s) ('ENTER',) to //input[contains(@placeholder,'What needs to be done')] element.</msg>
<msg timestamp="20211022 22:38:14.947" level="INFO">Pressing special key ENTER to element.</msg>
<status status="PASS" starttime="20211022 22:38:14.939" endtime="20211022 22:38:15.213"></status>
</kw>
<kw name="Sleep" library="BuiltIn">
<doc>Pauses the test executed for the given time.</doc>
<arguments>
<arg>3s</arg>
</arguments>
<msg timestamp="20211022 22:38:18.214" level="INFO">Slept 3 seconds</msg>
<status status="PASS" starttime="20211022 22:38:15.213" endtime="20211022 22:38:18.215"></status>
</kw>
<status status="PASS" starttime="20211022 22:38:14.859" endtime="20211022 22:38:18.215"></status>
</kw>
<kw name="And MySteps.I should see last variable in table" library="MySteps">
<arguments>
<arg>${variable}</arg>
</arguments>
<kw name="Get Text" library="SeleniumLibrary">
<doc>Returns the text value of element identified by ``locator``.</doc>
<arguments>
<arg>${last item}</arg>
</arguments>
<assign>
<var>${value}</var>
</assign>
<msg timestamp="20211022 22:38:18.237" level="INFO">${value} = ixwye</msg>
<status status="PASS" starttime="20211022 22:38:18.216" endtime="20211022 22:38:18.237"></status>
</kw>
<kw name="Should Be Equal As Strings" library="BuiltIn">
<doc>Fails if objects are unequal after converting them to strings.</doc>
<arguments>
<arg>${variable}</arg>
<arg>${value}</arg>
<arg>msg=${variable} == ${value} does not Match</arg>
</arguments>
<status status="PASS" starttime="20211022 22:38:18.238" endtime="20211022 22:38:18.238"></status>
</kw>
<kw name="Wait Until Page Contains Element" library="SeleniumLibrary">
<doc>Waits until element ``locator`` appears on current page.</doc>
<arguments>
<arg>${issue count}</arg>
<arg>timeout=15</arg>
<arg>error=DO NOT DISPLAYED ${issue count}</arg>
</arguments>
<status status="PASS" starttime="20211022 22:38:18.238" endtime="20211022 22:38:18.246"></status>
</kw>
<kw name="Wait Until Page Contains Element" library="SeleniumLibrary">
<doc>Waits until element ``locator`` appears on current page.</doc>
<arguments>
<arg>${item left}</arg>
<arg>timeout=15</arg>
<arg>error=DO NOT DISPLAYED ${item left}</arg>
</arguments>
<status status="PASS" starttime="20211022 22:38:18.247" endtime="20211022 22:38:18.255"></status>
</kw>
<kw name="Wait Until Page Contains Element" library="SeleniumLibrary">
<doc>Waits until element ``locator`` appears on current page.</doc>
<arguments>
<arg>${all button}</arg>
<arg>timeout=15</arg>
<arg>error=DO NOT DISPLAYED ${all button}</arg>
</arguments>
<status status="PASS" starttime="20211022 22:38:18.255" endtime="20211022 22:38:18.264"></status>
</kw>
<status status="PASS" starttime="20211022 22:38:18.216" endtime="20211022 22:38:18.264"></status>
</kw>
<kw name="Then I click on any checkbox and see as a DONE" library="MySteps">
<arguments>
<arg>${last item checkbox}</arg>
</arguments>
<kw name="Get Text" library="SeleniumLibrary">
<doc>Returns the text value of element identified by ``locator``.</doc>
<arguments>
<arg>${issue count}</arg>
</arguments>
<assign>
<var>${firstIssueCountBefore}</var>
</assign>
<msg timestamp="20211022 22:38:18.281" level="INFO">${firstIssueCountBefore} = 1</msg>
<status status="PASS" starttime="20211022 22:38:18.266" endtime="20211022 22:38:18.281"></status>
</kw>
<kw name="Evaluate" library="BuiltIn">
<doc>Evaluates the given expression in Python and returns the results.</doc>
<arguments>
<arg>${firstIssueCountBefore}-1</arg>
</arguments>
<assign>
<var>${firstIssueCountResponse}</var>
</assign>
<msg timestamp="20211022 22:38:18.282" level="INFO">${firstIssueCountResponse} = 0</msg>
<status status="PASS" starttime="20211022 22:38:18.281" endtime="20211022 22:38:18.282"></status>
</kw>
<kw name="Click Element" library="SeleniumLibrary">
<doc>Click element identified by ``locator``.</doc>
<arguments>
<arg>${elementKey}</arg>
</arguments>
<msg timestamp="20211022 22:38:18.282" level="INFO">Clicking element '(//*[@class='todo-list']//input[@type='checkbox'])[last()]'.</msg>
<status status="PASS" starttime="20211022 22:38:18.282" endtime="20211022 22:38:18.327"></status>
</kw>
<kw name="Get Text" library="SeleniumLibrary">
<doc>Returns the text value of element identified by ``locator``.</doc>
<arguments>
<arg>${issue count}</arg>
</arguments>
<assign>
<var>${firstIssueCountAfter}</var>
</assign>
<msg timestamp="20211022 22:38:18.345" level="INFO">${firstIssueCountAfter} = 0</msg>
<status status="PASS" starttime="20211022 22:38:18.327" endtime="20211022 22:38:18.346"></status>
</kw>
<kw name="Then BuiltIn.Should be Equal As Strings" library="BuiltIn">
<doc>Fails if objects are unequal after converting them to strings.</doc>
<arguments>
<arg>${firstIssueCountResponse}</arg>
<arg>${firstIssueCountAfter}</arg>
<arg>msg=${firstIssueCountResponse} == ${firstIssueCountAfter} does not Match</arg>
</arguments>
<msg timestamp="20211022 22:38:18.347" level="INFO">Argument types are:
&lt;class 'int'&gt;
&lt;type 'unicode'&gt;</msg>
<status status="PASS" starttime="20211022 22:38:18.346" endtime="20211022 22:38:18.347"></status>
</kw>
<kw name="Sleep" library="BuiltIn">
<doc>Pauses the test executed for the given time.</doc>
<arguments>
<arg>5s</arg>
</arguments>
<msg timestamp="20211022 22:38:23.350" level="INFO">Slept 5 seconds</msg>
<status status="PASS" starttime="20211022 22:38:18.347" endtime="20211022 22:38:23.350"></status>
</kw>
<status status="PASS" starttime="20211022 22:38:18.265" endtime="20211022 22:38:23.350"></status>
</kw>
<kw name="Generate Random String" library="String">
<doc>Generates a string with a desired ``length`` from the given ``chars``.</doc>
<arguments>
<arg>5</arg>
<arg>[LOWER]</arg>
</arguments>
<assign>
<var>${variable}</var>
</assign>
<msg timestamp="20211022 22:38:23.352" level="INFO">${variable} = yrrke</msg>
<status status="PASS" starttime="20211022 22:38:23.351" endtime="20211022 22:38:23.352"></status>
</kw>
<kw name="And MySteps.I write and press Key" library="MySteps">
<arguments>
<arg>${what needs to be done inputText}</arg>
<arg>${variable}</arg>
<arg>ENTER</arg>
</arguments>
<kw name="Wait Until Page Contains Element" library="SeleniumLibrary">
<doc>Waits until element ``locator`` appears on current page.</doc>
<arguments>
<arg>${elementKey}</arg>
<arg>timeout=15</arg>
<arg>error=DO NOT DISPLAYED inputText=${elementKey}</arg>
</arguments>
<status status="PASS" starttime="20211022 22:38:23.353" endtime="20211022 22:38:23.361"></status>
</kw>
<kw name="Input Text" library="SeleniumLibrary">
<doc>Types the given ``text`` into text field identified by ``locator``.</doc>
<arguments>
<arg>${what needs to be done inputText}</arg>
<arg>${variable}</arg>
</arguments>
<msg timestamp="20211022 22:38:23.363" level="INFO">Typing text 'yrrke' into text field '//input[contains(@placeholder,'What needs to be done')]'.</msg>
<status status="PASS" starttime="20211022 22:38:23.362" endtime="20211022 22:38:23.426"></status>
</kw>
<kw name="Press Keys" library="SeleniumLibrary">
<doc>Simulates user pressing key(s) to an element or on the active browser.</doc>
<arguments>
<arg>${what needs to be done inputText}</arg>
<arg>${key}</arg>
</arguments>
<msg timestamp="20211022 22:38:23.429" level="INFO">Sending key(s) ('ENTER',) to //input[contains(@placeholder,'What needs to be done')] element.</msg>
<msg timestamp="20211022 22:38:23.439" level="INFO">Pressing special key ENTER to element.</msg>
<status status="PASS" starttime="20211022 22:38:23.427" endtime="20211022 22:38:23.720"></status>
</kw>
<kw name="Sleep" library="BuiltIn">
<doc>Pauses the test executed for the given time.</doc>
<arguments>
<arg>3s</arg>
</arguments>
<msg timestamp="20211022 22:38:26.722" level="INFO">Slept 3 seconds</msg>
<status status="PASS" starttime="20211022 22:38:23.721" endtime="20211022 22:38:26.722"></status>
</kw>
<status status="PASS" starttime="20211022 22:38:23.352" endtime="20211022 22:38:26.722"></status>
</kw>
<kw name="And MySteps.I should see last variable in table" library="MySteps">
<arguments>
<arg>${variable}</arg>
</arguments>
<kw name="Get Text" library="SeleniumLibrary">
<doc>Returns the text value of element identified by ``locator``.</doc>
<arguments>
<arg>${last item}</arg>
</arguments>
<assign>
<var>${value}</var>
</assign>
<msg timestamp="20211022 22:38:26.745" level="INFO">${value} = yrrke</msg>
<status status="PASS" starttime="20211022 22:38:26.723" endtime="20211022 22:38:26.745"></status>
</kw>
<kw name="Should Be Equal As Strings" library="BuiltIn">
<doc>Fails if objects are unequal after converting them to strings.</doc>
<arguments>
<arg>${variable}</arg>
<arg>${value}</arg>
<arg>msg=${variable} == ${value} does not Match</arg>
</arguments>
<status status="PASS" starttime="20211022 22:38:26.745" endtime="20211022 22:38:26.746"></status>
</kw>
<kw name="Wait Until Page Contains Element" library="SeleniumLibrary">
<doc>Waits until element ``locator`` appears on current page.</doc>
<arguments>
<arg>${issue count}</arg>
<arg>timeout=15</arg>
<arg>error=DO NOT DISPLAYED ${issue count}</arg>
</arguments>
<status status="PASS" starttime="20211022 22:38:26.746" endtime="20211022 22:38:26.753"></status>
</kw>
<kw name="Wait Until Page Contains Element" library="SeleniumLibrary">
<doc>Waits until element ``locator`` appears on current page.</doc>
<arguments>
<arg>${item left}</arg>
<arg>timeout=15</arg>
<arg>error=DO NOT DISPLAYED ${item left}</arg>
</arguments>
<status status="PASS" starttime="20211022 22:38:26.753" endtime="20211022 22:38:26.764"></status>
</kw>
<kw name="Wait Until Page Contains Element" library="SeleniumLibrary">
<doc>Waits until element ``locator`` appears on current page.</doc>
<arguments>
<arg>${all button}</arg>
<arg>timeout=15</arg>
<arg>error=DO NOT DISPLAYED ${all button}</arg>
</arguments>
<status status="PASS" starttime="20211022 22:38:26.764" endtime="20211022 22:38:26.771"></status>
</kw>
<status status="PASS" starttime="20211022 22:38:26.723" endtime="20211022 22:38:26.771"></status>
</kw>
<kw name="Then I click on any checkbox and see as a DONE" library="MySteps">
<arguments>
<arg>${last item checkbox}</arg>
</arguments>
<kw name="Get Text" library="SeleniumLibrary">
<doc>Returns the text value of element identified by ``locator``.</doc>
<arguments>
<arg>${issue count}</arg>
</arguments>
<assign>
<var>${firstIssueCountBefore}</var>
</assign>
<msg timestamp="20211022 22:38:26.788" level="INFO">${firstIssueCountBefore} = 1</msg>
<status status="PASS" starttime="20211022 22:38:26.772" endtime="20211022 22:38:26.788"></status>
</kw>
<kw name="Evaluate" library="BuiltIn">
<doc>Evaluates the given expression in Python and returns the results.</doc>
<arguments>
<arg>${firstIssueCountBefore}-1</arg>
</arguments>
<assign>
<var>${firstIssueCountResponse}</var>
</assign>
<msg timestamp="20211022 22:38:26.789" level="INFO">${firstIssueCountResponse} = 0</msg>
<status status="PASS" starttime="20211022 22:38:26.788" endtime="20211022 22:38:26.789"></status>
</kw>
<kw name="Click Element" library="SeleniumLibrary">
<doc>Click element identified by ``locator``.</doc>
<arguments>
<arg>${elementKey}</arg>
</arguments>
<msg timestamp="20211022 22:38:26.789" level="INFO">Clicking element '(//*[@class='todo-list']//input[@type='checkbox'])[last()]'.</msg>
<status status="PASS" starttime="20211022 22:38:26.789" endtime="20211022 22:38:26.834"></status>
</kw>
<kw name="Get Text" library="SeleniumLibrary">
<doc>Returns the text value of element identified by ``locator``.</doc>
<arguments>
<arg>${issue count}</arg>
</arguments>
<assign>
<var>${firstIssueCountAfter}</var>
</assign>
<msg timestamp="20211022 22:38:26.852" level="INFO">${firstIssueCountAfter} = 0</msg>
<status status="PASS" starttime="20211022 22:38:26.834" endtime="20211022 22:38:26.852"></status>
</kw>
<kw name="Then BuiltIn.Should be Equal As Strings" library="BuiltIn">
<doc>Fails if objects are unequal after converting them to strings.</doc>
<arguments>
<arg>${firstIssueCountResponse}</arg>
<arg>${firstIssueCountAfter}</arg>
<arg>msg=${firstIssueCountResponse} == ${firstIssueCountAfter} does not Match</arg>
</arguments>
<msg timestamp="20211022 22:38:26.853" level="INFO">Argument types are:
&lt;class 'int'&gt;
&lt;type 'unicode'&gt;</msg>
<status status="PASS" starttime="20211022 22:38:26.853" endtime="20211022 22:38:26.853"></status>
</kw>
<kw name="Sleep" library="BuiltIn">
<doc>Pauses the test executed for the given time.</doc>
<arguments>
<arg>5s</arg>
</arguments>
<msg timestamp="20211022 22:38:31.855" level="INFO">Slept 5 seconds</msg>
<status status="PASS" starttime="20211022 22:38:26.853" endtime="20211022 22:38:31.855"></status>
</kw>
<status status="PASS" starttime="20211022 22:38:26.772" endtime="20211022 22:38:31.855"></status>
</kw>
<kw name="When click element" library="SeleniumLibrary">
<doc>Click element identified by ``locator``.</doc>
<arguments>
<arg>${clear all button}</arg>
</arguments>
<msg timestamp="20211022 22:38:31.856" level="INFO">Clicking element '//button[@class='clear-completed']'.</msg>
<status status="PASS" starttime="20211022 22:38:31.856" endtime="20211022 22:38:31.904"></status>
</kw>
<kw name="Then List Should be empty" library="MySteps">
<kw name="Page Should Not Contain Element" library="SeleniumLibrary">
<doc>Verifies that element ``locator`` is found on the current page.</doc>
<arguments>
<arg>${last item}</arg>
</arguments>
<msg timestamp="20211022 22:38:31.916" level="INFO">Current page does not contain element '(//*[@class='todo-list']//label)[last()]'.</msg>
<status status="PASS" starttime="20211022 22:38:31.905" endtime="20211022 22:38:31.916"></status>
</kw>
<status status="PASS" starttime="20211022 22:38:31.905" endtime="20211022 22:38:31.916"></status>
</kw>
<kw name="close session" library="Base" type="teardown">
<kw name="Close All Browsers" library="SeleniumLibrary">
<doc>Closes all open browsers and resets the browser cache.</doc>
<status status="PASS" starttime="20211022 22:38:31.917" endtime="20211022 22:38:34.150"></status>
</kw>
<status status="PASS" starttime="20211022 22:38:31.917" endtime="20211022 22:38:34.150"></status>
</kw>
<status status="PASS" starttime="20211022 22:38:03.525" endtime="20211022 22:38:34.150" critical="yes"></status>
</test>
<test id="s1-t7" name="Todo_Add_Issue_All-Active-Completed buttons_007">
<kw name="create session chrome" library="Base" type="setup">
<kw name="Open Browser" library="SeleniumLibrary">
<doc>Opens a new browser instance to the given ``url``.</doc>
<arguments>
<arg>${todom_url}</arg>
<arg>chrome</arg>
</arguments>
<msg timestamp="20211022 22:38:34.153" level="INFO">Opening browser 'chrome' to base url 'https://todomvc.com/examples/vue/#'.</msg>
<status status="PASS" starttime="20211022 22:38:34.153" endtime="20211022 22:38:37.235"></status>
</kw>
<kw name="Maximize Browser Window" library="SeleniumLibrary">
<doc>Maximizes current browser window.</doc>
<status status="PASS" starttime="20211022 22:38:37.236" endtime="20211022 22:38:37.361"></status>
</kw>
<status status="PASS" starttime="20211022 22:38:34.153" endtime="20211022 22:38:37.361"></status>
</kw>
<kw name="Generate Random String" library="String">
<doc>Generates a string with a desired ``length`` from the given ``chars``.</doc>
<arguments>
<arg>5</arg>
<arg>[LOWER]</arg>
</arguments>
<assign>
<var>${firstVariable}</var>
</assign>
<msg timestamp="20211022 22:38:37.362" level="INFO">${firstVariable} = tsxbd</msg>
<status status="PASS" starttime="20211022 22:38:37.361" endtime="20211022 22:38:37.362"></status>
</kw>
<kw name="And MySteps.I write and press Key" library="MySteps">
<arguments>
<arg>${what needs to be done inputText}</arg>
<arg>${firstVariable}</arg>
<arg>ENTER</arg>
</arguments>
<kw name="Wait Until Page Contains Element" library="SeleniumLibrary">
<doc>Waits until element ``locator`` appears on current page.</doc>
<arguments>
<arg>${elementKey}</arg>
<arg>timeout=15</arg>
<arg>error=DO NOT DISPLAYED inputText=${elementKey}</arg>
</arguments>
<status status="PASS" starttime="20211022 22:38:37.363" endtime="20211022 22:38:37.384"></status>
</kw>
<kw name="Input Text" library="SeleniumLibrary">
<doc>Types the given ``text`` into text field identified by ``locator``.</doc>
<arguments>
<arg>${what needs to be done inputText}</arg>
<arg>${variable}</arg>
</arguments>
<msg timestamp="20211022 22:38:37.384" level="INFO">Typing text 'tsxbd' into text field '//input[contains(@placeholder,'What needs to be done')]'.</msg>
<status status="PASS" starttime="20211022 22:38:37.384" endtime="20211022 22:38:37.483"></status>
</kw>
<kw name="Press Keys" library="SeleniumLibrary">
<doc>Simulates user pressing key(s) to an element or on the active browser.</doc>
<arguments>
<arg>${what needs to be done inputText}</arg>
<arg>${key}</arg>
</arguments>
<msg timestamp="20211022 22:38:37.485" level="INFO">Sending key(s) ('ENTER',) to //input[contains(@placeholder,'What needs to be done')] element.</msg>
<msg timestamp="20211022 22:38:37.495" level="INFO">Pressing special key ENTER to element.</msg>
<status status="PASS" starttime="20211022 22:38:37.484" endtime="20211022 22:38:37.804"></status>
</kw>
<kw name="Sleep" library="BuiltIn">
<doc>Pauses the test executed for the given time.</doc>
<arguments>
<arg>3s</arg>
</arguments>
<msg timestamp="20211022 22:38:40.805" level="INFO">Slept 3 seconds</msg>
<status status="PASS" starttime="20211022 22:38:37.804" endtime="20211022 22:38:40.806"></status>
</kw>
<status status="PASS" starttime="20211022 22:38:37.362" endtime="20211022 22:38:40.806"></status>
</kw>
<kw name="And I should see VARIABLE in ELEMENTKEY" library="MySteps">
<arguments>
<arg>${firstVariable}</arg>
<arg>${last item}</arg>
</arguments>
<kw name="Element Should Contain" library="SeleniumLibrary">
<doc>Verifies that element ``locator`` contains text ``expected``.</doc>
<arguments>
<arg>${elementKey}</arg>
<arg>${variable}</arg>
</arguments>
<msg timestamp="20211022 22:38:40.835" level="INFO">Element '(//*[@class='todo-list']//label)[last()]' contains text 'tsxbd'.</msg>
<status status="PASS" starttime="20211022 22:38:40.807" endtime="20211022 22:38:40.836"></status>
</kw>
<status status="PASS" starttime="20211022 22:38:40.807" endtime="20211022 22:38:40.836"></status>
</kw>
<kw name="Then I click on any checkbox and see as a DONE" library="MySteps">
<arguments>
<arg>${last item checkbox}</arg>
</arguments>
<kw name="Get Text" library="SeleniumLibrary">
<doc>Returns the text value of element identified by ``locator``.</doc>
<arguments>
<arg>${issue count}</arg>
</arguments>
<assign>
<var>${firstIssueCountBefore}</var>
</assign>
<msg timestamp="20211022 22:38:40.864" level="INFO">${firstIssueCountBefore} = 1</msg>
<status status="PASS" starttime="20211022 22:38:40.837" endtime="20211022 22:38:40.865"></status>
</kw>
<kw name="Evaluate" library="BuiltIn">
<doc>Evaluates the given expression in Python and returns the results.</doc>
<arguments>
<arg>${firstIssueCountBefore}-1</arg>
</arguments>
<assign>
<var>${firstIssueCountResponse}</var>
</assign>
<msg timestamp="20211022 22:38:40.865" level="INFO">${firstIssueCountResponse} = 0</msg>
<status status="PASS" starttime="20211022 22:38:40.865" endtime="20211022 22:38:40.865"></status>
</kw>
<kw name="Click Element" library="SeleniumLibrary">
<doc>Click element identified by ``locator``.</doc>
<arguments>
<arg>${elementKey}</arg>
</arguments>
<msg timestamp="20211022 22:38:40.865" level="INFO">Clicking element '(//*[@class='todo-list']//input[@type='checkbox'])[last()]'.</msg>
<status status="PASS" starttime="20211022 22:38:40.865" endtime="20211022 22:38:40.916"></status>
</kw>
<kw name="Get Text" library="SeleniumLibrary">
<doc>Returns the text value of element identified by ``locator``.</doc>
<arguments>
<arg>${issue count}</arg>
</arguments>
<assign>
<var>${firstIssueCountAfter}</var>
</assign>
<msg timestamp="20211022 22:38:40.935" level="INFO">${firstIssueCountAfter} = 0</msg>
<status status="PASS" starttime="20211022 22:38:40.916" endtime="20211022 22:38:40.935"></status>
</kw>
<kw name="Then BuiltIn.Should be Equal As Strings" library="BuiltIn">
<doc>Fails if objects are unequal after converting them to strings.</doc>
<arguments>
<arg>${firstIssueCountResponse}</arg>
<arg>${firstIssueCountAfter}</arg>
<arg>msg=${firstIssueCountResponse} == ${firstIssueCountAfter} does not Match</arg>
</arguments>
<msg timestamp="20211022 22:38:40.936" level="INFO">Argument types are:
&lt;class 'int'&gt;
&lt;type 'unicode'&gt;</msg>
<status status="PASS" starttime="20211022 22:38:40.935" endtime="20211022 22:38:40.936"></status>
</kw>
<kw name="Sleep" library="BuiltIn">
<doc>Pauses the test executed for the given time.</doc>
<arguments>
<arg>5s</arg>
</arguments>
<msg timestamp="20211022 22:38:45.937" level="INFO">Slept 5 seconds</msg>
<status status="PASS" starttime="20211022 22:38:40.936" endtime="20211022 22:38:45.937"></status>
</kw>
<status status="PASS" starttime="20211022 22:38:40.837" endtime="20211022 22:38:45.937"></status>
</kw>
<kw name="Generate Random String" library="String">
<doc>Generates a string with a desired ``length`` from the given ``chars``.</doc>
<arguments>
<arg>5</arg>
<arg>[LOWER]</arg>
</arguments>
<assign>
<var>${secondVariable}</var>
</assign>
<msg timestamp="20211022 22:38:45.938" level="INFO">${secondVariable} = nkjos</msg>
<status status="PASS" starttime="20211022 22:38:45.938" endtime="20211022 22:38:45.938"></status>
</kw>
<kw name="And MySteps.I write and press Key" library="MySteps">
<arguments>
<arg>${what needs to be done inputText}</arg>
<arg>${secondVariable}</arg>
<arg>ENTER</arg>
</arguments>
<kw name="Wait Until Page Contains Element" library="SeleniumLibrary">
<doc>Waits until element ``locator`` appears on current page.</doc>
<arguments>
<arg>${elementKey}</arg>
<arg>timeout=15</arg>
<arg>error=DO NOT DISPLAYED inputText=${elementKey}</arg>
</arguments>
<status status="PASS" starttime="20211022 22:38:45.939" endtime="20211022 22:38:45.948"></status>
</kw>
<kw name="Input Text" library="SeleniumLibrary">
<doc>Types the given ``text`` into text field identified by ``locator``.</doc>
<arguments>
<arg>${what needs to be done inputText}</arg>
<arg>${variable}</arg>
</arguments>
<msg timestamp="20211022 22:38:45.948" level="INFO">Typing text 'nkjos' into text field '//input[contains(@placeholder,'What needs to be done')]'.</msg>
<status status="PASS" starttime="20211022 22:38:45.948" endtime="20211022 22:38:46.011"></status>
</kw>
<kw name="Press Keys" library="SeleniumLibrary">
<doc>Simulates user pressing key(s) to an element or on the active browser.</doc>
<arguments>
<arg>${what needs to be done inputText}</arg>
<arg>${key}</arg>
</arguments>
<msg timestamp="20211022 22:38:46.012" level="INFO">Sending key(s) ('ENTER',) to //input[contains(@placeholder,'What needs to be done')] element.</msg>
<msg timestamp="20211022 22:38:46.021" level="INFO">Pressing special key ENTER to element.</msg>
<status status="PASS" starttime="20211022 22:38:46.012" endtime="20211022 22:38:46.289"></status>
</kw>
<kw name="Sleep" library="BuiltIn">
<doc>Pauses the test executed for the given time.</doc>
<arguments>
<arg>3s</arg>
</arguments>
<msg timestamp="20211022 22:38:49.290" level="INFO">Slept 3 seconds</msg>
<status status="PASS" starttime="20211022 22:38:46.289" endtime="20211022 22:38:49.290"></status>
</kw>
<status status="PASS" starttime="20211022 22:38:45.939" endtime="20211022 22:38:49.290"></status>
</kw>
<kw name="And I should see VARIABLE in ELEMENTKEY" library="MySteps">
<arguments>
<arg>${secondVariable}</arg>
<arg>${last item}</arg>
</arguments>
<kw name="Element Should Contain" library="SeleniumLibrary">
<doc>Verifies that element ``locator`` contains text ``expected``.</doc>
<arguments>
<arg>${elementKey}</arg>
<arg>${variable}</arg>
</arguments>
<msg timestamp="20211022 22:38:49.312" level="INFO">Element '(//*[@class='todo-list']//label)[last()]' contains text 'nkjos'.</msg>
<status status="PASS" starttime="20211022 22:38:49.291" endtime="20211022 22:38:49.313"></status>
</kw>
<status status="PASS" starttime="20211022 22:38:49.291" endtime="20211022 22:38:49.313"></status>
</kw>
<kw name="Generate Random String" library="String">
<doc>Generates a string with a desired ``length`` from the given ``chars``.</doc>
<arguments>
<arg>5</arg>
<arg>[LOWER]</arg>
</arguments>
<assign>
<var>${thirdVariable}</var>
</assign>
<msg timestamp="20211022 22:38:49.314" level="INFO">${thirdVariable} = sonrp</msg>
<status status="PASS" starttime="20211022 22:38:49.313" endtime="20211022 22:38:49.314"></status>
</kw>
<kw name="And MySteps.I write and press Key" library="MySteps">
<arguments>
<arg>${what needs to be done inputText}</arg>
<arg>${thirdVariable}</arg>
<arg>ENTER</arg>
</arguments>
<kw name="Wait Until Page Contains Element" library="SeleniumLibrary">
<doc>Waits until element ``locator`` appears on current page.</doc>
<arguments>
<arg>${elementKey}</arg>
<arg>timeout=15</arg>
<arg>error=DO NOT DISPLAYED inputText=${elementKey}</arg>
</arguments>
<status status="PASS" starttime="20211022 22:38:49.315" endtime="20211022 22:38:49.326"></status>
</kw>
<kw name="Input Text" library="SeleniumLibrary">
<doc>Types the given ``text`` into text field identified by ``locator``.</doc>
<arguments>
<arg>${what needs to be done inputText}</arg>
<arg>${variable}</arg>
</arguments>
<msg timestamp="20211022 22:38:49.326" level="INFO">Typing text 'sonrp' into text field '//input[contains(@placeholder,'What needs to be done')]'.</msg>
<status status="PASS" starttime="20211022 22:38:49.326" endtime="20211022 22:38:49.382"></status>
</kw>
<kw name="Press Keys" library="SeleniumLibrary">
<doc>Simulates user pressing key(s) to an element or on the active browser.</doc>
<arguments>
<arg>${what needs to be done inputText}</arg>
<arg>${key}</arg>
</arguments>
<msg timestamp="20211022 22:38:49.383" level="INFO">Sending key(s) ('ENTER',) to //input[contains(@placeholder,'What needs to be done')] element.</msg>
<msg timestamp="20211022 22:38:49.394" level="INFO">Pressing special key ENTER to element.</msg>
<status status="PASS" starttime="20211022 22:38:49.382" endtime="20211022 22:38:49.674"></status>
</kw>
<kw name="Sleep" library="BuiltIn">
<doc>Pauses the test executed for the given time.</doc>
<arguments>
<arg>3s</arg>
</arguments>
<msg timestamp="20211022 22:38:52.676" level="INFO">Slept 3 seconds</msg>
<status status="PASS" starttime="20211022 22:38:49.675" endtime="20211022 22:38:52.676"></status>
</kw>
<status status="PASS" starttime="20211022 22:38:49.315" endtime="20211022 22:38:52.676"></status>
</kw>
<kw name="And I should see VARIABLE in ELEMENTKEY" library="MySteps">
<arguments>
<arg>${thirdVariable}</arg>
<arg>${last item}</arg>
</arguments>
<kw name="Element Should Contain" library="SeleniumLibrary">
<doc>Verifies that element ``locator`` contains text ``expected``.</doc>
<arguments>
<arg>${elementKey}</arg>
<arg>${variable}</arg>
</arguments>
<msg timestamp="20211022 22:38:52.701" level="INFO">Element '(//*[@class='todo-list']//label)[last()]' contains text 'sonrp'.</msg>
<status status="PASS" starttime="20211022 22:38:52.676" endtime="20211022 22:38:52.701"></status>
</kw>
<status status="PASS" starttime="20211022 22:38:52.676" endtime="20211022 22:38:52.701"></status>
</kw>
<kw name="Generate Random String" library="String">
<doc>Generates a string with a desired ``length`` from the given ``chars``.</doc>
<arguments>
<arg>5</arg>
<arg>[LOWER]</arg>
</arguments>
<assign>
<var>${fourthVariable}</var>
</assign>
<msg timestamp="20211022 22:38:52.702" level="INFO">${fourthVariable} = rbjhq</msg>
<status status="PASS" starttime="20211022 22:38:52.701" endtime="20211022 22:38:52.702"></status>
</kw>
<kw name="And MySteps.I write and press Key" library="MySteps">
<arguments>
<arg>${what needs to be done inputText}</arg>
<arg>${fourthVariable}</arg>
<arg>ENTER</arg>
</arguments>
<kw name="Wait Until Page Contains Element" library="SeleniumLibrary">
<doc>Waits until element ``locator`` appears on current page.</doc>
<arguments>
<arg>${elementKey}</arg>
<arg>timeout=15</arg>
<arg>error=DO NOT DISPLAYED inputText=${elementKey}</arg>
</arguments>
<status status="PASS" starttime="20211022 22:38:52.703" endtime="20211022 22:38:52.711"></status>
</kw>
<kw name="Input Text" library="SeleniumLibrary">
<doc>Types the given ``text`` into text field identified by ``locator``.</doc>
<arguments>
<arg>${what needs to be done inputText}</arg>
<arg>${variable}</arg>
</arguments>
<msg timestamp="20211022 22:38:52.711" level="INFO">Typing text 'rbjhq' into text field '//input[contains(@placeholder,'What needs to be done')]'.</msg>
<status status="PASS" starttime="20211022 22:38:52.711" endtime="20211022 22:38:52.761"></status>
</kw>
<kw name="Press Keys" library="SeleniumLibrary">
<doc>Simulates user pressing key(s) to an element or on the active browser.</doc>
<arguments>
<arg>${what needs to be done inputText}</arg>
<arg>${key}</arg>
</arguments>
<msg timestamp="20211022 22:38:52.762" level="INFO">Sending key(s) ('ENTER',) to //input[contains(@placeholder,'What needs to be done')] element.</msg>
<msg timestamp="20211022 22:38:52.770" level="INFO">Pressing special key ENTER to element.</msg>
<status status="PASS" starttime="20211022 22:38:52.762" endtime="20211022 22:38:53.036"></status>
</kw>
<kw name="Sleep" library="BuiltIn">
<doc>Pauses the test executed for the given time.</doc>
<arguments>
<arg>3s</arg>
</arguments>
<msg timestamp="20211022 22:38:56.039" level="INFO">Slept 3 seconds</msg>
<status status="PASS" starttime="20211022 22:38:53.037" endtime="20211022 22:38:56.039"></status>
</kw>
<status status="PASS" starttime="20211022 22:38:52.702" endtime="20211022 22:38:56.039"></status>
</kw>
<kw name="And I should see VARIABLE in ELEMENTKEY" library="MySteps">
<arguments>
<arg>${fourthVariable}</arg>
<arg>${last item}</arg>
</arguments>
<kw name="Element Should Contain" library="SeleniumLibrary">
<doc>Verifies that element ``locator`` contains text ``expected``.</doc>
<arguments>
<arg>${elementKey}</arg>
<arg>${variable}</arg>
</arguments>
<msg timestamp="20211022 22:38:56.062" level="INFO">Element '(//*[@class='todo-list']//label)[last()]' contains text 'rbjhq'.</msg>
<status status="PASS" starttime="20211022 22:38:56.040" endtime="20211022 22:38:56.062"></status>
</kw>
<status status="PASS" starttime="20211022 22:38:56.040" endtime="20211022 22:38:56.062"></status>
</kw>
<kw name="Click Element" library="SeleniumLibrary">
<doc>Click element identified by ``locator``.</doc>
<arguments>
<arg>${all button}</arg>
</arguments>
<msg timestamp="20211022 22:38:56.063" level="INFO">Clicking element '//a[.='All']'.</msg>
<status status="PASS" starttime="20211022 22:38:56.062" endtime="20211022 22:38:56.120"></status>
</kw>
<kw name="And MySteps.I should see variable in table" library="MySteps">
<arguments>
<arg>${firstVariable}</arg>
</arguments>
<kw name="Set Variable" library="BuiltIn">
<doc>Returns the given values which can then be assigned to a variables.</doc>
<arguments>
<arg>//*[contains(@class,'todo-list')]//label[text()='${variable}']</arg>
</arguments>
<assign>
<var>${elementKey}</var>
</assign>
<msg timestamp="20211022 22:38:56.122" level="INFO">${elementKey} = //*[contains(@class,'todo-list')]//label[text()='tsxbd']</msg>
<status status="PASS" starttime="20211022 22:38:56.122" endtime="20211022 22:38:56.122"></status>
</kw>
<kw name="Element Should Contain" library="SeleniumLibrary">
<doc>Verifies that element ``locator`` contains text ``expected``.</doc>
<arguments>
<arg>${elementKey}</arg>
<arg>${variable}</arg>
</arguments>
<msg timestamp="20211022 22:38:56.144" level="INFO">Element '//*[contains(@class,'todo-list')]//label[text()='tsxbd']' contains text 'tsxbd'.</msg>
<status status="PASS" starttime="20211022 22:38:56.122" endtime="20211022 22:38:56.144"></status>
</kw>
[...]
<arg>${key}</arg>
</arguments>
<msg timestamp="20211022 22:39:11.546" level="INFO">Sending key(s) ('ENTER',) to //input[contains(@placeholder,'What needs to be done')] element.</msg>
<msg timestamp="20211022 22:39:11.553" level="INFO">Pressing special key ENTER to element.</msg>
<status status="PASS" starttime="20211022 22:39:11.546" endtime="20211022 22:39:11.819"></status>
</kw>
<kw name="Sleep" library="BuiltIn">
<doc>Pauses the test executed for the given time.</doc>
<arguments>
<arg>3s</arg>
</arguments>
<msg timestamp="20211022 22:39:14.820" level="INFO">Slept 3 seconds</msg>
<status status="PASS" starttime="20211022 22:39:11.819" endtime="20211022 22:39:14.820"></status>
</kw>
<status status="PASS" starttime="20211022 22:39:11.488" endtime="20211022 22:39:14.820"></status>
</kw>
<kw name="Append To List" library="Collections">
<doc>Adds ``values`` to the end of ``list``.</doc>
<arguments>
<arg>${list}</arg>
<arg>${variable}</arg>
</arguments>
<status status="PASS" starttime="20211022 22:39:14.821" endtime="20211022 22:39:14.821"></status>
</kw>
<status status="PASS" starttime="20211022 22:39:11.487" endtime="20211022 22:39:14.821"></status>
</kw>
<kw name="${index} = 4" type="foritem">
<kw name="Generate Random String" library="String">
<doc>Generates a string with a desired ``length`` from the given ``chars``.</doc>
<arguments>
<arg>5</arg>
<arg>[LOWER]</arg>
</arguments>
<assign>
<var>${variable}</var>
</assign>
<msg timestamp="20211022 22:39:14.821" level="INFO">${variable} = vbtzk</msg>
<status status="PASS" starttime="20211022 22:39:14.821" endtime="20211022 22:39:14.821"></status>
</kw>
<kw name="I write and press Key" library="MySteps">
<arguments>
<arg>${what needs to be done inputText}</arg>
<arg>${variable}</arg>
<arg>ENTER</arg>
</arguments>
<kw name="Wait Until Page Contains Element" library="SeleniumLibrary">
<doc>Waits until element ``locator`` appears on current page.</doc>
<arguments>
<arg>${elementKey}</arg>
<arg>timeout=15</arg>
<arg>error=DO NOT DISPLAYED inputText=${elementKey}</arg>
</arguments>
<status status="PASS" starttime="20211022 22:39:14.822" endtime="20211022 22:39:14.833"></status>
</kw>
<kw name="Input Text" library="SeleniumLibrary">
<doc>Types the given ``text`` into text field identified by ``locator``.</doc>
<arguments>
<arg>${what needs to be done inputText}</arg>
<arg>${variable}</arg>
</arguments>
<msg timestamp="20211022 22:39:14.833" level="INFO">Typing text 'vbtzk' into text field '//input[contains(@placeholder,'What needs to be done')]'.</msg>
<status status="PASS" starttime="20211022 22:39:14.833" endtime="20211022 22:39:14.884"></status>
</kw>
<kw name="Press Keys" library="SeleniumLibrary">
<doc>Simulates user pressing key(s) to an element or on the active browser.</doc>
<arguments>
<arg>${what needs to be done inputText}</arg>
<arg>${key}</arg>
</arguments>
<msg timestamp="20211022 22:39:14.885" level="INFO">Sending key(s) ('ENTER',) to //input[contains(@placeholder,'What needs to be done')] element.</msg>
<msg timestamp="20211022 22:39:14.894" level="INFO">Pressing special key ENTER to element.</msg>
<status status="PASS" starttime="20211022 22:39:14.884" endtime="20211022 22:39:15.157"></status>
</kw>
<kw name="Sleep" library="BuiltIn">
<doc>Pauses the test executed for the given time.</doc>
<arguments>
<arg>3s</arg>
</arguments>
<msg timestamp="20211022 22:39:18.159" level="INFO">Slept 3 seconds</msg>
<status status="PASS" starttime="20211022 22:39:15.158" endtime="20211022 22:39:18.159"></status>
</kw>
<status status="PASS" starttime="20211022 22:39:14.822" endtime="20211022 22:39:18.159"></status>
</kw>
<kw name="Append To List" library="Collections">
<doc>Adds ``values`` to the end of ``list``.</doc>
<arguments>
<arg>${list}</arg>
<arg>${variable}</arg>
</arguments>
<status status="PASS" starttime="20211022 22:39:18.159" endtime="20211022 22:39:18.160"></status>
</kw>
<status status="PASS" starttime="20211022 22:39:14.821" endtime="20211022 22:39:18.160"></status>
</kw>
<kw name="${index} = 5" type="foritem">
<kw name="Generate Random String" library="String">
<doc>Generates a string with a desired ``length`` from the given ``chars``.</doc>
<arguments>
<arg>5</arg>
<arg>[LOWER]</arg>
</arguments>
<assign>
<var>${variable}</var>
</assign>
<msg timestamp="20211022 22:39:18.160" level="INFO">${variable} = msokj</msg>
<status status="PASS" starttime="20211022 22:39:18.160" endtime="20211022 22:39:18.160"></status>
</kw>
<kw name="I write and press Key" library="MySteps">
<arguments>
<arg>${what needs to be done inputText}</arg>
<arg>${variable}</arg>
<arg>ENTER</arg>
</arguments>
<kw name="Wait Until Page Contains Element" library="SeleniumLibrary">
<doc>Waits until element ``locator`` appears on current page.</doc>
<arguments>
<arg>${elementKey}</arg>
<arg>timeout=15</arg>
<arg>error=DO NOT DISPLAYED inputText=${elementKey}</arg>
</arguments>
<status status="PASS" starttime="20211022 22:39:18.161" endtime="20211022 22:39:18.169"></status>
</kw>
<kw name="Input Text" library="SeleniumLibrary">
<doc>Types the given ``text`` into text field identified by ``locator``.</doc>
<arguments>
<arg>${what needs to be done inputText}</arg>
<arg>${variable}</arg>
</arguments>
<msg timestamp="20211022 22:39:18.169" level="INFO">Typing text 'msokj' into text field '//input[contains(@placeholder,'What needs to be done')]'.</msg>
<status status="PASS" starttime="20211022 22:39:18.169" endtime="20211022 22:39:18.217"></status>
</kw>
<kw name="Press Keys" library="SeleniumLibrary">
<doc>Simulates user pressing key(s) to an element or on the active browser.</doc>
<arguments>
<arg>${what needs to be done inputText}</arg>
<arg>${key}</arg>
</arguments>
<msg timestamp="20211022 22:39:18.218" level="INFO">Sending key(s) ('ENTER',) to //input[contains(@placeholder,'What needs to be done')] element.</msg>
<msg timestamp="20211022 22:39:18.227" level="INFO">Pressing special key ENTER to element.</msg>
<status status="PASS" starttime="20211022 22:39:18.217" endtime="20211022 22:39:18.492"></status>
</kw>
<kw name="Sleep" library="BuiltIn">
<doc>Pauses the test executed for the given time.</doc>
<arguments>
<arg>3s</arg>
</arguments>
<msg timestamp="20211022 22:39:21.494" level="INFO">Slept 3 seconds</msg>
<status status="PASS" starttime="20211022 22:39:18.492" endtime="20211022 22:39:21.494"></status>
</kw>
<status status="PASS" starttime="20211022 22:39:18.160" endtime="20211022 22:39:21.494"></status>
</kw>
<kw name="Append To List" library="Collections">
<doc>Adds ``values`` to the end of ``list``.</doc>
<arguments>
<arg>${list}</arg>
<arg>${variable}</arg>
</arguments>
<status status="PASS" starttime="20211022 22:39:21.494" endtime="20211022 22:39:21.495"></status>
</kw>
<status status="PASS" starttime="20211022 22:39:18.160" endtime="20211022 22:39:21.495"></status>
</kw>
<kw name="${index} = 6" type="foritem">
<kw name="Generate Random String" library="String">
<doc>Generates a string with a desired ``length`` from the given ``chars``.</doc>
<arguments>
<arg>5</arg>
<arg>[LOWER]</arg>
</arguments>
<assign>
<var>${variable}</var>
</assign>
<msg timestamp="20211022 22:39:21.495" level="INFO">${variable} = eggam</msg>
<status status="PASS" starttime="20211022 22:39:21.495" endtime="20211022 22:39:21.495"></status>
</kw>
<kw name="I write and press Key" library="MySteps">
<arguments>
<arg>${what needs to be done inputText}</arg>
<arg>${variable}</arg>
<arg>ENTER</arg>
</arguments>
<kw name="Wait Until Page Contains Element" library="SeleniumLibrary">
<doc>Waits until element ``locator`` appears on current page.</doc>
<arguments>
<arg>${elementKey}</arg>
<arg>timeout=15</arg>
<arg>error=DO NOT DISPLAYED inputText=${elementKey}</arg>
</arguments>
<status status="PASS" starttime="20211022 22:39:21.495" endtime="20211022 22:39:21.504"></status>
</kw>
<kw name="Input Text" library="SeleniumLibrary">
<doc>Types the given ``text`` into text field identified by ``locator``.</doc>
<arguments>
<arg>${what needs to be done inputText}</arg>
<arg>${variable}</arg>
</arguments>
<msg timestamp="20211022 22:39:21.504" level="INFO">Typing text 'eggam' into text field '//input[contains(@placeholder,'What needs to be done')]'.</msg>
<status status="PASS" starttime="20211022 22:39:21.504" endtime="20211022 22:39:21.558"></status>
</kw>
<kw name="Press Keys" library="SeleniumLibrary">
<doc>Simulates user pressing key(s) to an element or on the active browser.</doc>
<arguments>
<arg>${what needs to be done inputText}</arg>
<arg>${key}</arg>
</arguments>
<msg timestamp="20211022 22:39:21.559" level="INFO">Sending key(s) ('ENTER',) to //input[contains(@placeholder,'What needs to be done')] element.</msg>
<msg timestamp="20211022 22:39:21.567" level="INFO">Pressing special key ENTER to element.</msg>
<status status="PASS" starttime="20211022 22:39:21.558" endtime="20211022 22:39:21.845"></status>
</kw>
<kw name="Sleep" library="BuiltIn">
<doc>Pauses the test executed for the given time.</doc>
<arguments>
<arg>3s</arg>
</arguments>
<msg timestamp="20211022 22:39:24.846" level="INFO">Slept 3 seconds</msg>
<status status="PASS" starttime="20211022 22:39:21.845" endtime="20211022 22:39:24.846"></status>
</kw>
<status status="PASS" starttime="20211022 22:39:21.495" endtime="20211022 22:39:24.846"></status>
</kw>
<kw name="Append To List" library="Collections">
<doc>Adds ``values`` to the end of ``list``.</doc>
<arguments>
<arg>${list}</arg>
<arg>${variable}</arg>
</arguments>
<status status="PASS" starttime="20211022 22:39:24.846" endtime="20211022 22:39:24.847"></status>
</kw>
<status status="PASS" starttime="20211022 22:39:21.495" endtime="20211022 22:39:24.847"></status>
</kw>
<kw name="${index} = 7" type="foritem">
<kw name="Generate Random String" library="String">
<doc>Generates a string with a desired ``length`` from the given ``chars``.</doc>
<arguments>
<arg>5</arg>
<arg>[LOWER]</arg>
</arguments>
<assign>
<var>${variable}</var>
</assign>
<msg timestamp="20211022 22:39:24.847" level="INFO">${variable} = cwqpd</msg>
<status status="PASS" starttime="20211022 22:39:24.847" endtime="20211022 22:39:24.847"></status>
</kw>
<kw name="I write and press Key" library="MySteps">
<arguments>
<arg>${what needs to be done inputText}</arg>
<arg>${variable}</arg>
<arg>ENTER</arg>
</arguments>
<kw name="Wait Until Page Contains Element" library="SeleniumLibrary">
<doc>Waits until element ``locator`` appears on current page.</doc>
<arguments>
<arg>${elementKey}</arg>
<arg>timeout=15</arg>
<arg>error=DO NOT DISPLAYED inputText=${elementKey}</arg>
</arguments>
<status status="PASS" starttime="20211022 22:39:24.848" endtime="20211022 22:39:24.858"></status>
</kw>
<kw name="Input Text" library="SeleniumLibrary">
<doc>Types the given ``text`` into text field identified by ``locator``.</doc>
<arguments>
<arg>${what needs to be done inputText}</arg>
<arg>${variable}</arg>
</arguments>
<msg timestamp="20211022 22:39:24.858" level="INFO">Typing text 'cwqpd' into text field '//input[contains(@placeholder,'What needs to be done')]'.</msg>
<status status="PASS" starttime="20211022 22:39:24.858" endtime="20211022 22:39:24.908"></status>
</kw>
<kw name="Press Keys" library="SeleniumLibrary">
<doc>Simulates user pressing key(s) to an element or on the active browser.</doc>
<arguments>
<arg>${what needs to be done inputText}</arg>
<arg>${key}</arg>
</arguments>
<msg timestamp="20211022 22:39:24.909" level="INFO">Sending key(s) ('ENTER',) to //input[contains(@placeholder,'What needs to be done')] element.</msg>
<msg timestamp="20211022 22:39:24.915" level="INFO">Pressing special key ENTER to element.</msg>
<status status="PASS" starttime="20211022 22:39:24.908" endtime="20211022 22:39:25.182"></status>
</kw>
<kw name="Sleep" library="BuiltIn">
<doc>Pauses the test executed for the given time.</doc>
<arguments>
<arg>3s</arg>
</arguments>
<msg timestamp="20211022 22:39:28.183" level="INFO">Slept 3 seconds</msg>
<status status="PASS" starttime="20211022 22:39:25.182" endtime="20211022 22:39:28.183"></status>
</kw>
<status status="PASS" starttime="20211022 22:39:24.847" endtime="20211022 22:39:28.183"></status>
</kw>
<kw name="Append To List" library="Collections">
<doc>Adds ``values`` to the end of ``list``.</doc>
<arguments>
<arg>${list}</arg>
<arg>${variable}</arg>
</arguments>
<status status="PASS" starttime="20211022 22:39:28.183" endtime="20211022 22:39:28.184"></status>
</kw>
<status status="PASS" starttime="20211022 22:39:24.847" endtime="20211022 22:39:28.184"></status>
</kw>
<status status="PASS" starttime="20211022 22:39:01.339" endtime="20211022 22:39:28.184"></status>
</kw>
<msg timestamp="20211022 22:39:28.184" level="INFO">${list} = ['fgufl', 'wveoz', 'jxqqz', 'elrud', 'vbtzk', 'msokj', 'eggam', 'cwqpd']</msg>
<status status="PASS" starttime="20211022 22:39:01.338" endtime="20211022 22:39:28.184"></status>
</kw>
<kw name="Evaluate" library="BuiltIn">
<doc>Evaluates the given expression in Python and returns the results.</doc>
<arguments>
<arg>random.choice(${list})</arg>
<arg>random</arg>
</arguments>
<assign>
<var>${randomText}</var>
</assign>
<msg timestamp="20211022 22:39:28.186" level="INFO">${randomText} = msokj</msg>
<status status="PASS" starttime="20211022 22:39:28.185" endtime="20211022 22:39:28.187"></status>
</kw>
<kw name="Set Variable" library="BuiltIn">
<doc>Returns the given values which can then be assigned to a variables.</doc>
<arguments>
<arg>//*[@class='todo-list']//label[text()='${randomText}']/preceding-sibling::input[@type='checkbox']</arg>
</arguments>
<assign>
<var>${xpath}</var>
</assign>
<msg timestamp="20211022 22:39:28.188" level="INFO">${xpath} = //*[@class='todo-list']//label[text()='msokj']/preceding-sibling::input[@type='checkbox']</msg>
<status status="PASS" starttime="20211022 22:39:28.188" endtime="20211022 22:39:28.188"></status>
</kw>
<kw name="Click Element" library="SeleniumLibrary">
<doc>Click element identified by ``locator``.</doc>
<arguments>
<arg>${xpath}</arg>
</arguments>
<msg timestamp="20211022 22:39:28.189" level="INFO">Clicking element '//*[@class='todo-list']//label[text()='msokj']/preceding-sibling::input[@type='checkbox']'.</msg>
<status status="PASS" starttime="20211022 22:39:28.188" endtime="20211022 22:39:28.242"></status>
</kw>
<kw name="Should See DONE in List" library="MySteps">
<arguments>
<arg>${randomText}</arg>
</arguments>
<kw name="Page Should Contain Element" library="SeleniumLibrary">
<doc>Verifies that element ``locator`` is found on the current page.</doc>
<arguments>
<arg>//*[@class='todo completed']//label[text()='${elementText}']</arg>
</arguments>
<msg timestamp="20211022 22:39:28.258" level="INFO">Current page contains element '//*[@class='todo completed']//label[text()='msokj']'.</msg>
<status status="PASS" starttime="20211022 22:39:28.243" endtime="20211022 22:39:28.258"></status>
</kw>
<status status="PASS" starttime="20211022 22:39:28.242" endtime="20211022 22:39:28.258"></status>
</kw>
<kw name="Sleep" library="BuiltIn">
<doc>Pauses the test executed for the given time.</doc>
<arguments>
<arg>3s</arg>
</arguments>
<msg timestamp="20211022 22:39:31.261" level="INFO">Slept 3 seconds</msg>
<status status="PASS" starttime="20211022 22:39:28.258" endtime="20211022 22:39:31.261"></status>
</kw>
<kw name="close session" library="Base" type="teardown">
<kw name="Close All Browsers" library="SeleniumLibrary">
<doc>Closes all open browsers and resets the browser cache.</doc>
<status status="PASS" starttime="20211022 22:39:31.262" endtime="20211022 22:39:33.526"></status>
</kw>
<status status="PASS" starttime="20211022 22:39:31.262" endtime="20211022 22:39:33.526"></status>
</kw>
<status status="PASS" starttime="20211022 22:38:58.709" endtime="20211022 22:39:33.526" critical="yes"></status>
</test>
<status status="PASS" starttime="20211022 22:37:01.788" endtime="20211022 22:39:33.528"></status>
</suite>
<statistics>
<total>
<stat pass="8" fail="0">Critical Tests</stat>
<stat pass="8" fail="0">All Tests</stat>
</total>
<tag>
</tag>
<suite>
<stat pass="8" fail="0" id="s1" name="Test">Test</stat>
</suite>
</statistics>
<errors>
<msg timestamp="20211022 22:37:02.274" level="ERROR">Error in file 'D:\Users\nusahin\Documents\GitHub\ModaNisa_Interview\TestCases\Test.robot': Importing test library 'RequestLibrary' failed: ModuleNotFoundError: No module named 'RequestLibrary'
Traceback (most recent call last):
  None
PYTHONPATH:
  D:\Users\nusahin\Documents\GitHub\ModaNisa_Interview
  C:\Program Files (x86)\testerq\Python\Lib\http
  C:\Program Files (x86)\testerq\python\python37.zip
  C:\Program Files (x86)\testerq\python\DLLs
  C:\Program Files (x86)\testerq\python\lib
  C:\Program Files (x86)\testerq\python
  D:\Users\nusahin\AppData\Roaming\Python\Python37\site-packages
  C:\Program Files (x86)\testerq\python\lib\site-packages
  C:\Program Files (x86)\testerq\python\lib\site-packages\robotframework_openstflibrary-0.1.1-py3.7.egg
  C:\Program Files (x86)\testerq\python\lib\site-packages\pyswagger-0.8.39-py3.7.egg
  C:\Program Files (x86)\testerq\python\lib\site-packages\validate_email-1.3-py3.7.egg
  C:\Program Files (x86)\testerq\python\lib\site-packages\pyaml-18.11.0-py3.7.egg
  C:\Program Files (x86)\testerq\python\lib\site-packages\pyyaml-4.2b4-py3.7-win32.egg
  C:\Program Files (x86)\testerq\python\lib\site-packages\robotframework_requests-0.5.0-py3.7.egg
  C:\Program Files (x86)\testerq\python\lib\site-packages\idna-2.8-py3.7.egg
  C:\Program Files (x86)\testerq\python\lib\site-packages\chardet-3.0.4-py3.7.egg
  C:\Program Files (x86)\testerq\python\lib\site-packages\certifi-2018.11.29-py3.7.egg
  C:\Program Files (x86)\testerq\python\lib\site-packages\robotframework_jsonlibrary-0.2-py3.7.egg
  C:\Program Files (x86)\testerq\python\lib\site-packages\coverage-5.0a4-py3.7-win32.egg
  C:\Program Files (x86)\testerq\python\lib\site-packages\tox-3.6.1-py3.7.egg
  C:\Program Files (x86)\testerq\python\lib\site-packages\virtualenv-16.2.0-py3.7.egg
  C:\Program Files (x86)\testerq\python\lib\site-packages\toml-0.10.0-py3.7.egg
  C:\Program Files (x86)\testerq\python\lib\site-packages\py-1.7.0-py3.7.egg
  C:\Program Files (x86)\testerq\python\lib\site-packages\filelock-3.0.10-py3.7.egg
  C:\Program Files (x86)\testerq\python\lib\site-packages\robotframework_csvlibrary-0.0.2-py3.7.egg
  C:\Program Files (x86)\testerq\python\lib\site-packages\robotframework_stublibrary-0.1.5-py3.7.egg
  C:\Program Files (x86)\testerq\python\lib\site-packages\gevent-1.5a1-py3.7-win32.egg
  C:\Program Files (x86)\testerq\python\lib\site-packages\allpairspy-2.5.0-py3.7.egg
  C:\Program Files (x86)\testerq\python\lib\site-packages\jsonpointer-2.0-py3.7.egg
  C:\Program Files (x86)\testerq\python\lib\site-packages\falcon_multipart-0.2.0-py3.7.egg
  C:\Program Files (x86)\testerq\python\lib\site-packages\jsonpatch-1.24-py3.7.egg
  C:\Program Files (x86)\testerq\python\lib\site-packages\webtest-2.0.33-py3.7.egg
  C:\Program Files (x86)\testerq\python\lib\site-packages\psutil-5.6.3-py3.7-win32.egg
  C:\Program Files (x86)\testerq\python\lib\site-packages\greenlet-0.4.15-py3.7-win32.egg
  C:\Program Files (x86)\testerq\python\lib\site-packages\cffi-1.12.3-py3.7-win32.egg
  C:\Program Files (x86)\testerq\python\lib\site-packages\waitress-1.3.0-py3.7.egg
  C:\Program Files (x86)\testerq\python\lib\site-packages\beautifulsoup4-4.8.0-py3.7.egg
  C:\Program Files (x86)\testerq\python\lib\site-packages\webob-1.8.5-py3.7.egg
  C:\Program Files (x86)\testerq\python\lib\site-packages\pycparser-2.19-py3.7.egg
  C:\Program Files (x86)\testerq\python\lib\site-packages\soupsieve-1.9.2-py3.7.egg
  C:\Program Files (x86)\testerq\python\lib\site-packages\win32
  C:\Program Files (x86)\testerq\python\lib\site-packages\win32\lib
  C:\Program Files (x86)\testerq\python\lib\site-packages\Pythonwin</msg>
<msg timestamp="20211022 22:37:02.305" level="WARN">Imported resource file 'D:\Users\nusahin\Documents\GitHub\ModaNisa_Interview\Resources\Config\Pages\Login.robot' is empty.</msg>
</errors>
</robot>
