<?xml version="1.0" encoding="UTF-8"?>
<robot generator="Robot 3.1.2 (Python 3.7.2 on win32)" generated="20211021 11:23:16.124" rpa="false">
<suite id="s1" name="Test" source="D:\Users\nusahin\Documents\GitHub\ModaNisa_Interview\TestCases\Test.robot">
<test id="s1-t1" name="deneme">
<kw name="create session chrome" library="Base" type="setup">
<kw name="Open Browser" library="SeleniumLibrary">
<doc>Opens a new browser instance to the given ``url``.</doc>
<arguments>
<arg>${todom_url}</arg>
<arg>chrome</arg>
</arguments>
<msg timestamp="20211021 11:23:17.600" level="INFO">Opening browser 'chrome' to base url 'https://todomvc.com/examples/vue/#'.</msg>
<status status="PASS" starttime="20211021 11:23:17.600" endtime="20211021 11:23:26.480"></status>
</kw>
<kw name="Maximize Browser Window" library="SeleniumLibrary">
<doc>Maximizes current browser window.</doc>
<status status="PASS" starttime="20211021 11:23:26.481" endtime="20211021 11:23:26.613"></status>
</kw>
<status status="PASS" starttime="20211021 11:23:17.600" endtime="20211021 11:23:26.614"></status>
</kw>
<kw name="Generate Random String" library="String">
<doc>Generates a string with a desired ``length`` from the given ``chars``.</doc>
<arguments>
<arg>5</arg>
<arg>[LOWER]</arg>
</arguments>
<assign>
<var>${variable}</var>
</assign>
<msg timestamp="20211021 11:23:26.618" level="INFO">${variable} = tegvm</msg>
<status status="PASS" starttime="20211021 11:23:26.617" endtime="20211021 11:23:26.618"></status>
</kw>
<kw name="And MySteps.I write and press Key" library="MySteps">
<arguments>
<arg>${what needs to be done inputText}</arg>
<arg>${variable}</arg>
<arg>ENTER</arg>
</arguments>
<kw name="Wait Until Page Contains Element" library="SeleniumLibrary">
<doc>Waits until element ``locator`` appears on current page.</doc>
<arguments>
<arg>${elementKey}</arg>
<arg>timeout=15</arg>
<arg>error=DO NOT DISPLAYED inputText=${elementKey}</arg>
</arguments>
<status status="PASS" starttime="20211021 11:23:26.620" endtime="20211021 11:23:26.656"></status>
</kw>
<kw name="Input Text" library="SeleniumLibrary">
<doc>Types the given ``text`` into text field identified by ``locator``.</doc>
<arguments>
<arg>${what needs to be done inputText}</arg>
<arg>${variable}</arg>
</arguments>
<msg timestamp="20211021 11:23:26.657" level="INFO">Typing text 'tegvm' into text field '//input[contains(@placeholder,'What needs to be done')]'.</msg>
<status status="PASS" starttime="20211021 11:23:26.656" endtime="20211021 11:23:26.773"></status>
</kw>
<kw name="Press Keys" library="SeleniumLibrary">
<doc>Simulates user pressing key(s) to an element or on the active browser.</doc>
<arguments>
<arg>${what needs to be done inputText}</arg>
<arg>${key}</arg>
</arguments>
<msg timestamp="20211021 11:23:26.774" level="INFO">Sending key(s) ('ENTER',) to //input[contains(@placeholder,'What needs to be done')] element.</msg>
<msg timestamp="20211021 11:23:26.783" level="INFO">Pressing special key ENTER to element.</msg>
<status status="PASS" starttime="20211021 11:23:26.773" endtime="20211021 11:23:27.093"></status>
</kw>
<kw name="Sleep" library="BuiltIn">
<doc>Pauses the test executed for the given time.</doc>
<arguments>
<arg>3s</arg>
</arguments>
<msg timestamp="20211021 11:23:30.094" level="INFO">Slept 3 seconds</msg>
<status status="PASS" starttime="20211021 11:23:27.093" endtime="20211021 11:23:30.094"></status>
</kw>
<status status="PASS" starttime="20211021 11:23:26.619" endtime="20211021 11:23:30.094"></status>
</kw>
<kw name="And MySteps.I should see last variable in table" library="MySteps">
<arguments>
<arg>${variable}</arg>
</arguments>
<kw name="Get Text" library="SeleniumLibrary">
<doc>Returns the text value of element identified by ``locator``.</doc>
<arguments>
<arg>${last item}</arg>
</arguments>
<assign>
<var>${value}</var>
</assign>
<msg timestamp="20211021 11:23:30.131" level="INFO">${value} = tegvm</msg>
<status status="PASS" starttime="20211021 11:23:30.097" endtime="20211021 11:23:30.131"></status>
</kw>
<kw name="Should Be Equal As Strings" library="BuiltIn">
<doc>Fails if objects are unequal after converting them to strings.</doc>
<arguments>
<arg>${variable}</arg>
<arg>${value}</arg>
<arg>msg=${variable} == ${value} does not Match</arg>
</arguments>
<status status="PASS" starttime="20211021 11:23:30.132" endtime="20211021 11:23:30.133"></status>
</kw>
<kw name="Wait Until Page Contains Element" library="SeleniumLibrary">
<doc>Waits until element ``locator`` appears on current page.</doc>
<arguments>
<arg>${issue count}</arg>
<arg>timeout=15</arg>
<arg>error=DO NOT DISPLAYED ${issue count}</arg>
</arguments>
<status status="PASS" starttime="20211021 11:23:30.133" endtime="20211021 11:23:30.151"></status>
</kw>
<kw name="Wait Until Page Contains Element" library="SeleniumLibrary">
<doc>Waits until element ``locator`` appears on current page.</doc>
<arguments>
<arg>${item left}</arg>
<arg>timeout=15</arg>
<arg>error=DO NOT DISPLAYED ${item left}</arg>
</arguments>
<status status="PASS" starttime="20211021 11:23:30.151" endtime="20211021 11:23:30.172"></status>
</kw>
<kw name="Wait Until Page Contains Element" library="SeleniumLibrary">
<doc>Waits until element ``locator`` appears on current page.</doc>
<arguments>
<arg>${all button}</arg>
<arg>timeout=15</arg>
<arg>error=DO NOT DISPLAYED ${all button}</arg>
</arguments>
<status status="PASS" starttime="20211021 11:23:30.172" endtime="20211021 11:23:30.187"></status>
</kw>
<status status="PASS" starttime="20211021 11:23:30.096" endtime="20211021 11:23:30.187"></status>
</kw>
<kw name="Then I click on any checkbox and see as a DONE" library="MySteps">
<arguments>
<arg>${last item checkbox}</arg>
<arg>${variable}</arg>
</arguments>
<kw name="Get Text" library="SeleniumLibrary">
<doc>Returns the text value of element identified by ``locator``.</doc>
<arguments>
<arg>${issue count}</arg>
</arguments>
<assign>
<var>${firstIssueCountBefore}</var>
</assign>
<msg timestamp="20211021 11:23:30.217" level="INFO">${firstIssueCountBefore} = 1</msg>
<status status="PASS" starttime="20211021 11:23:30.189" endtime="20211021 11:23:30.217"></status>
</kw>
<kw name="Evaluate" library="BuiltIn">
<doc>Evaluates the given expression in Python and returns the results.</doc>
<arguments>
<arg>${firstIssueCountBefore}-1</arg>
</arguments>
<assign>
<var>${firstIssueCountResponse}</var>
</assign>
<msg timestamp="20211021 11:23:30.218" level="INFO">${firstIssueCountResponse} = 0</msg>
<status status="PASS" starttime="20211021 11:23:30.218" endtime="20211021 11:23:30.218"></status>
</kw>
<kw name="Click Element" library="SeleniumLibrary">
<doc>Click element identified by ``locator``.</doc>
<arguments>
<arg>${elementKey}</arg>
</arguments>
<msg timestamp="20211021 11:23:30.219" level="INFO">Clicking element '(//*[@class='todo-list']//input[@type='checkbox'])[last()]'.</msg>
<status status="PASS" starttime="20211021 11:23:30.219" endtime="20211021 11:23:30.301"></status>
</kw>
<kw name="Get Text" library="SeleniumLibrary">
<doc>Returns the text value of element identified by ``locator``.</doc>
<arguments>
<arg>${issue count}</arg>
</arguments>
<assign>
<var>${firstIssueCountAfter}</var>
</assign>
<msg timestamp="20211021 11:23:30.326" level="INFO">${firstIssueCountAfter} = 0</msg>
<status status="PASS" starttime="20211021 11:23:30.302" endtime="20211021 11:23:30.326"></status>
</kw>
<kw name="Then BuiltIn.Should be Equal As Strings" library="BuiltIn">
<doc>Fails if objects are unequal after converting them to strings.</doc>
<arguments>
<arg>${firstIssueCountResponse}</arg>
<arg>${firstIssueCountAfter}</arg>
<arg>msg=${firstIssueCountResponse} == ${firstIssueCountAfter} does not Match</arg>
</arguments>
<msg timestamp="20211021 11:23:30.327" level="INFO">Argument types are:
&lt;class 'int'&gt;
&lt;type 'unicode'&gt;</msg>
<status status="PASS" starttime="20211021 11:23:30.326" endtime="20211021 11:23:30.327"></status>
</kw>
<kw name="Sleep" library="BuiltIn">
<doc>Pauses the test executed for the given time.</doc>
<arguments>
<arg>5s</arg>
</arguments>
<msg timestamp="20211021 11:23:35.331" level="INFO">Slept 5 seconds</msg>
<status status="PASS" starttime="20211021 11:23:30.328" endtime="20211021 11:23:35.331"></status>
</kw>
<status status="PASS" starttime="20211021 11:23:30.188" endtime="20211021 11:23:35.331"></status>
</kw>
<kw name="Then I will delete one item and verification with status" library="MySteps">
<arguments>
<arg>select</arg>
</arguments>
<kw name="Run Keyword If" library="BuiltIn">
<doc>Runs the given keyword with the given arguments, if ``condition`` is true.</doc>
<arguments>
<arg>'${status}' == 'unselect'</arg>
<arg>unselectedDelete_S</arg>
<arg>ELSE IF</arg>
<arg>'${status}' == 'select'</arg>
<arg>selectedDelete_S</arg>
<arg>ELSE</arg>
<arg>BuiltIn.Fail</arg>
<arg>msg=HAVE TO CHOOSE selected or unselected</arg>
</arguments>
<kw name="selectedDelete_S" library="MySteps">
<kw name="Get Text" library="SeleniumLibrary">
<doc>Returns the text value of element identified by ``locator``.</doc>
<arguments>
<arg>${issue count}</arg>
</arguments>
<assign>
<var>${firstIssueCount}</var>
</assign>
<msg timestamp="20211021 11:23:35.352" level="INFO">${firstIssueCount} = 0</msg>
<status status="PASS" starttime="20211021 11:23:35.333" endtime="20211021 11:23:35.352"></status>
</kw>
<kw name="Run Keyword If" library="BuiltIn">
<doc>Runs the given keyword with the given arguments, if ``condition`` is true.</doc>
<arguments>
<arg>'${firstIssueCount}' == ''</arg>
<arg>And MySteps.I write and press Key</arg>
<arg>${what needs to be done inputText}</arg>
<arg>test</arg>
<arg>ENTER</arg>
</arguments>
<status status="PASS" starttime="20211021 11:23:35.353" endtime="20211021 11:23:35.353"></status>
</kw>
<kw name="Get Text" library="SeleniumLibrary">
<doc>Returns the text value of element identified by ``locator``.</doc>
<arguments>
<arg>${issue count}</arg>
</arguments>
<assign>
<var>${firstIssueCount}</var>
</assign>
<msg timestamp="20211021 11:23:35.374" level="INFO">${firstIssueCount} = 0</msg>
<status status="PASS" starttime="20211021 11:23:35.353" endtime="20211021 11:23:35.374"></status>
</kw>
<kw name="Run Keyword If" library="BuiltIn">
<doc>Runs the given keyword with the given arguments, if ``condition`` is true.</doc>
<arguments>
<arg>'${firstIssueCount}' == '0'</arg>
<arg>If exist 0 item do not see item left</arg>
<arg>ELSE</arg>
<arg>If exist items Delete and Verify item left Counts</arg>
</arguments>
<kw name="If exist 0 item do not see item left" library="MySteps">
<kw name="Get WebElement" library="SeleniumLibrary">
<doc>Returns the first WebElement matching the given ``locator``.</doc>
<arguments>
<arg>(//*[@class='todo-list']//button[@class='destroy'])[1]</arg>
</arguments>
<assign>
<var>${ele}</var>
</assign>
<msg timestamp="20211021 11:23:35.390" level="INFO">${ele} = &lt;selenium.webdriver.remote.webelement.WebElement (session="fe8728f1e80767f4f3c3aa2093549aac", element="8110bda8-505a-4875-b289-0f84f7ddf4fe")&gt;</msg>
<status status="PASS" starttime="20211021 11:23:35.375" endtime="20211021 11:23:35.390"></status>
</kw>
<kw name="Execute Javascript" library="SeleniumLibrary">
<doc>Executes the given JavaScript code with possible arguments.</doc>
<arguments>
<arg>arguments[0].click();</arg>
<arg>ARGUMENTS</arg>
<arg>${ele}</arg>
</arguments>
<msg timestamp="20211021 11:23:35.391" level="INFO">Executing JavaScript:
arguments[0].click();
By using argument:
'&lt;selenium.webdriver.remote.webelement.WebElement (session="fe8728f1e80767f4f3c3aa2093549aac", element="8110bda8-505a-4875-b289-0f84f7ddf4fe")&gt;'</msg>
<status status="PASS" starttime="20211021 11:23:35.390" endtime="20211021 11:23:35.403"></status>
</kw>
<kw name="Page Should Not Contain Element" library="SeleniumLibrary">
<doc>Verifies that element ``locator`` is found on the current page.</doc>
<arguments>
<arg>${last item}</arg>
</arguments>
<msg timestamp="20211021 11:23:35.415" level="INFO">Current page does not contain element '(//*[@class='todo-list']//label)[last()]'.</msg>
<status status="PASS" starttime="20211021 11:23:35.404" endtime="20211021 11:23:35.416"></status>
</kw>
<kw name="Sleep" library="BuiltIn">
<doc>Pauses the test executed for the given time.</doc>
<arguments>
<arg>5s</arg>
</arguments>
<msg timestamp="20211021 11:23:40.417" level="INFO">Slept 5 seconds</msg>
<status status="PASS" starttime="20211021 11:23:35.416" endtime="20211021 11:23:40.417"></status>
</kw>
<status status="PASS" starttime="20211021 11:23:35.375" endtime="20211021 11:23:40.417"></status>
</kw>
<status status="PASS" starttime="20211021 11:23:35.375" endtime="20211021 11:23:40.417"></status>
</kw>
<status status="PASS" starttime="20211021 11:23:35.333" endtime="20211021 11:23:40.417"></status>
</kw>
<status status="PASS" starttime="20211021 11:23:35.332" endtime="20211021 11:23:40.417"></status>
</kw>
<status status="PASS" starttime="20211021 11:23:35.332" endtime="20211021 11:23:40.417"></status>
</kw>
<kw name="close session" library="Base" type="teardown">
<kw name="Close All Browsers" library="SeleniumLibrary">
<doc>Closes all open browsers and resets the browser cache.</doc>
<status status="PASS" starttime="20211021 11:23:40.419" endtime="20211021 11:23:42.636"></status>
</kw>
<status status="PASS" starttime="20211021 11:23:40.418" endtime="20211021 11:23:42.636"></status>
</kw>
<status status="PASS" starttime="20211021 11:23:17.599" endtime="20211021 11:23:42.637" critical="yes"></status>
</test>
<status status="PASS" starttime="20211021 11:23:16.127" endtime="20211021 11:23:42.639"></status>
</suite>
<statistics>
<total>
<stat pass="1" fail="0">Critical Tests</stat>
<stat pass="1" fail="0">All Tests</stat>
</total>
<tag>
</tag>
<suite>
<stat pass="1" fail="0" id="s1" name="Test">Test</stat>
</suite>
</statistics>
<errors>
<msg timestamp="20211021 11:23:16.537" level="ERROR">Error in file 'D:\Users\nusahin\Documents\GitHub\ModaNisa_Interview\TestCases\Test.robot': Importing test library 'RequestLibrary' failed: ModuleNotFoundError: No module named 'RequestLibrary'
Traceback (most recent call last):
  None
PYTHONPATH:
  D:\Users\nusahin\Documents\GitHub\ModaNisa_Interview
  C:\Program Files (x86)\testerq\Python\Lib\http
  C:\Program Files (x86)\testerq\python\python37.zip
  C:\Program Files (x86)\testerq\python\DLLs
  C:\Program Files (x86)\testerq\python\lib
  C:\Program Files (x86)\testerq\python
  D:\Users\nusahin\AppData\Roaming\Python\Python37\site-packages
  C:\Program Files (x86)\testerq\python\lib\site-packages
  C:\Program Files (x86)\testerq\python\lib\site-packages\robotframework_openstflibrary-0.1.1-py3.7.egg
  C:\Program Files (x86)\testerq\python\lib\site-packages\pyswagger-0.8.39-py3.7.egg
  C:\Program Files (x86)\testerq\python\lib\site-packages\validate_email-1.3-py3.7.egg
  C:\Program Files (x86)\testerq\python\lib\site-packages\pyaml-18.11.0-py3.7.egg
  C:\Program Files (x86)\testerq\python\lib\site-packages\pyyaml-4.2b4-py3.7-win32.egg
  C:\Program Files (x86)\testerq\python\lib\site-packages\robotframework_requests-0.5.0-py3.7.egg
  C:\Program Files (x86)\testerq\python\lib\site-packages\idna-2.8-py3.7.egg
  C:\Program Files (x86)\testerq\python\lib\site-packages\chardet-3.0.4-py3.7.egg
  C:\Program Files (x86)\testerq\python\lib\site-packages\certifi-2018.11.29-py3.7.egg
  C:\Program Files (x86)\testerq\python\lib\site-packages\robotframework_jsonlibrary-0.2-py3.7.egg
  C:\Program Files (x86)\testerq\python\lib\site-packages\coverage-5.0a4-py3.7-win32.egg
  C:\Program Files (x86)\testerq\python\lib\site-packages\tox-3.6.1-py3.7.egg
  C:\Program Files (x86)\testerq\python\lib\site-packages\virtualenv-16.2.0-py3.7.egg
  C:\Program Files (x86)\testerq\python\lib\site-packages\toml-0.10.0-py3.7.egg
  C:\Program Files (x86)\testerq\python\lib\site-packages\py-1.7.0-py3.7.egg
  C:\Program Files (x86)\testerq\python\lib\site-packages\filelock-3.0.10-py3.7.egg
  C:\Program Files (x86)\testerq\python\lib\site-packages\robotframework_csvlibrary-0.0.2-py3.7.egg
  C:\Program Files (x86)\testerq\python\lib\site-packages\robotframework_stublibrary-0.1.5-py3.7.egg
  C:\Program Files (x86)\testerq\python\lib\site-packages\gevent-1.5a1-py3.7-win32.egg
  C:\Program Files (x86)\testerq\python\lib\site-packages\allpairspy-2.5.0-py3.7.egg
  C:\Program Files (x86)\testerq\python\lib\site-packages\jsonpointer-2.0-py3.7.egg
  C:\Program Files (x86)\testerq\python\lib\site-packages\falcon_multipart-0.2.0-py3.7.egg
  C:\Program Files (x86)\testerq\python\lib\site-packages\jsonpatch-1.24-py3.7.egg
  C:\Program Files (x86)\testerq\python\lib\site-packages\webtest-2.0.33-py3.7.egg
  C:\Program Files (x86)\testerq\python\lib\site-packages\psutil-5.6.3-py3.7-win32.egg
  C:\Program Files (x86)\testerq\python\lib\site-packages\greenlet-0.4.15-py3.7-win32.egg
  C:\Program Files (x86)\testerq\python\lib\site-packages\cffi-1.12.3-py3.7-win32.egg
  C:\Program Files (x86)\testerq\python\lib\site-packages\waitress-1.3.0-py3.7.egg
  C:\Program Files (x86)\testerq\python\lib\site-packages\beautifulsoup4-4.8.0-py3.7.egg
  C:\Program Files (x86)\testerq\python\lib\site-packages\webob-1.8.5-py3.7.egg
  C:\Program Files (x86)\testerq\python\lib\site-packages\pycparser-2.19-py3.7.egg
  C:\Program Files (x86)\testerq\python\lib\site-packages\soupsieve-1.9.2-py3.7.egg
  C:\Program Files (x86)\testerq\python\lib\site-packages\win32
  C:\Program Files (x86)\testerq\python\lib\site-packages\win32\lib
  C:\Program Files (x86)\testerq\python\lib\site-packages\Pythonwin</msg>
<msg timestamp="20211021 11:23:16.569" level="WARN">Imported resource file 'D:\Users\nusahin\Documents\GitHub\ModaNisa_Interview\Resources\Config\Pages\Login.robot' is empty.</msg>
</errors>
</robot>
